<?xml version="1.0" encoding="UTF-8"?>
<coverage generated="1619448941520" clover="3.2.0">
  <project timestamp="1619448941520" name="All files">
    <metrics statements="785" coveredstatements="698" conditionals="819" coveredconditionals="528" methods="283" coveredmethods="188" elements="1887" coveredelements="1414" complexity="0" loc="785" ncloc="785" packages="20" files="32" classes="32"/>
    <package name="lib.actions">
      <metrics statements="8" coveredstatements="7" conditionals="0" coveredconditionals="0" methods="2" coveredmethods="1"/>
      <file name="index.js" path="/home/Christian/clone/little-differ-react/lib/actions/index.js">
        <metrics statements="8" coveredstatements="7" conditionals="0" coveredconditionals="0" methods="2" coveredmethods="1"/>
        <line num="3" count="2" type="stmt"/>
        <line num="6" count="2" type="stmt"/>
        <line num="9" count="2" type="stmt"/>
        <line num="10" count="74" type="stmt"/>
        <line num="16" count="2" type="stmt"/>
        <line num="18" count="2" type="stmt"/>
        <line num="19" count="0" type="stmt"/>
        <line num="26" count="2" type="stmt"/>
      </file>
    </package>
    <package name="lib.components.app">
      <metrics statements="39" coveredstatements="36" conditionals="83" coveredconditionals="47" methods="25" coveredmethods="18"/>
      <file name="component.js" path="/home/Christian/clone/little-differ-react/lib/components/app/component.js">
        <metrics statements="39" coveredstatements="36" conditionals="83" coveredconditionals="47" methods="25" coveredmethods="18"/>
        <line num="3" count="2" type="stmt"/>
        <line num="6" count="2" type="stmt"/>
        <line num="8" count="2" type="stmt"/>
        <line num="10" count="2" type="stmt"/>
        <line num="12" count="2" type="stmt"/>
        <line num="14" count="2" type="stmt"/>
        <line num="16" count="4" type="cond" truecount="3" falsecount="1"/>
        <line num="18" count="2" type="cond" truecount="1" falsecount="1"/>
        <line num="20" count="56" type="cond" truecount="18" falsecount="8"/>
        <line num="22" count="39" type="cond" truecount="3" falsecount="7"/>
        <line num="24" count="37" type="cond" truecount="1" falsecount="1"/>
        <line num="26" count="2" type="cond" truecount="3" falsecount="1"/>
        <line num="28" count="2" type="cond" truecount="2" falsecount="2"/>
        <line num="30" count="2" type="cond" truecount="5" falsecount="3"/>
        <line num="32" count="2" type="cond" truecount="1" falsecount="1"/>
        <line num="34" count="37" type="cond" truecount="1" falsecount="1"/>
        <line num="36" count="37" type="cond" truecount="3" falsecount="2"/>
        <line num="38" count="0" type="cond" truecount="0" falsecount="2"/>
        <line num="40" count="2" type="cond" truecount="5" falsecount="3"/>
        <line num="42" count="2" type="cond" truecount="1" falsecount="3"/>
        <line num="44" count="2" type="stmt"/>
        <line num="45" count="2" type="stmt"/>
        <line num="47" count="2" type="stmt"/>
        <line num="50" count="37" type="stmt"/>
        <line num="52" count="37" type="stmt"/>
        <line num="55" count="2" type="stmt"/>
        <line num="58" count="37" type="stmt"/>
        <line num="59" count="37" type="stmt"/>
        <line num="60" count="37" type="stmt"/>
        <line num="61" count="37" type="stmt"/>
        <line num="62" count="37" type="stmt"/>
        <line num="63" count="37" type="stmt"/>
        <line num="64" count="37" type="stmt"/>
        <line num="65" count="37" type="stmt"/>
        <line num="74" count="0" type="stmt"/>
        <line num="76" count="0" type="stmt"/>
        <line num="82" count="2" type="stmt"/>
        <line num="85" count="2" type="stmt"/>
        <line num="86" count="2" type="stmt"/>
      </file>
    </package>
    <package name="lib.components.ldrApp">
      <metrics statements="44" coveredstatements="39" conditionals="83" coveredconditionals="47" methods="29" coveredmethods="19"/>
      <file name="component.js" path="/home/Christian/clone/little-differ-react/lib/components/ldrApp/component.js">
        <metrics statements="44" coveredstatements="39" conditionals="83" coveredconditionals="47" methods="29" coveredmethods="19"/>
        <line num="3" count="2" type="stmt"/>
        <line num="6" count="2" type="stmt"/>
        <line num="8" count="2" type="stmt"/>
        <line num="10" count="2" type="stmt"/>
        <line num="12" count="2" type="stmt"/>
        <line num="14" count="2" type="stmt"/>
        <line num="16" count="2" type="stmt"/>
        <line num="18" count="2" type="stmt"/>
        <line num="20" count="4" type="cond" truecount="3" falsecount="1"/>
        <line num="22" count="2" type="cond" truecount="1" falsecount="1"/>
        <line num="24" count="56" type="cond" truecount="18" falsecount="8"/>
        <line num="26" count="39" type="cond" truecount="3" falsecount="7"/>
        <line num="28" count="37" type="cond" truecount="1" falsecount="1"/>
        <line num="30" count="2" type="cond" truecount="3" falsecount="1"/>
        <line num="32" count="2" type="cond" truecount="2" falsecount="2"/>
        <line num="34" count="2" type="cond" truecount="5" falsecount="3"/>
        <line num="36" count="2" type="cond" truecount="1" falsecount="1"/>
        <line num="38" count="37" type="cond" truecount="1" falsecount="1"/>
        <line num="40" count="37" type="cond" truecount="3" falsecount="2"/>
        <line num="42" count="0" type="cond" truecount="0" falsecount="2"/>
        <line num="44" count="2" type="cond" truecount="5" falsecount="3"/>
        <line num="46" count="2" type="cond" truecount="1" falsecount="3"/>
        <line num="48" count="2" type="stmt"/>
        <line num="49" count="2" type="stmt"/>
        <line num="51" count="2" type="stmt"/>
        <line num="54" count="37" type="stmt"/>
        <line num="56" count="37" type="stmt"/>
        <line num="59" count="2" type="stmt"/>
        <line num="62" count="398" type="stmt"/>
        <line num="63" count="398" type="stmt"/>
        <line num="64" count="398" type="stmt"/>
        <line num="65" count="398" type="stmt"/>
        <line num="66" count="398" type="stmt"/>
        <line num="67" count="398" type="stmt"/>
        <line num="68" count="398" type="stmt"/>
        <line num="69" count="398" type="stmt"/>
        <line num="92" count="0" type="stmt"/>
        <line num="102" count="0" type="stmt"/>
        <line num="112" count="0" type="stmt"/>
        <line num="121" count="0" type="stmt"/>
        <line num="127" count="2" type="stmt"/>
        <line num="131" count="722" type="stmt"/>
        <line num="136" count="2" type="stmt"/>
        <line num="138" count="2" type="stmt"/>
      </file>
    </package>
    <package name="lib.components.mergePanels">
      <metrics statements="64" coveredstatements="59" conditionals="83" coveredconditionals="50" methods="35" coveredmethods="25"/>
      <file name="component.js" path="/home/Christian/clone/little-differ-react/lib/components/mergePanels/component.js">
        <metrics statements="64" coveredstatements="59" conditionals="83" coveredconditionals="50" methods="35" coveredmethods="25"/>
        <line num="3" count="2" type="stmt"/>
        <line num="6" count="2" type="stmt"/>
        <line num="8" count="2" type="stmt"/>
        <line num="10" count="2" type="stmt"/>
        <line num="12" count="2" type="stmt"/>
        <line num="14" count="2" type="stmt"/>
        <line num="16" count="2" type="stmt"/>
        <line num="18" count="2" type="stmt"/>
        <line num="20" count="2" type="stmt"/>
        <line num="22" count="2" type="stmt"/>
        <line num="24" count="2" type="stmt"/>
        <line num="26" count="2" type="stmt"/>
        <line num="28" count="10" type="cond" truecount="3" falsecount="1"/>
        <line num="30" count="2" type="cond" truecount="1" falsecount="1"/>
        <line num="32" count="56" type="cond" truecount="19" falsecount="7"/>
        <line num="34" count="39" type="cond" truecount="3" falsecount="7"/>
        <line num="36" count="37" type="cond" truecount="1" falsecount="1"/>
        <line num="38" count="12" type="cond" truecount="3" falsecount="1"/>
        <line num="40" count="4" type="cond" truecount="4" falsecount="0"/>
        <line num="42" count="2" type="cond" truecount="5" falsecount="3"/>
        <line num="44" count="2" type="cond" truecount="1" falsecount="1"/>
        <line num="46" count="37" type="cond" truecount="1" falsecount="1"/>
        <line num="48" count="37" type="cond" truecount="3" falsecount="2"/>
        <line num="50" count="0" type="cond" truecount="0" falsecount="2"/>
        <line num="52" count="2" type="cond" truecount="5" falsecount="3"/>
        <line num="54" count="2" type="cond" truecount="1" falsecount="3"/>
        <line num="59" count="2" type="stmt"/>
        <line num="61" count="2" type="stmt"/>
        <line num="62" count="2" type="stmt"/>
        <line num="64" count="2" type="stmt"/>
        <line num="66" count="2" type="stmt"/>
        <line num="69" count="0" type="stmt"/>
        <line num="74" count="74" type="stmt"/>
        <line num="79" count="76" type="stmt"/>
        <line num="80" count="76" type="stmt"/>
        <line num="85" count="76" type="stmt"/>
        <line num="96" count="37" type="stmt"/>
        <line num="98" count="37" type="stmt"/>
        <line num="99" count="37" type="stmt"/>
        <line num="100" count="37" type="stmt"/>
        <line num="101" count="37" type="stmt"/>
        <line num="104" count="2" type="stmt"/>
        <line num="107" count="37" type="stmt"/>
        <line num="121" count="37" type="stmt"/>
        <line num="122" count="37" type="stmt"/>
        <line num="123" count="37" type="stmt"/>
        <line num="124" count="37" type="stmt"/>
        <line num="132" count="37" type="stmt"/>
        <line num="133" count="37" type="stmt"/>
        <line num="135" count="37" type="stmt"/>
        <line num="136" count="37" type="stmt"/>
        <line num="137" count="37" type="stmt"/>
        <line num="138" count="37" type="stmt"/>
        <line num="139" count="37" type="stmt"/>
        <line num="140" count="37" type="stmt"/>
        <line num="158" count="0" type="stmt"/>
        <line num="162" count="76" type="stmt"/>
        <line num="182" count="0" type="stmt"/>
        <line num="186" count="76" type="stmt"/>
        <line num="206" count="0" type="stmt"/>
        <line num="210" count="76" type="stmt"/>
        <line num="216" count="2" type="stmt"/>
        <line num="219" count="2" type="stmt"/>
        <line num="220" count="2" type="stmt"/>
      </file>
    </package>
    <package name="lib.components.revisedPanel">
      <metrics statements="43" coveredstatements="35" conditionals="83" coveredconditionals="48" methods="29" coveredmethods="19"/>
      <file name="component.js" path="/home/Christian/clone/little-differ-react/lib/components/revisedPanel/component.js">
        <metrics statements="43" coveredstatements="35" conditionals="83" coveredconditionals="48" methods="29" coveredmethods="19"/>
        <line num="3" count="2" type="stmt"/>
        <line num="6" count="2" type="stmt"/>
        <line num="8" count="2" type="stmt"/>
        <line num="10" count="2" type="stmt"/>
        <line num="12" count="2" type="stmt"/>
        <line num="14" count="2" type="stmt"/>
        <line num="16" count="2" type="stmt"/>
        <line num="18" count="2" type="stmt"/>
        <line num="20" count="2" type="stmt"/>
        <line num="22" count="2" type="stmt"/>
        <line num="24" count="6" type="cond" truecount="3" falsecount="1"/>
        <line num="26" count="2" type="cond" truecount="1" falsecount="1"/>
        <line num="28" count="56" type="cond" truecount="19" falsecount="7"/>
        <line num="30" count="39" type="cond" truecount="3" falsecount="7"/>
        <line num="32" count="37" type="cond" truecount="1" falsecount="1"/>
        <line num="34" count="4" type="cond" truecount="3" falsecount="1"/>
        <line num="36" count="2" type="cond" truecount="2" falsecount="2"/>
        <line num="38" count="2" type="cond" truecount="5" falsecount="3"/>
        <line num="40" count="2" type="cond" truecount="1" falsecount="1"/>
        <line num="42" count="37" type="cond" truecount="1" falsecount="1"/>
        <line num="44" count="37" type="cond" truecount="3" falsecount="2"/>
        <line num="46" count="0" type="cond" truecount="0" falsecount="2"/>
        <line num="48" count="2" type="cond" truecount="5" falsecount="3"/>
        <line num="50" count="2" type="cond" truecount="1" falsecount="3"/>
        <line num="52" count="2" type="stmt"/>
        <line num="53" count="2" type="stmt"/>
        <line num="55" count="2" type="stmt"/>
        <line num="58" count="37" type="stmt"/>
        <line num="60" count="37" type="stmt"/>
        <line num="63" count="2" type="stmt"/>
        <line num="66" count="398" type="stmt"/>
        <line num="67" count="398" type="stmt"/>
        <line num="90" count="0" type="stmt"/>
        <line num="91" count="0" type="stmt"/>
        <line num="94" count="0" type="stmt"/>
        <line num="95" count="0" type="stmt"/>
        <line num="98" count="0" type="stmt"/>
        <line num="99" count="0" type="stmt"/>
        <line num="106" count="0" type="stmt"/>
        <line num="110" count="2" type="stmt"/>
        <line num="114" count="398" type="stmt"/>
        <line num="119" count="2" type="stmt"/>
        <line num="121" count="2" type="stmt"/>
      </file>
    </package>
    <package name="lib.components.tripleDiffView">
      <metrics statements="195" coveredstatements="174" conditionals="241" coveredconditionals="170" methods="67" coveredmethods="45"/>
      <file name="component.js" path="/home/Christian/clone/little-differ-react/lib/components/tripleDiffView/component.js">
        <metrics statements="151" coveredstatements="137" conditionals="160" coveredconditionals="121" methods="37" coveredmethods="27"/>
        <line num="3" count="2" type="stmt"/>
        <line num="6" count="2" type="stmt"/>
        <line num="8" count="2" type="stmt"/>
        <line num="10" count="2" type="stmt"/>
        <line num="12" count="2" type="stmt"/>
        <line num="14" count="2" type="stmt"/>
        <line num="16" count="2" type="stmt"/>
        <line num="18" count="6" type="cond" truecount="3" falsecount="1"/>
        <line num="20" count="2" type="cond" truecount="1" falsecount="1"/>
        <line num="22" count="56" type="cond" truecount="19" falsecount="7"/>
        <line num="24" count="1186" type="cond" truecount="3" falsecount="7"/>
        <line num="26" count="111" type="cond" truecount="1" falsecount="1"/>
        <line num="28" count="20" type="cond" truecount="3" falsecount="1"/>
        <line num="30" count="2" type="cond" truecount="2" falsecount="2"/>
        <line num="32" count="2" type="cond" truecount="5" falsecount="3"/>
        <line num="34" count="2" type="cond" truecount="1" falsecount="1"/>
        <line num="36" count="111" type="cond" truecount="1" falsecount="1"/>
        <line num="38" count="111" type="cond" truecount="3" falsecount="2"/>
        <line num="40" count="0" type="cond" truecount="0" falsecount="2"/>
        <line num="42" count="2" type="cond" truecount="5" falsecount="3"/>
        <line num="44" count="2" type="cond" truecount="1" falsecount="3"/>
        <line num="46" count="2" type="stmt"/>
        <line num="47" count="2" type="stmt"/>
        <line num="49" count="2" type="stmt"/>
        <line num="52" count="111" type="stmt"/>
        <line num="54" count="111" type="stmt"/>
        <line num="57" count="2" type="stmt"/>
        <line num="66" count="0" type="stmt"/>
        <line num="67" count="0" type="stmt"/>
        <line num="83" count="0" type="stmt"/>
        <line num="84" count="0" type="stmt"/>
        <line num="85" count="0" type="stmt"/>
        <line num="86" count="0" type="stmt"/>
        <line num="87" count="0" type="stmt"/>
        <line num="89" count="0" type="stmt"/>
        <line num="90" count="0" type="stmt"/>
        <line num="100" count="596" type="stmt"/>
        <line num="102" count="596" type="stmt"/>
        <line num="105" count="596" type="cond" truecount="2" falsecount="0"/>
        <line num="106" count="71" type="stmt"/>
        <line num="107" count="525" type="cond" truecount="2" falsecount="0"/>
        <line num="108" count="20" type="stmt"/>
        <line num="110" count="505" type="stmt"/>
        <line num="113" count="596" type="cond" truecount="2" falsecount="0"/>
        <line num="114" count="78" type="stmt"/>
        <line num="122" count="0" type="stmt"/>
        <line num="129" count="518" type="stmt"/>
        <line num="133" count="0" type="stmt"/>
        <line num="146" count="455" type="stmt"/>
        <line num="147" count="455" type="stmt"/>
        <line num="148" count="455" type="stmt"/>
        <line num="149" count="455" type="stmt"/>
        <line num="150" count="455" type="stmt"/>
        <line num="151" count="455" type="stmt"/>
        <line num="152" count="455" type="stmt"/>
        <line num="153" count="455" type="stmt"/>
        <line num="154" count="455" type="stmt"/>
        <line num="155" count="455" type="stmt"/>
        <line num="156" count="455" type="stmt"/>
        <line num="157" count="455" type="stmt"/>
        <line num="159" count="455" type="cond" truecount="2" falsecount="0"/>
        <line num="161" count="151" type="stmt"/>
        <line num="162" count="151" type="stmt"/>
        <line num="163" count="151" type="stmt"/>
        <line num="164" count="304" type="cond" truecount="2" falsecount="0"/>
        <line num="165" count="148" type="stmt"/>
        <line num="166" count="148" type="stmt"/>
        <line num="167" count="148" type="stmt"/>
        <line num="168" count="156" type="cond" truecount="1" falsecount="1"/>
        <line num="169" count="156" type="stmt"/>
        <line num="170" count="156" type="stmt"/>
        <line num="171" count="156" type="stmt"/>
        <line num="174" count="455" type="cond" truecount="2" falsecount="0"/>
        <line num="175" count="87" type="stmt"/>
        <line num="178" count="455" type="cond" truecount="2" falsecount="0"/>
        <line num="179" count="181" type="stmt"/>
        <line num="180" count="274" type="cond" truecount="2" falsecount="0"/>
        <line num="181" count="63" type="stmt"/>
        <line num="182" count="211" type="cond" truecount="1" falsecount="1"/>
        <line num="183" count="0" type="stmt"/>
        <line num="186" count="455" type="cond" truecount="2" falsecount="0"/>
        <line num="187" count="123" type="stmt"/>
        <line num="188" count="332" type="cond" truecount="2" falsecount="0"/>
        <line num="189" count="73" type="stmt"/>
        <line num="190" count="259" type="cond" truecount="1" falsecount="1"/>
        <line num="191" count="0" type="stmt"/>
        <line num="194" count="455" type="cond" truecount="5" falsecount="0"/>
        <line num="195" count="286" type="stmt"/>
        <line num="199" count="169" type="cond" truecount="6" falsecount="0"/>
        <line num="200" count="21" type="stmt"/>
        <line num="201" count="21" type="stmt"/>
        <line num="204" count="21" type="cond" truecount="2" falsecount="0"/>
        <line num="205" count="19" type="stmt"/>
        <line num="207" count="2" type="stmt"/>
        <line num="209" count="2" type="cond" truecount="1" falsecount="1"/>
        <line num="210" count="2" type="stmt"/>
        <line num="213" count="148" type="cond" truecount="6" falsecount="0"/>
        <line num="214" count="42" type="stmt"/>
        <line num="215" count="106" type="cond" truecount="6" falsecount="0"/>
        <line num="216" count="52" type="stmt"/>
        <line num="219" count="169" type="stmt"/>
        <line num="229" count="231" type="stmt"/>
        <line num="245" count="228" type="stmt"/>
        <line num="246" count="228" type="stmt"/>
        <line num="247" count="228" type="stmt"/>
        <line num="248" count="228" type="stmt"/>
        <line num="249" count="228" type="stmt"/>
        <line num="250" count="228" type="stmt"/>
        <line num="252" count="228" type="stmt"/>
        <line num="253" count="228" type="stmt"/>
        <line num="254" count="228" type="stmt"/>
        <line num="265" count="40" type="stmt"/>
        <line num="266" count="40" type="stmt"/>
        <line num="284" count="382" type="stmt"/>
        <line num="286" count="382" type="stmt"/>
        <line num="287" count="382" type="stmt"/>
        <line num="288" count="954" type="stmt"/>
        <line num="291" count="954" type="stmt"/>
        <line num="292" count="954" type="stmt"/>
        <line num="293" count="954" type="stmt"/>
        <line num="294" count="954" type="stmt"/>
        <line num="295" count="954" type="stmt"/>
        <line num="297" count="954" type="cond" truecount="2" falsecount="0"/>
        <line num="298" count="231" type="stmt"/>
        <line num="303" count="723" type="cond" truecount="2" falsecount="0"/>
        <line num="304" count="87" type="stmt"/>
        <line num="309" count="636" type="cond" truecount="2" falsecount="0"/>
        <line num="310" count="78" type="stmt"/>
        <line num="311" count="558" type="cond" truecount="2" falsecount="0"/>
        <line num="312" count="71" type="stmt"/>
        <line num="313" count="487" type="cond" truecount="2" falsecount="0"/>
        <line num="314" count="20" type="stmt"/>
        <line num="315" count="467" type="cond" truecount="4" falsecount="0"/>
        <line num="316" count="40" type="stmt"/>
        <line num="319" count="636" type="cond" truecount="2" falsecount="0"/>
        <line num="320" count="40" type="stmt"/>
        <line num="324" count="596" type="cond" truecount="2" falsecount="0"/>
        <line num="325" count="228" type="stmt"/>
        <line num="326" count="368" type="cond" truecount="6" falsecount="0"/>
        <line num="327" count="20" type="stmt"/>
        <line num="331" count="348" type="stmt"/>
        <line num="346" count="111" type="stmt"/>
        <line num="347" count="111" type="stmt"/>
        <line num="348" count="111" type="stmt"/>
        <line num="358" count="169" type="stmt"/>
        <line num="360" count="169" type="stmt"/>
        <line num="361" count="254" type="stmt"/>
        <line num="364" count="169" type="stmt"/>
        <line num="373" count="2" type="stmt"/>
        <line num="376" count="2" type="stmt"/>
        <line num="377" count="2" type="stmt"/>
      </file>
      <file name="node.js" path="/home/Christian/clone/little-differ-react/lib/components/tripleDiffView/node.js">
        <metrics statements="44" coveredstatements="37" conditionals="81" coveredconditionals="49" methods="30" coveredmethods="18"/>
        <line num="3" count="2" type="stmt"/>
        <line num="6" count="2" type="stmt"/>
        <line num="8" count="2" type="stmt"/>
        <line num="10" count="2" type="cond" truecount="1" falsecount="1"/>
        <line num="12" count="56" type="cond" truecount="18" falsecount="8"/>
        <line num="14" count="598" type="cond" truecount="3" falsecount="7"/>
        <line num="16" count="596" type="cond" truecount="1" falsecount="1"/>
        <line num="18" count="6" type="cond" truecount="3" falsecount="1"/>
        <line num="20" count="4" type="cond" truecount="4" falsecount="0"/>
        <line num="22" count="2" type="cond" truecount="5" falsecount="3"/>
        <line num="24" count="2" type="cond" truecount="1" falsecount="1"/>
        <line num="26" count="596" type="cond" truecount="1" falsecount="1"/>
        <line num="28" count="596" type="cond" truecount="3" falsecount="2"/>
        <line num="30" count="596" type="cond" truecount="1" falsecount="1"/>
        <line num="32" count="2" type="cond" truecount="5" falsecount="3"/>
        <line num="34" count="2" type="cond" truecount="1" falsecount="3"/>
        <line num="37" count="2" type="stmt"/>
        <line num="38" count="2" type="stmt"/>
        <line num="40" count="2" type="stmt"/>
        <line num="42" count="2" type="stmt"/>
        <line num="45" count="0" type="stmt"/>
        <line num="50" count="0" type="stmt"/>
        <line num="57" count="596" type="stmt"/>
        <line num="59" count="596" type="stmt"/>
        <line num="60" count="596" type="stmt"/>
        <line num="61" count="596" type="stmt"/>
        <line num="69" count="2" type="stmt"/>
        <line num="72" count="596" type="stmt"/>
        <line num="73" count="596" type="stmt"/>
        <line num="74" count="596" type="stmt"/>
        <line num="75" count="596" type="stmt"/>
        <line num="76" count="596" type="stmt"/>
        <line num="77" count="596" type="stmt"/>
        <line num="78" count="596" type="stmt"/>
        <line num="79" count="596" type="stmt"/>
        <line num="80" count="596" type="stmt"/>
        <line num="91" count="0" type="stmt"/>
        <line num="94" count="0" type="stmt"/>
        <line num="97" count="0" type="stmt"/>
        <line num="100" count="0" type="stmt"/>
        <line num="103" count="0" type="stmt"/>
        <line num="110" count="2" type="stmt"/>
        <line num="113" count="2" type="stmt"/>
        <line num="114" count="2" type="stmt"/>
      </file>
    </package>
    <package name="lib.constants">
      <metrics statements="26" coveredstatements="26" conditionals="0" coveredconditionals="0" methods="0" coveredmethods="0"/>
      <file name="index.js" path="/home/Christian/clone/little-differ-react/lib/constants/index.js">
        <metrics statements="26" coveredstatements="26" conditionals="0" coveredconditionals="0" methods="0" coveredmethods="0"/>
        <line num="3" count="2" type="stmt"/>
        <line num="6" count="2" type="stmt"/>
        <line num="7" count="2" type="stmt"/>
        <line num="8" count="2" type="stmt"/>
        <line num="9" count="2" type="stmt"/>
        <line num="10" count="2" type="stmt"/>
        <line num="11" count="2" type="stmt"/>
        <line num="12" count="2" type="stmt"/>
        <line num="13" count="2" type="stmt"/>
        <line num="14" count="2" type="stmt"/>
        <line num="15" count="2" type="stmt"/>
        <line num="16" count="2" type="stmt"/>
        <line num="17" count="2" type="stmt"/>
        <line num="18" count="2" type="stmt"/>
        <line num="19" count="2" type="stmt"/>
        <line num="20" count="2" type="stmt"/>
        <line num="21" count="2" type="stmt"/>
        <line num="22" count="2" type="stmt"/>
        <line num="23" count="2" type="stmt"/>
        <line num="24" count="2" type="stmt"/>
        <line num="25" count="2" type="stmt"/>
        <line num="26" count="2" type="stmt"/>
        <line num="27" count="2" type="stmt"/>
        <line num="28" count="2" type="stmt"/>
        <line num="29" count="2" type="stmt"/>
        <line num="30" count="2" type="stmt"/>
      </file>
    </package>
    <package name="lib.reducers">
      <metrics statements="21" coveredstatements="20" conditionals="25" coveredconditionals="18" methods="8" coveredmethods="6"/>
      <file name="index.js" path="/home/Christian/clone/little-differ-react/lib/reducers/index.js">
        <metrics statements="21" coveredstatements="20" conditionals="25" coveredconditionals="18" methods="8" coveredmethods="6"/>
        <line num="3" count="3" type="stmt"/>
        <line num="6" count="3" type="stmt"/>
        <line num="7" count="3" type="stmt"/>
        <line num="9" count="3" type="stmt"/>
        <line num="11" count="764" type="cond" truecount="2" falsecount="2"/>
        <line num="13" count="1146" type="cond" truecount="4" falsecount="2"/>
        <line num="15" count="629" type="cond" truecount="1" falsecount="1"/>
        <line num="17" count="3" type="stmt"/>
        <line num="38" count="308" type="stmt"/>
        <line num="40" count="308" type="cond" truecount="2" falsecount="0"/>
        <line num="41" count="77" type="stmt"/>
        <line num="44" count="231" type="cond" truecount="2" falsecount="0"/>
        <line num="45" count="158" type="stmt"/>
        <line num="48" count="73" type="stmt"/>
        <line num="52" count="76" type="cond" truecount="4" falsecount="0"/>
        <line num="53" count="76" type="cond" truecount="1" falsecount="1"/>
        <line num="54" count="76" type="stmt"/>
        <line num="56" count="76" type="cond" truecount="2" falsecount="1"/>
        <line num="58" count="0" type="stmt"/>
        <line num="63" count="74" type="stmt"/>
        <line num="68" count="2" type="stmt"/>
      </file>
    </package>
    <package name="lib.store">
      <metrics statements="7" coveredstatements="7" conditionals="0" coveredconditionals="0" methods="0" coveredmethods="0"/>
      <file name="index.js" path="/home/Christian/clone/little-differ-react/lib/store/index.js">
        <metrics statements="7" coveredstatements="7" conditionals="0" coveredconditionals="0" methods="0" coveredmethods="0"/>
        <line num="3" count="2" type="stmt"/>
        <line num="6" count="2" type="stmt"/>
        <line num="8" count="2" type="stmt"/>
        <line num="10" count="2" type="stmt"/>
        <line num="13" count="2" type="stmt"/>
        <line num="14" count="2" type="stmt"/>
        <line num="15" count="2" type="stmt"/>
      </file>
    </package>
    <package name="lib.utils">
      <metrics statements="88" coveredstatements="81" conditionals="107" coveredconditionals="40" methods="26" coveredmethods="18"/>
      <file name="addPairToTempDoc.js" path="/home/Christian/clone/little-differ-react/lib/utils/addPairToTempDoc.js">
        <metrics statements="6" coveredstatements="6" conditionals="0" coveredconditionals="0" methods="1" coveredmethods="1"/>
        <line num="3" count="3" type="stmt"/>
        <line num="6" count="3" type="stmt"/>
        <line num="8" count="3" type="stmt"/>
        <line num="14" count="77" type="stmt"/>
        <line num="17" count="3" type="stmt"/>
        <line num="18" count="3" type="stmt"/>
      </file>
      <file name="countNestedObject.js" path="/home/Christian/clone/little-differ-react/lib/utils/countNestedObject.js">
        <metrics statements="28" coveredstatements="25" conditionals="53" coveredconditionals="20" methods="11" coveredmethods="7"/>
        <line num="3" count="3" type="stmt"/>
        <line num="6" count="3" type="stmt"/>
        <line num="8" count="88" type="cond" truecount="1" falsecount="3"/>
        <line num="10" count="0" type="stmt"/>
        <line num="12" count="0" type="cond" truecount="0" falsecount="16"/>
        <line num="14" count="0" type="cond" truecount="0" falsecount="4"/>
        <line num="16" count="88" type="cond" truecount="1" falsecount="1"/>
        <line num="18" count="139" type="cond" truecount="2" falsecount="2"/>
        <line num="20" count="185" type="cond" truecount="3" falsecount="7"/>
        <line num="23" count="208" type="stmt"/>
        <line num="24" count="208" type="stmt"/>
        <line num="25" count="208" type="stmt"/>
        <line num="26" count="304" type="stmt"/>
        <line num="28" count="304" type="cond" truecount="4" falsecount="0"/>
        <line num="29" count="142" type="stmt"/>
        <line num="31" count="142" type="cond" truecount="2" falsecount="0"/>
        <line num="32" count="140" type="cond" truecount="2" falsecount="0"/>
        <line num="33" count="43" type="stmt"/>
        <line num="34" count="43" type="stmt"/>
        <line num="35" count="43" type="stmt"/>
        <line num="37" count="97" type="stmt"/>
        <line num="40" count="162" type="cond" truecount="5" falsecount="0"/>
        <line num="41" count="45" type="stmt"/>
        <line num="42" count="45" type="stmt"/>
        <line num="43" count="45" type="stmt"/>
        <line num="46" count="208" type="stmt"/>
        <line num="49" count="3" type="stmt"/>
        <line num="50" count="3" type="stmt"/>
      </file>
      <file name="getMatchByKey.js" path="/home/Christian/clone/little-differ-react/lib/utils/getMatchByKey.js">
        <metrics statements="13" coveredstatements="13" conditionals="6" coveredconditionals="6" methods="1" coveredmethods="1"/>
        <line num="3" count="1" type="stmt"/>
        <line num="6" count="1" type="stmt"/>
        <line num="17" count="55" type="cond" truecount="2" falsecount="0"/>
        <line num="18" count="1" type="stmt"/>
        <line num="21" count="54" type="cond" truecount="2" falsecount="0"/>
        <line num="23" count="44" type="stmt"/>
        <line num="24" count="44" type="stmt"/>
        <line num="27" count="10" type="cond" truecount="2" falsecount="0"/>
        <line num="28" count="9" type="stmt"/>
        <line num="29" count="9" type="stmt"/>
        <line num="32" count="1" type="stmt"/>
        <line num="35" count="1" type="stmt"/>
        <line num="36" count="1" type="stmt"/>
      </file>
      <file name="getPathsArray.js" path="/home/Christian/clone/little-differ-react/lib/utils/getPathsArray.js">
        <metrics statements="21" coveredstatements="18" conditionals="44" coveredconditionals="11" methods="11" coveredmethods="7"/>
        <line num="3" count="1" type="stmt"/>
        <line num="6" count="1" type="stmt"/>
        <line num="8" count="8" type="cond" truecount="1" falsecount="3"/>
        <line num="10" count="0" type="stmt"/>
        <line num="12" count="0" type="cond" truecount="0" falsecount="16"/>
        <line num="14" count="0" type="cond" truecount="0" falsecount="4"/>
        <line num="16" count="8" type="cond" truecount="1" falsecount="1"/>
        <line num="18" count="66" type="cond" truecount="2" falsecount="2"/>
        <line num="20" count="20" type="cond" truecount="3" falsecount="7"/>
        <line num="29" count="9" type="stmt"/>
        <line num="31" count="9" type="stmt"/>
        <line num="32" count="9" type="stmt"/>
        <line num="33" count="20" type="stmt"/>
        <line num="34" count="20" type="stmt"/>
        <line num="36" count="20" type="cond" truecount="4" falsecount="0"/>
        <line num="37" count="8" type="stmt"/>
        <line num="38" count="8" type="stmt"/>
        <line num="40" count="12" type="stmt"/>
        <line num="43" count="9" type="stmt"/>
        <line num="46" count="1" type="stmt"/>
        <line num="47" count="1" type="stmt"/>
      </file>
      <file name="getRevValue.js" path="/home/Christian/clone/little-differ-react/lib/utils/getRevValue.js">
        <metrics statements="10" coveredstatements="9" conditionals="2" coveredconditionals="1" methods="1" coveredmethods="1"/>
        <line num="3" count="3" type="stmt"/>
        <line num="6" count="3" type="stmt"/>
        <line num="13" count="114" type="stmt"/>
        <line num="15" count="114" type="cond" truecount="1" falsecount="1"/>
        <line num="16" count="0" type="stmt"/>
        <line num="19" count="114" type="stmt"/>
        <line num="20" count="114" type="stmt"/>
        <line num="21" count="114" type="stmt"/>
        <line num="24" count="3" type="stmt"/>
        <line num="25" count="3" type="stmt"/>
      </file>
      <file name="getValue.js" path="/home/Christian/clone/little-differ-react/lib/utils/getValue.js">
        <metrics statements="10" coveredstatements="10" conditionals="2" coveredconditionals="2" methods="1" coveredmethods="1"/>
        <line num="3" count="3" type="stmt"/>
        <line num="6" count="3" type="stmt"/>
        <line num="16" count="931" type="stmt"/>
        <line num="17" count="931" type="stmt"/>
        <line num="19" count="931" type="cond" truecount="2" falsecount="0"/>
        <line num="20" count="701" type="stmt"/>
        <line num="21" count="701" type="stmt"/>
        <line num="24" count="230" type="stmt"/>
        <line num="27" count="3" type="stmt"/>
        <line num="28" count="3" type="stmt"/>
      </file>
    </package>
    <package name="src.actions">
      <metrics statements="2" coveredstatements="2" conditionals="0" coveredconditionals="0" methods="2" coveredmethods="1"/>
      <file name="index.tsx" path="/home/Christian/clone/little-differ-react/src/actions/index.tsx">
        <metrics statements="2" coveredstatements="2" conditionals="0" coveredconditionals="0" methods="2" coveredmethods="1"/>
        <line num="12" count="74" type="stmt"/>
        <line num="17" count="2" type="stmt"/>
      </file>
    </package>
    <package name="src.components.app">
      <metrics statements="4" coveredstatements="2" conditionals="0" coveredconditionals="0" methods="2" coveredmethods="1"/>
      <file name="component.tsx" path="/home/Christian/clone/little-differ-react/src/components/app/component.tsx">
        <metrics statements="4" coveredstatements="2" conditionals="0" coveredconditionals="0" methods="2" coveredmethods="1"/>
        <line num="19" count="37" type="stmt"/>
        <line num="21" count="37" type="stmt"/>
        <line num="30" count="0" type="stmt"/>
        <line num="31" count="0" type="stmt"/>
      </file>
    </package>
    <package name="src.components.ldrApp">
      <metrics statements="7" coveredstatements="3" conditionals="0" coveredconditionals="0" methods="6" coveredmethods="2"/>
      <file name="component.tsx" path="/home/Christian/clone/little-differ-react/src/components/ldrApp/component.tsx">
        <metrics statements="7" coveredstatements="3" conditionals="0" coveredconditionals="0" methods="6" coveredmethods="2"/>
        <line num="24" count="398" type="stmt"/>
        <line num="26" count="398" type="stmt"/>
        <line num="45" count="0" type="stmt"/>
        <line num="54" count="0" type="stmt"/>
        <line num="63" count="0" type="stmt"/>
        <line num="72" count="0" type="stmt"/>
        <line num="86" count="722" type="stmt"/>
      </file>
    </package>
    <package name="src.components.mergePanels">
      <metrics statements="25" coveredstatements="21" conditionals="0" coveredconditionals="0" methods="13" coveredmethods="9"/>
      <file name="component.tsx" path="/home/Christian/clone/little-differ-react/src/components/mergePanels/component.tsx">
        <metrics statements="25" coveredstatements="21" conditionals="0" coveredconditionals="0" methods="13" coveredmethods="9"/>
        <line num="29" count="2" type="stmt"/>
        <line num="33" count="0" type="stmt"/>
        <line num="37" count="74" type="stmt"/>
        <line num="41" count="76" type="stmt"/>
        <line num="42" count="76" type="stmt"/>
        <line num="46" count="76" type="stmt"/>
        <line num="53" count="37" type="stmt"/>
        <line num="54" count="37" type="stmt"/>
        <line num="55" count="37" type="stmt"/>
        <line num="59" count="37" type="stmt"/>
        <line num="71" count="37" type="stmt"/>
        <line num="80" count="37" type="stmt"/>
        <line num="81" count="37" type="stmt"/>
        <line num="82" count="37" type="stmt"/>
        <line num="83" count="37" type="stmt"/>
        <line num="84" count="37" type="stmt"/>
        <line num="85" count="37" type="stmt"/>
        <line num="86" count="37" type="stmt"/>
        <line num="88" count="37" type="stmt"/>
        <line num="107" count="0" type="stmt"/>
        <line num="109" count="76" type="stmt"/>
        <line num="133" count="0" type="stmt"/>
        <line num="137" count="76" type="stmt"/>
        <line num="161" count="0" type="stmt"/>
        <line num="163" count="76" type="stmt"/>
      </file>
    </package>
    <package name="src.components.revisedPanel">
      <metrics statements="7" coveredstatements="3" conditionals="0" coveredconditionals="0" methods="6" coveredmethods="2"/>
      <file name="component.tsx" path="/home/Christian/clone/little-differ-react/src/components/revisedPanel/component.tsx">
        <metrics statements="7" coveredstatements="3" conditionals="0" coveredconditionals="0" methods="6" coveredmethods="2"/>
        <line num="17" count="0" type="stmt"/>
        <line num="21" count="398" type="stmt"/>
        <line num="23" count="398" type="stmt"/>
        <line num="42" count="0" type="stmt"/>
        <line num="45" count="0" type="stmt"/>
        <line num="48" count="0" type="stmt"/>
        <line num="63" count="398" type="stmt"/>
      </file>
    </package>
    <package name="src.components.tripleDiffView">
      <metrics statements="131" coveredstatements="111" conditionals="79" coveredconditionals="75" methods="23" coveredmethods="12"/>
      <file name="component.tsx" path="/home/Christian/clone/little-differ-react/src/components/tripleDiffView/component.tsx">
        <metrics statements="119" coveredstatements="106" conditionals="77" coveredconditionals="73" methods="14" coveredmethods="10"/>
        <line num="23" count="0" type="stmt"/>
        <line num="25" count="0" type="stmt"/>
        <line num="46" count="0" type="stmt"/>
        <line num="47" count="0" type="stmt"/>
        <line num="48" count="0" type="stmt"/>
        <line num="49" count="0" type="stmt"/>
        <line num="50" count="0" type="stmt"/>
        <line num="51" count="0" type="stmt"/>
        <line num="52" count="0" type="stmt"/>
        <line num="62" count="596" type="stmt"/>
        <line num="66" count="596" type="cond" truecount="2" falsecount="0"/>
        <line num="67" count="71" type="stmt"/>
        <line num="68" count="525" type="cond" truecount="2" falsecount="0"/>
        <line num="69" count="20" type="stmt"/>
        <line num="71" count="505" type="stmt"/>
        <line num="74" count="596" type="cond" truecount="2" falsecount="0"/>
        <line num="75" count="78" type="stmt"/>
        <line num="81" count="0" type="stmt"/>
        <line num="98" count="518" type="stmt"/>
        <line num="103" count="0" type="stmt"/>
        <line num="121" count="455" type="stmt"/>
        <line num="123" count="455" type="stmt"/>
        <line num="124" count="455" type="stmt"/>
        <line num="125" count="455" type="stmt"/>
        <line num="126" count="455" type="stmt"/>
        <line num="127" count="455" type="stmt"/>
        <line num="128" count="455" type="stmt"/>
        <line num="129" count="455" type="stmt"/>
        <line num="130" count="455" type="stmt"/>
        <line num="131" count="455" type="stmt"/>
        <line num="132" count="455" type="stmt"/>
        <line num="133" count="455" type="stmt"/>
        <line num="135" count="455" type="cond" truecount="2" falsecount="0"/>
        <line num="137" count="151" type="stmt"/>
        <line num="138" count="151" type="stmt"/>
        <line num="139" count="151" type="stmt"/>
        <line num="140" count="304" type="cond" truecount="2" falsecount="0"/>
        <line num="141" count="148" type="stmt"/>
        <line num="142" count="148" type="stmt"/>
        <line num="143" count="148" type="stmt"/>
        <line num="144" count="156" type="cond" truecount="1" falsecount="1"/>
        <line num="145" count="156" type="stmt"/>
        <line num="146" count="156" type="stmt"/>
        <line num="147" count="156" type="stmt"/>
        <line num="149" count="455" type="cond" truecount="2" falsecount="0"/>
        <line num="150" count="87" type="stmt"/>
        <line num="152" count="455" type="cond" truecount="2" falsecount="0"/>
        <line num="153" count="181" type="stmt"/>
        <line num="154" count="274" type="cond" truecount="2" falsecount="0"/>
        <line num="155" count="63" type="stmt"/>
        <line num="156" count="211" type="cond" truecount="1" falsecount="1"/>
        <line num="157" count="0" type="stmt"/>
        <line num="159" count="455" type="cond" truecount="2" falsecount="0"/>
        <line num="160" count="123" type="stmt"/>
        <line num="161" count="332" type="cond" truecount="2" falsecount="0"/>
        <line num="162" count="73" type="stmt"/>
        <line num="163" count="259" type="cond" truecount="1" falsecount="1"/>
        <line num="164" count="0" type="stmt"/>
        <line num="166" count="455" type="cond" truecount="5" falsecount="0"/>
        <line num="168" count="286" type="stmt"/>
        <line num="172" count="169" type="cond" truecount="6" falsecount="0"/>
        <line num="174" count="21" type="stmt"/>
        <line num="175" count="21" type="stmt"/>
        <line num="178" count="21" type="cond" truecount="2" falsecount="0"/>
        <line num="179" count="19" type="stmt"/>
        <line num="181" count="2" type="stmt"/>
        <line num="182" count="2" type="cond" truecount="1" falsecount="1"/>
        <line num="183" count="2" type="stmt"/>
        <line num="186" count="148" type="cond" truecount="6" falsecount="0"/>
        <line num="188" count="42" type="stmt"/>
        <line num="189" count="106" type="cond" truecount="6" falsecount="0"/>
        <line num="191" count="52" type="stmt"/>
        <line num="194" count="169" type="stmt"/>
        <line num="206" count="231" type="stmt"/>
        <line num="227" count="228" type="stmt"/>
        <line num="228" count="228" type="stmt"/>
        <line num="229" count="228" type="stmt"/>
        <line num="230" count="228" type="stmt"/>
        <line num="231" count="228" type="stmt"/>
        <line num="232" count="228" type="stmt"/>
        <line num="234" count="228" type="stmt"/>
        <line num="236" count="228" type="stmt"/>
        <line num="237" count="228" type="stmt"/>
        <line num="248" count="40" type="stmt"/>
        <line num="250" count="40" type="stmt"/>
        <line num="273" count="382" type="stmt"/>
        <line num="275" count="382" type="stmt"/>
        <line num="278" count="954" type="stmt"/>
        <line num="280" count="954" type="stmt"/>
        <line num="281" count="954" type="stmt"/>
        <line num="282" count="954" type="stmt"/>
        <line num="283" count="954" type="stmt"/>
        <line num="284" count="954" type="stmt"/>
        <line num="286" count="954" type="cond" truecount="2" falsecount="0"/>
        <line num="287" count="231" type="stmt"/>
        <line num="291" count="723" type="cond" truecount="2" falsecount="0"/>
        <line num="292" count="87" type="stmt"/>
        <line num="297" count="636" type="cond" truecount="2" falsecount="0"/>
        <line num="298" count="78" type="stmt"/>
        <line num="299" count="558" type="cond" truecount="2" falsecount="0"/>
        <line num="300" count="71" type="stmt"/>
        <line num="301" count="487" type="cond" truecount="2" falsecount="0"/>
        <line num="302" count="20" type="stmt"/>
        <line num="303" count="467" type="cond" truecount="4" falsecount="0"/>
        <line num="305" count="40" type="stmt"/>
        <line num="308" count="636" type="cond" truecount="2" falsecount="0"/>
        <line num="309" count="40" type="stmt"/>
        <line num="315" count="596" type="cond" truecount="2" falsecount="0"/>
        <line num="316" count="228" type="stmt"/>
        <line num="321" count="368" type="cond" truecount="6" falsecount="0"/>
        <line num="325" count="20" type="stmt"/>
        <line num="339" count="348" type="stmt"/>
        <line num="361" count="169" type="stmt"/>
        <line num="362" count="169" type="stmt"/>
        <line num="363" count="254" type="stmt"/>
        <line num="365" count="169" type="stmt"/>
        <line num="374" count="111" type="stmt"/>
        <line num="376" count="111" type="stmt"/>
        <line num="378" count="111" type="stmt"/>
      </file>
      <file name="node.tsx" path="/home/Christian/clone/little-differ-react/src/components/tripleDiffView/node.tsx">
        <metrics statements="12" coveredstatements="5" conditionals="2" coveredconditionals="2" methods="9" coveredmethods="2"/>
        <line num="24" count="0" type="stmt"/>
        <line num="28" count="0" type="stmt"/>
        <line num="32" count="596" type="stmt"/>
        <line num="33" count="596" type="stmt"/>
        <line num="43" count="596" type="stmt"/>
        <line num="44" count="596" type="stmt"/>
        <line num="45" count="596" type="stmt"/>
        <line num="56" count="0" type="stmt"/>
        <line num="57" count="0" type="stmt"/>
        <line num="58" count="0" type="stmt"/>
        <line num="59" count="0" type="stmt"/>
        <line num="60" count="0" type="stmt"/>
      </file>
    </package>
    <package name="src.constants">
      <metrics statements="12" coveredstatements="12" conditionals="0" coveredconditionals="0" methods="0" coveredmethods="0"/>
      <file name="index.tsx" path="/home/Christian/clone/little-differ-react/src/constants/index.tsx">
        <metrics statements="12" coveredstatements="12" conditionals="0" coveredconditionals="0" methods="0" coveredmethods="0"/>
        <line num="1" count="2" type="stmt"/>
        <line num="2" count="2" type="stmt"/>
        <line num="3" count="2" type="stmt"/>
        <line num="4" count="2" type="stmt"/>
        <line num="5" count="2" type="stmt"/>
        <line num="6" count="2" type="stmt"/>
        <line num="7" count="2" type="stmt"/>
        <line num="8" count="2" type="stmt"/>
        <line num="9" count="2" type="stmt"/>
        <line num="11" count="2" type="stmt"/>
        <line num="13" count="2" type="stmt"/>
        <line num="14" count="2" type="stmt"/>
      </file>
    </package>
    <package name="src.reducers">
      <metrics statements="12" coveredstatements="11" conditionals="8" coveredconditionals="7" methods="2" coveredmethods="2"/>
      <file name="index.tsx" path="/home/Christian/clone/little-differ-react/src/reducers/index.tsx">
        <metrics statements="12" coveredstatements="11" conditionals="8" coveredconditionals="7" methods="2" coveredmethods="2"/>
        <line num="7" count="3" type="stmt"/>
        <line num="27" count="308" type="stmt"/>
        <line num="28" count="308" type="cond" truecount="2" falsecount="0"/>
        <line num="29" count="77" type="stmt"/>
        <line num="31" count="231" type="cond" truecount="2" falsecount="0"/>
        <line num="32" count="158" type="stmt"/>
        <line num="34" count="73" type="stmt"/>
        <line num="38" count="76" type="stmt"/>
        <line num="39" count="76" type="cond" truecount="2" falsecount="1"/>
        <line num="41" count="0" type="stmt"/>
        <line num="43" count="74" type="stmt"/>
        <line num="45" count="2" type="stmt"/>
      </file>
    </package>
    <package name="src.store">
      <metrics statements="1" coveredstatements="1" conditionals="0" coveredconditionals="0" methods="0" coveredmethods="0"/>
      <file name="index.tsx" path="/home/Christian/clone/little-differ-react/src/store/index.tsx">
        <metrics statements="1" coveredstatements="1" conditionals="0" coveredconditionals="0" methods="0" coveredmethods="0"/>
        <line num="7" count="2" type="stmt"/>
      </file>
    </package>
    <package name="src.utils">
      <metrics statements="49" coveredstatements="48" conditionals="27" coveredconditionals="26" methods="8" coveredmethods="8"/>
      <file name="addPairToTempDoc.js" path="/home/Christian/clone/little-differ-react/src/utils/addPairToTempDoc.js">
        <metrics statements="1" coveredstatements="1" conditionals="0" coveredconditionals="0" methods="1" coveredmethods="1"/>
        <line num="8" count="77" type="stmt"/>
      </file>
      <file name="countNestedObject.js" path="/home/Christian/clone/little-differ-react/src/utils/countNestedObject.js">
        <metrics statements="17" coveredstatements="17" conditionals="13" coveredconditionals="13" methods="2" coveredmethods="2"/>
        <line num="2" count="208" type="stmt"/>
        <line num="4" count="208" type="stmt"/>
        <line num="6" count="208" type="stmt"/>
        <line num="7" count="304" type="stmt"/>
        <line num="9" count="304" type="cond" truecount="4" falsecount="0"/>
        <line num="10" count="142" type="stmt"/>
        <line num="11" count="142" type="cond" truecount="2" falsecount="0"/>
        <line num="12" count="140" type="cond" truecount="2" falsecount="0"/>
        <line num="13" count="43" type="stmt"/>
        <line num="14" count="43" type="stmt"/>
        <line num="15" count="43" type="stmt"/>
        <line num="17" count="97" type="stmt"/>
        <line num="20" count="162" type="cond" truecount="5" falsecount="0"/>
        <line num="21" count="45" type="stmt"/>
        <line num="22" count="45" type="stmt"/>
        <line num="23" count="45" type="stmt"/>
        <line num="26" count="208" type="stmt"/>
      </file>
      <file name="getMatchByKey.js" path="/home/Christian/clone/little-differ-react/src/utils/getMatchByKey.js">
        <metrics statements="9" coveredstatements="9" conditionals="6" coveredconditionals="6" methods="1" coveredmethods="1"/>
        <line num="10" count="55" type="cond" truecount="2" falsecount="0"/>
        <line num="11" count="1" type="stmt"/>
        <line num="14" count="54" type="cond" truecount="2" falsecount="0"/>
        <line num="16" count="44" type="stmt"/>
        <line num="17" count="44" type="stmt"/>
        <line num="20" count="10" type="cond" truecount="2" falsecount="0"/>
        <line num="21" count="9" type="stmt"/>
        <line num="22" count="9" type="stmt"/>
        <line num="24" count="1" type="stmt"/>
      </file>
      <file name="getPathsArray.js" path="/home/Christian/clone/little-differ-react/src/utils/getPathsArray.js">
        <metrics statements="10" coveredstatements="10" conditionals="4" coveredconditionals="4" methods="2" coveredmethods="2"/>
        <line num="9" count="9" type="stmt"/>
        <line num="12" count="9" type="stmt"/>
        <line num="14" count="9" type="stmt"/>
        <line num="15" count="20" type="stmt"/>
        <line num="16" count="20" type="stmt"/>
        <line num="18" count="20" type="cond" truecount="4" falsecount="0"/>
        <line num="19" count="8" type="stmt"/>
        <line num="21" count="8" type="stmt"/>
        <line num="23" count="12" type="stmt"/>
        <line num="27" count="9" type="stmt"/>
      </file>
      <file name="getRevValue.js" path="/home/Christian/clone/little-differ-react/src/utils/getRevValue.js">
        <metrics statements="6" coveredstatements="5" conditionals="2" coveredconditionals="1" methods="1" coveredmethods="1"/>
        <line num="6" count="114" type="stmt"/>
        <line num="7" count="114" type="cond" truecount="1" falsecount="1"/>
        <line num="8" count="0" type="stmt"/>
        <line num="10" count="114" type="stmt"/>
        <line num="11" count="114" type="stmt"/>
        <line num="12" count="114" type="stmt"/>
      </file>
      <file name="getValue.js" path="/home/Christian/clone/little-differ-react/src/utils/getValue.js">
        <metrics statements="6" coveredstatements="6" conditionals="2" coveredconditionals="2" methods="1" coveredmethods="1"/>
        <line num="9" count="931" type="stmt"/>
        <line num="10" count="931" type="stmt"/>
        <line num="11" count="931" type="cond" truecount="2" falsecount="0"/>
        <line num="12" count="701" type="stmt"/>
        <line num="13" count="701" type="stmt"/>
        <line num="15" count="230" type="stmt"/>
      </file>
    </package>
  </project>
</coverage>
