<?xml version="1.0" encoding="UTF-8"?>
<coverage generated="1569937212031" clover="3.2.0">
  <project timestamp="1569937212031" name="All files">
    <metrics statements="214" coveredstatements="191" conditionals="131" coveredconditionals="126" methods="56" coveredmethods="39" elements="401" coveredelements="356" complexity="0" loc="214" ncloc="214" packages="9" files="13" classes="13"/>
    <package name="actions">
      <metrics statements="2" coveredstatements="2" conditionals="0" coveredconditionals="0" methods="2" coveredmethods="1"/>
      <file name="index.tsx" path="/apps/workspace/little-differ-react/src/actions/index.tsx">
        <metrics statements="2" coveredstatements="2" conditionals="0" coveredconditionals="0" methods="2" coveredmethods="1"/>
        <line num="12" count="74" type="stmt"/>
        <line num="19" count="2" type="stmt"/>
      </file>
    </package>
    <package name="components.app">
      <metrics statements="3" coveredstatements="3" conditionals="0" coveredconditionals="0" methods="2" coveredmethods="2"/>
      <file name="component.tsx" path="/apps/workspace/little-differ-react/src/components/app/component.tsx">
        <metrics statements="3" coveredstatements="3" conditionals="0" coveredconditionals="0" methods="2" coveredmethods="2"/>
        <line num="20" count="398" type="stmt"/>
        <line num="23" count="398" type="stmt"/>
        <line num="49" count="722" type="stmt"/>
      </file>
    </package>
    <package name="components.diffView">
      <metrics statements="120" coveredstatements="106" conditionals="107" coveredconditionals="104" methods="23" coveredmethods="15"/>
      <file name="component.tsx" path="/apps/workspace/little-differ-react/src/components/diffView/component.tsx">
        <metrics statements="110" coveredstatements="101" conditionals="105" coveredconditionals="102" methods="16" coveredmethods="13"/>
        <line num="18" count="111" type="stmt"/>
        <line num="19" count="111" type="stmt"/>
        <line num="30" count="205" type="cond" truecount="2" falsecount="0"/>
        <line num="31" count="205" type="cond" truecount="2" falsecount="0"/>
        <line num="33" count="205" type="cond" truecount="6" falsecount="0"/>
        <line num="35" count="107" type="stmt"/>
        <line num="45" count="98" type="stmt"/>
        <line num="61" count="0" type="stmt"/>
        <line num="62" count="0" type="stmt"/>
        <line num="63" count="0" type="stmt"/>
        <line num="64" count="0" type="stmt"/>
        <line num="65" count="0" type="stmt"/>
        <line num="66" count="0" type="stmt"/>
        <line num="79" count="4609" type="cond" truecount="2" falsecount="0"/>
        <line num="80" count="606" type="stmt"/>
        <line num="81" count="4003" type="cond" truecount="2" falsecount="0"/>
        <line num="82" count="220" type="stmt"/>
        <line num="84" count="3783" type="stmt"/>
        <line num="90" count="4609" type="stmt"/>
        <line num="91" count="4609" type="stmt"/>
        <line num="92" count="4609" type="cond" truecount="2" falsecount="0"/>
        <line num="98" count="554" type="stmt"/>
        <line num="104" count="0" type="stmt"/>
        <line num="114" count="4055" type="stmt"/>
        <line num="119" count="0" type="stmt"/>
        <line num="138" count="4609" type="stmt"/>
        <line num="140" count="4609" type="cond" truecount="1" falsecount="1"/>
        <line num="141" count="4609" type="stmt"/>
        <line num="142" count="39813" type="cond" truecount="2" falsecount="0"/>
        <line num="143" count="5180" type="stmt"/>
        <line num="147" count="4609" type="stmt"/>
        <line num="153" count="7479" type="stmt"/>
        <line num="154" count="7479" type="stmt"/>
        <line num="155" count="7479" type="stmt"/>
        <line num="157" count="7479" type="cond" truecount="1" falsecount="1"/>
        <line num="158" count="7479" type="stmt"/>
        <line num="159" count="69948" type="cond" truecount="2" falsecount="0"/>
        <line num="160" count="7459" type="stmt"/>
        <line num="163" count="7479" type="stmt"/>
        <line num="164" count="7479" type="cond" truecount="2" falsecount="0"/>
        <line num="165" count="966" type="stmt"/>
        <line num="166" count="3063" type="stmt"/>
        <line num="167" count="3063" type="cond" truecount="2" falsecount="0"/>
        <line num="168" count="1099" type="stmt"/>
        <line num="173" count="7479" type="stmt"/>
        <line num="185" count="2870" type="stmt"/>
        <line num="186" count="2870" type="cond" truecount="2" falsecount="0"/>
        <line num="187" count="2870" type="cond" truecount="2" falsecount="0"/>
        <line num="188" count="2870" type="stmt"/>
        <line num="190" count="2870" type="stmt"/>
        <line num="191" count="2870" type="stmt"/>
        <line num="192" count="2870" type="stmt"/>
        <line num="194" count="2870" type="stmt"/>
        <line num="195" count="2870" type="cond" truecount="2" falsecount="0"/>
        <line num="196" count="472" type="stmt"/>
        <line num="199" count="2870" type="cond" truecount="6" falsecount="0"/>
        <line num="201" count="1378" type="stmt"/>
        <line num="214" count="1492" type="cond" truecount="5" falsecount="0"/>
        <line num="215" count="99" type="stmt"/>
        <line num="223" count="1393" type="stmt"/>
        <line num="233" count="1474" type="stmt"/>
        <line num="247" count="1927" type="stmt"/>
        <line num="248" count="1927" type="stmt"/>
        <line num="249" count="1927" type="stmt"/>
        <line num="250" count="1927" type="stmt"/>
        <line num="252" count="1927" type="stmt"/>
        <line num="254" count="1927" type="stmt"/>
        <line num="255" count="1927" type="cond" truecount="2" falsecount="0"/>
        <line num="256" count="613" type="cond" truecount="2" falsecount="0"/>
        <line num="257" count="25" type="stmt"/>
        <line num="260" count="1927" type="stmt"/>
        <line num="272" count="3101" type="stmt"/>
        <line num="274" count="7658" type="stmt"/>
        <line num="275" count="7658" type="stmt"/>
        <line num="276" count="7658" type="stmt"/>
        <line num="277" count="7658" type="stmt"/>
        <line num="278" count="7658" type="stmt"/>
        <line num="281" count="7658" type="cond" truecount="2" falsecount="0"/>
        <line num="282" count="1474" type="stmt"/>
        <line num="283" count="6184" type="cond" truecount="4" falsecount="0"/>
        <line num="285" count="2870" type="stmt"/>
        <line num="288" count="3314" type="cond" truecount="4" falsecount="0"/>
        <line num="290" count="263" type="stmt"/>
        <line num="291" count="3051" type="cond" truecount="2" falsecount="0"/>
        <line num="292" count="323" type="stmt"/>
        <line num="293" count="2728" type="cond" truecount="2" falsecount="0"/>
        <line num="294" count="153" type="stmt"/>
        <line num="296" count="3314" type="cond" truecount="4" falsecount="0"/>
        <line num="298" count="287" type="stmt"/>
        <line num="299" count="3027" type="cond" truecount="2" falsecount="0"/>
        <line num="300" count="293" type="stmt"/>
        <line num="301" count="2734" type="cond" truecount="2" falsecount="0"/>
        <line num="302" count="140" type="stmt"/>
        <line num="306" count="3314" type="cond" truecount="7" falsecount="0"/>
        <line num="308" count="3196" type="cond" truecount="2" falsecount="0"/>
        <line num="309" count="1927" type="stmt"/>
        <line num="314" count="1269" type="cond" truecount="6" falsecount="0"/>
        <line num="318" count="205" type="stmt"/>
        <line num="323" count="1182" type="cond" truecount="2" falsecount="0"/>
        <line num="324" count="396" type="stmt"/>
        <line num="336" count="786" type="cond" truecount="1" falsecount="1"/>
        <line num="337" count="786" type="stmt"/>
        <line num="352" count="0" type="stmt"/>
        <line num="381" count="361" type="stmt"/>
        <line num="382" count="361" type="stmt"/>
        <line num="383" count="636" type="stmt"/>
        <line num="385" count="361" type="stmt"/>
        <line num="394" count="1194" type="stmt"/>
        <line num="396" count="1194" type="stmt"/>
        <line num="399" count="1194" type="stmt"/>
      </file>
      <file name="node.tsx" path="/apps/workspace/little-differ-react/src/components/diffView/node.tsx">
        <metrics statements="10" coveredstatements="5" conditionals="2" coveredconditionals="2" methods="7" coveredmethods="2"/>
        <line num="27" count="0" type="stmt"/>
        <line num="31" count="0" type="stmt"/>
        <line num="35" count="539" type="stmt"/>
        <line num="36" count="539" type="stmt"/>
        <line num="51" count="4609" type="stmt"/>
        <line num="52" count="4609" type="stmt"/>
        <line num="53" count="4609" type="stmt"/>
        <line num="64" count="0" type="stmt"/>
        <line num="65" count="0" type="stmt"/>
        <line num="66" count="0" type="stmt"/>
      </file>
    </package>
    <package name="components.mergePanels">
      <metrics statements="34" coveredstatements="30" conditionals="4" coveredconditionals="4" methods="15" coveredmethods="11"/>
      <file name="component.tsx" path="/apps/workspace/little-differ-react/src/components/mergePanels/component.tsx">
        <metrics statements="34" coveredstatements="30" conditionals="4" coveredconditionals="4" methods="15" coveredmethods="11"/>
        <line num="33" count="2" type="stmt"/>
        <line num="34" count="2" type="stmt"/>
        <line num="39" count="0" type="stmt"/>
        <line num="43" count="74" type="stmt"/>
        <line num="47" count="598" type="stmt"/>
        <line num="48" count="598" type="stmt"/>
        <line num="56" count="701" type="cond" truecount="2" falsecount="0"/>
        <line num="57" count="32" type="stmt"/>
        <line num="67" count="613" type="cond" truecount="2" falsecount="0"/>
        <line num="68" count="598" type="stmt"/>
        <line num="69" count="598" type="stmt"/>
        <line num="70" count="598" type="stmt"/>
        <line num="72" count="598" type="stmt"/>
        <line num="74" count="15" type="stmt"/>
        <line num="81" count="37" type="stmt"/>
        <line num="82" count="37" type="stmt"/>
        <line num="86" count="37" type="stmt"/>
        <line num="99" count="398" type="stmt"/>
        <line num="113" count="398" type="stmt"/>
        <line num="114" count="398" type="stmt"/>
        <line num="115" count="398" type="stmt"/>
        <line num="116" count="398" type="stmt"/>
        <line num="118" count="398" type="stmt"/>
        <line num="119" count="398" type="stmt"/>
        <line num="120" count="398" type="stmt"/>
        <line num="121" count="398" type="stmt"/>
        <line num="124" count="398" type="stmt"/>
        <line num="144" count="0" type="stmt"/>
        <line num="147" count="701" type="stmt"/>
        <line num="173" count="0" type="stmt"/>
        <line num="175" count="613" type="stmt"/>
        <line num="200" count="0" type="stmt"/>
        <line num="203" count="613" type="stmt"/>
        <line num="218" count="398" type="stmt"/>
      </file>
    </package>
    <package name="components.revisedPanel">
      <metrics statements="7" coveredstatements="3" conditionals="0" coveredconditionals="0" methods="6" coveredmethods="2"/>
      <file name="component.tsx" path="/apps/workspace/little-differ-react/src/components/revisedPanel/component.tsx">
        <metrics statements="7" coveredstatements="3" conditionals="0" coveredconditionals="0" methods="6" coveredmethods="2"/>
        <line num="24" count="0" type="stmt"/>
        <line num="29" count="398" type="stmt"/>
        <line num="32" count="398" type="stmt"/>
        <line num="51" count="0" type="stmt"/>
        <line num="53" count="0" type="stmt"/>
        <line num="55" count="0" type="stmt"/>
        <line num="72" count="398" type="stmt"/>
      </file>
    </package>
    <package name="constants">
      <metrics statements="8" coveredstatements="8" conditionals="0" coveredconditionals="0" methods="0" coveredmethods="0"/>
      <file name="index.tsx" path="/apps/workspace/little-differ-react/src/constants/index.tsx">
        <metrics statements="8" coveredstatements="8" conditionals="0" coveredconditionals="0" methods="0" coveredmethods="0"/>
        <line num="2" count="2" type="stmt"/>
        <line num="3" count="2" type="stmt"/>
        <line num="4" count="2" type="stmt"/>
        <line num="5" count="2" type="stmt"/>
        <line num="6" count="2" type="stmt"/>
        <line num="7" count="2" type="stmt"/>
        <line num="8" count="2" type="stmt"/>
        <line num="10" count="2" type="stmt"/>
      </file>
    </package>
    <package name="reducers">
      <metrics statements="13" coveredstatements="12" conditionals="8" coveredconditionals="7" methods="3" coveredmethods="3"/>
      <file name="index.tsx" path="/apps/workspace/little-differ-react/src/reducers/index.tsx">
        <metrics statements="13" coveredstatements="12" conditionals="8" coveredconditionals="7" methods="3" coveredmethods="3"/>
        <line num="9" count="3" type="stmt"/>
        <line num="16" count="76" type="stmt"/>
        <line num="17" count="76" type="cond" truecount="2" falsecount="1"/>
        <line num="19" count="0" type="stmt"/>
        <line num="21" count="74" type="stmt"/>
        <line num="23" count="2" type="stmt"/>
        <line num="43" count="2050" type="stmt"/>
        <line num="44" count="2050" type="cond" truecount="2" falsecount="0"/>
        <line num="45" count="599" type="stmt"/>
        <line num="47" count="1451" type="cond" truecount="2" falsecount="0"/>
        <line num="48" count="1318" type="stmt"/>
        <line num="50" count="133" type="stmt"/>
        <line num="56" count="74" type="stmt"/>
      </file>
    </package>
    <package name="store">
      <metrics statements="1" coveredstatements="1" conditionals="0" coveredconditionals="0" methods="0" coveredmethods="0"/>
      <file name="index.tsx" path="/apps/workspace/little-differ-react/src/store/index.tsx">
        <metrics statements="1" coveredstatements="1" conditionals="0" coveredconditionals="0" methods="0" coveredmethods="0"/>
        <line num="9" count="2" type="stmt"/>
      </file>
    </package>
    <package name="utils">
      <metrics statements="26" coveredstatements="26" conditionals="12" coveredconditionals="11" methods="5" coveredmethods="5"/>
      <file name="addPairToTempDoc.js" path="/apps/workspace/little-differ-react/src/utils/addPairToTempDoc.js">
        <metrics statements="1" coveredstatements="1" conditionals="0" coveredconditionals="0" methods="1" coveredmethods="1"/>
        <line num="9" count="599" type="stmt"/>
      </file>
      <file name="getMatchByKey.js" path="/apps/workspace/little-differ-react/src/utils/getMatchByKey.js">
        <metrics statements="9" coveredstatements="9" conditionals="6" coveredconditionals="6" methods="1" coveredmethods="1"/>
        <line num="13" count="2803" type="cond" truecount="2" falsecount="0"/>
        <line num="14" count="15" type="stmt"/>
        <line num="17" count="2788" type="cond" truecount="2" falsecount="0"/>
        <line num="19" count="2179" type="stmt"/>
        <line num="20" count="2179" type="stmt"/>
        <line num="23" count="609" type="cond" truecount="2" falsecount="0"/>
        <line num="24" count="608" type="stmt"/>
        <line num="25" count="608" type="stmt"/>
        <line num="27" count="1" type="stmt"/>
      </file>
      <file name="getPathsArray.js" path="/apps/workspace/little-differ-react/src/utils/getPathsArray.js">
        <metrics statements="12" coveredstatements="12" conditionals="4" coveredconditionals="3" methods="2" coveredmethods="2"/>
        <line num="11" count="2517" type="cond" truecount="1" falsecount="1"/>
        <line num="12" count="2517" type="stmt"/>
        <line num="15" count="2517" type="stmt"/>
        <line num="16" count="2517" type="stmt"/>
        <line num="17" count="5573" type="stmt"/>
        <line num="18" count="5573" type="cond" truecount="2" falsecount="0"/>
        <line num="20" count="1720" type="stmt"/>
        <line num="22" count="1720" type="stmt"/>
        <line num="23" count="1720" type="stmt"/>
        <line num="24" count="10661" type="stmt"/>
        <line num="28" count="3853" type="stmt"/>
        <line num="31" count="2517" type="stmt"/>
      </file>
      <file name="getValue.js" path="/apps/workspace/little-differ-react/src/utils/getValue.js">
        <metrics statements="4" coveredstatements="4" conditionals="2" coveredconditionals="2" methods="1" coveredmethods="1"/>
        <line num="13" count="6742" type="cond" truecount="2" falsecount="0"/>
        <line num="14" count="4813" type="stmt"/>
        <line num="15" count="4813" type="stmt"/>
        <line num="17" count="1929" type="stmt"/>
      </file>
    </package>
  </project>
</coverage>
