{"/home/Christian/clone/little-differ-react/lib/actions/index.js": {"path":"/home/Christian/clone/little-differ-react/lib/actions/index.js","statementMap":{"0":{"start":{"line":3,"column":0},"end":{"line":5,"column":3}},"1":{"start":{"line":6,"column":0},"end":{"line":6,"column":49}},"2":{"start":{"line":9,"column":19},"end":{"line":14,"column":1}},"3":{"start":{"line":10,"column":2},"end":{"line":13,"column":4}},"4":{"start":{"line":16,"column":0},"end":{"line":16,"column":36}},"5":{"start":{"line":18,"column":15},"end":{"line":24,"column":1}},"6":{"start":{"line":19,"column":2},"end":{"line":23,"column":4}},"7":{"start":{"line":26,"column":0},"end":{"line":26,"column":28}}},"fnMap":{"0":{"name":"updateNewDoc","decl":{"start":{"line":9,"column":28},"end":{"line":9,"column":40}},"loc":{"start":{"line":9,"column":46},"end":{"line":14,"column":1}},"line":9},"1":{"name":"addToDoc","decl":{"start":{"line":18,"column":24},"end":{"line":18,"column":32}},"loc":{"start":{"line":18,"column":50},"end":{"line":24,"column":1}},"line":18}},"branchMap":{},"s":{"0":2,"1":2,"2":2,"3":74,"4":2,"5":2,"6":0,"7":2},"f":{"0":74,"1":0},"b":{},"_coverageSchema":"1a1c01bbd47fc00a2c39e90264f33305004495a9","hash":"1638398605d0dd40d949a0a6d9779cd05bf0eaf1"}
,"/home/Christian/clone/little-differ-react/lib/components/app/component.js": {"path":"/home/Christian/clone/little-differ-react/lib/components/app/component.js","statementMap":{"0":{"start":{"line":3,"column":0},"end":{"line":5,"column":3}},"1":{"start":{"line":6,"column":0},"end":{"line":6,"column":28}},"2":{"start":{"line":8,"column":12},"end":{"line":8,"column":53}},"3":{"start":{"line":10,"column":18},"end":{"line":10,"column":40}},"4":{"start":{"line":12,"column":17},"end":{"line":12,"column":71}},"5":{"start":{"line":14,"column":13},"end":{"line":14,"column":65}},"6":{"start":{"line":16,"column":39},"end":{"line":16,"column":95}},"7":{"start":{"line":18,"column":38},"end":{"line":18,"column":85}},"8":{"start":{"line":18,"column":73},"end":{"line":18,"column":85}},"9":{"start":{"line":18,"column":98},"end":{"line":18,"column":111}},"10":{"start":{"line":18,"column":113},"end":{"line":18,"column":194}},"11":{"start":{"line":18,"column":178},"end":{"line":18,"column":191}},"12":{"start":{"line":18,"column":195},"end":{"line":18,"column":208}},"13":{"start":{"line":20,"column":40},"end":{"line":20,"column":82}},"14":{"start":{"line":20,"column":69},"end":{"line":20,"column":80}},"15":{"start":{"line":20,"column":83},"end":{"line":20,"column":189}},"16":{"start":{"line":20,"column":161},"end":{"line":20,"column":187}},"17":{"start":{"line":20,"column":202},"end":{"line":20,"column":228}},"18":{"start":{"line":20,"column":230},"end":{"line":20,"column":285}},"19":{"start":{"line":20,"column":261},"end":{"line":20,"column":283}},"20":{"start":{"line":20,"column":299},"end":{"line":20,"column":301}},"21":{"start":{"line":20,"column":331},"end":{"line":20,"column":387}},"22":{"start":{"line":20,"column":389},"end":{"line":20,"column":669}},"23":{"start":{"line":20,"column":412},"end":{"line":20,"column":667}},"24":{"start":{"line":20,"column":477},"end":{"line":20,"column":549}},"25":{"start":{"line":20,"column":551},"end":{"line":20,"column":665}},"26":{"start":{"line":20,"column":589},"end":{"line":20,"column":630}},"27":{"start":{"line":20,"column":640},"end":{"line":20,"column":663}},"28":{"start":{"line":20,"column":670},"end":{"line":20,"column":694}},"29":{"start":{"line":20,"column":695},"end":{"line":20,"column":733}},"30":{"start":{"line":20,"column":708},"end":{"line":20,"column":731}},"31":{"start":{"line":20,"column":734},"end":{"line":20,"column":748}},"32":{"start":{"line":22,"column":51},"end":{"line":22,"column":355}},"33":{"start":{"line":22,"column":126},"end":{"line":22,"column":181}},"34":{"start":{"line":22,"column":160},"end":{"line":22,"column":178}},"35":{"start":{"line":22,"column":191},"end":{"line":22,"column":353}},"36":{"start":{"line":22,"column":225},"end":{"line":22,"column":350}},"37":{"start":{"line":22,"column":356},"end":{"line":22,"column":376}},"38":{"start":{"line":24,"column":50},"end":{"line":24,"column":151}},"39":{"start":{"line":24,"column":92},"end":{"line":24,"column":149}},"40":{"start":{"line":26,"column":44},"end":{"line":26,"column":315}},"41":{"start":{"line":26,"column":57},"end":{"line":26,"column":58}},"42":{"start":{"line":26,"column":102},"end":{"line":26,"column":110}},"43":{"start":{"line":26,"column":112},"end":{"line":26,"column":167}},"44":{"start":{"line":26,"column":168},"end":{"line":26,"column":199}},"45":{"start":{"line":26,"column":200},"end":{"line":26,"column":254}},"46":{"start":{"line":26,"column":227},"end":{"line":26,"column":254}},"47":{"start":{"line":26,"column":255},"end":{"line":26,"column":313}},"48":{"start":{"line":28,"column":62},"end":{"line":28,"column":131}},"49":{"start":{"line":28,"column":78},"end":{"line":28,"column":131}},"50":{"start":{"line":28,"column":132},"end":{"line":28,"column":193}},"51":{"start":{"line":28,"column":149},"end":{"line":28,"column":193}},"52":{"start":{"line":28,"column":194},"end":{"line":28,"column":213}},"53":{"start":{"line":30,"column":43},"end":{"line":30,"column":182}},"54":{"start":{"line":30,"column":106},"end":{"line":30,"column":180}},"55":{"start":{"line":30,"column":183},"end":{"line":30,"column":328}},"56":{"start":{"line":30,"column":329},"end":{"line":30,"column":383}},"57":{"start":{"line":30,"column":345},"end":{"line":30,"column":383}},"58":{"start":{"line":32,"column":33},"end":{"line":32,"column":138}},"59":{"start":{"line":32,"column":109},"end":{"line":32,"column":125}},"60":{"start":{"line":32,"column":126},"end":{"line":32,"column":135}},"61":{"start":{"line":32,"column":139},"end":{"line":32,"column":168}},"62":{"start":{"line":34,"column":65},"end":{"line":34,"column":92}},"63":{"start":{"line":34,"column":94},"end":{"line":34,"column":423}},"64":{"start":{"line":34,"column":147},"end":{"line":34,"column":171}},"65":{"start":{"line":34,"column":181},"end":{"line":34,"column":371}},"66":{"start":{"line":34,"column":230},"end":{"line":34,"column":263}},"67":{"start":{"line":34,"column":265},"end":{"line":34,"column":321}},"68":{"start":{"line":34,"column":331},"end":{"line":34,"column":369}},"69":{"start":{"line":34,"column":372},"end":{"line":34,"column":420}},"70":{"start":{"line":36,"column":50},"end":{"line":36,"column":138}},"71":{"start":{"line":36,"column":124},"end":{"line":36,"column":136}},"72":{"start":{"line":36,"column":139},"end":{"line":36,"column":175}},"73":{"start":{"line":38,"column":40},"end":{"line":38,"column":151}},"74":{"start":{"line":38,"column":63},"end":{"line":38,"column":149}},"75":{"start":{"line":38,"column":152},"end":{"line":38,"column":164}},"76":{"start":{"line":40,"column":39},"end":{"line":40,"column":110}},"77":{"start":{"line":40,"column":97},"end":{"line":40,"column":110}},"78":{"start":{"line":40,"column":111},"end":{"line":40,"column":152}},"79":{"start":{"line":40,"column":139},"end":{"line":40,"column":152}},"80":{"start":{"line":40,"column":153},"end":{"line":40,"column":198}},"81":{"start":{"line":40,"column":186},"end":{"line":40,"column":198}},"82":{"start":{"line":40,"column":199},"end":{"line":40,"column":322}},"83":{"start":{"line":40,"column":205},"end":{"line":40,"column":279}},"84":{"start":{"line":40,"column":280},"end":{"line":40,"column":292}},"85":{"start":{"line":40,"column":307},"end":{"line":40,"column":320}},"86":{"start":{"line":42,"column":30},"end":{"line":42,"column":176}},"87":{"start":{"line":42,"column":126},"end":{"line":42,"column":173}},"88":{"start":{"line":42,"column":177},"end":{"line":42,"column":203}},"89":{"start":{"line":44,"column":32},"end":{"line":83,"column":22}},"90":{"start":{"line":45,"column":2},"end":{"line":45,"column":48}},"91":{"start":{"line":47,"column":15},"end":{"line":47,"column":41}},"92":{"start":{"line":50,"column":4},"end":{"line":50,"column":40}},"93":{"start":{"line":52,"column":4},"end":{"line":52,"column":41}},"94":{"start":{"line":55,"column":2},"end":{"line":80,"column":6}},"95":{"start":{"line":58,"column":24},"end":{"line":58,"column":34}},"96":{"start":{"line":59,"column":17},"end":{"line":59,"column":33}},"97":{"start":{"line":60,"column":17},"end":{"line":60,"column":33}},"98":{"start":{"line":61,"column":17},"end":{"line":61,"column":33}},"99":{"start":{"line":62,"column":24},"end":{"line":62,"column":47}},"100":{"start":{"line":63,"column":34},"end":{"line":63,"column":67}},"101":{"start":{"line":64,"column":40},"end":{"line":64,"column":78}},"102":{"start":{"line":65,"column":6},"end":{"line":78,"column":10}},"103":{"start":{"line":74,"column":10},"end":{"line":74,"column":75}},"104":{"start":{"line":76,"column":10},"end":{"line":76,"column":43}},"105":{"start":{"line":82,"column":2},"end":{"line":82,"column":22}},"106":{"start":{"line":85,"column":15},"end":{"line":85,"column":27}},"107":{"start":{"line":86,"column":0},"end":{"line":86,"column":30}}},"fnMap":{"0":{"name":"_interopRequireDefault","decl":{"start":{"line":16,"column":9},"end":{"line":16,"column":31}},"loc":{"start":{"line":16,"column":37},"end":{"line":16,"column":97}},"line":16},"1":{"name":"_getRequireWildcardCache","decl":{"start":{"line":18,"column":9},"end":{"line":18,"column":33}},"loc":{"start":{"line":18,"column":36},"end":{"line":18,"column":210}},"line":18},"2":{"name":"_getRequireWildcardCache","decl":{"start":{"line":18,"column":149},"end":{"line":18,"column":173}},"loc":{"start":{"line":18,"column":176},"end":{"line":18,"column":193}},"line":18},"3":{"name":"_interopRequireWildcard","decl":{"start":{"line":20,"column":9},"end":{"line":20,"column":32}},"loc":{"start":{"line":20,"column":38},"end":{"line":20,"column":750}},"line":20},"4":{"name":"_typeof","decl":{"start":{"line":22,"column":9},"end":{"line":22,"column":16}},"loc":{"start":{"line":22,"column":22},"end":{"line":22,"column":378}},"line":22},"5":{"name":"_typeof","decl":{"start":{"line":22,"column":145},"end":{"line":22,"column":152}},"loc":{"start":{"line":22,"column":158},"end":{"line":22,"column":180}},"line":22},"6":{"name":"_typeof","decl":{"start":{"line":22,"column":210},"end":{"line":22,"column":217}},"loc":{"start":{"line":22,"column":223},"end":{"line":22,"column":352}},"line":22},"7":{"name":"_classCallCheck","decl":{"start":{"line":24,"column":9},"end":{"line":24,"column":24}},"loc":{"start":{"line":24,"column":48},"end":{"line":24,"column":153}},"line":24},"8":{"name":"_defineProperties","decl":{"start":{"line":26,"column":9},"end":{"line":26,"column":26}},"loc":{"start":{"line":26,"column":42},"end":{"line":26,"column":317}},"line":26},"9":{"name":"_createClass","decl":{"start":{"line":28,"column":9},"end":{"line":28,"column":21}},"loc":{"start":{"line":28,"column":60},"end":{"line":28,"column":215}},"line":28},"10":{"name":"_inherits","decl":{"start":{"line":30,"column":9},"end":{"line":30,"column":18}},"loc":{"start":{"line":30,"column":41},"end":{"line":30,"column":385}},"line":30},"11":{"name":"_setPrototypeOf","decl":{"start":{"line":32,"column":9},"end":{"line":32,"column":24}},"loc":{"start":{"line":32,"column":31},"end":{"line":32,"column":170}},"line":32},"12":{"name":"_setPrototypeOf","decl":{"start":{"line":32,"column":85},"end":{"line":32,"column":100}},"loc":{"start":{"line":32,"column":107},"end":{"line":32,"column":137}},"line":32},"13":{"name":"_createSuper","decl":{"start":{"line":34,"column":9},"end":{"line":34,"column":21}},"loc":{"start":{"line":34,"column":31},"end":{"line":34,"column":425}},"line":34},"14":{"name":"_createSuperInternal","decl":{"start":{"line":34,"column":110},"end":{"line":34,"column":130}},"loc":{"start":{"line":34,"column":133},"end":{"line":34,"column":422}},"line":34},"15":{"name":"_possibleConstructorReturn","decl":{"start":{"line":36,"column":9},"end":{"line":36,"column":35}},"loc":{"start":{"line":36,"column":48},"end":{"line":36,"column":177}},"line":36},"16":{"name":"_assertThisInitialized","decl":{"start":{"line":38,"column":9},"end":{"line":38,"column":31}},"loc":{"start":{"line":38,"column":38},"end":{"line":38,"column":166}},"line":38},"17":{"name":"_isNativeReflectConstruct","decl":{"start":{"line":40,"column":9},"end":{"line":40,"column":34}},"loc":{"start":{"line":40,"column":37},"end":{"line":40,"column":324}},"line":40},"18":{"name":"(anonymous_18)","decl":{"start":{"line":40,"column":262},"end":{"line":40,"column":263}},"loc":{"start":{"line":40,"column":274},"end":{"line":40,"column":276}},"line":40},"19":{"name":"_getPrototypeOf","decl":{"start":{"line":42,"column":9},"end":{"line":42,"column":24}},"loc":{"start":{"line":42,"column":28},"end":{"line":42,"column":205}},"line":42},"20":{"name":"_getPrototypeOf","decl":{"start":{"line":42,"column":105},"end":{"line":42,"column":120}},"loc":{"start":{"line":42,"column":124},"end":{"line":42,"column":175}},"line":42},"21":{"name":"(anonymous_21)","decl":{"start":{"line":44,"column":32},"end":{"line":44,"column":33}},"loc":{"start":{"line":44,"column":64},"end":{"line":83,"column":1}},"line":44},"22":{"name":"AppComponent","decl":{"start":{"line":49,"column":11},"end":{"line":49,"column":23}},"loc":{"start":{"line":49,"column":26},"end":{"line":53,"column":3}},"line":49},"23":{"name":"render","decl":{"start":{"line":57,"column":20},"end":{"line":57,"column":26}},"loc":{"start":{"line":57,"column":29},"end":{"line":79,"column":5}},"line":57},"24":{"name":"changeRevisedDataForCaller","decl":{"start":{"line":73,"column":45},"end":{"line":73,"column":71}},"loc":{"start":{"line":73,"column":77},"end":{"line":77,"column":9}},"line":73}},"branchMap":{"0":{"loc":{"start":{"line":16,"column":46},"end":{"line":16,"column":94}},"type":"cond-expr","locations":[{"start":{"line":16,"column":70},"end":{"line":16,"column":73}},{"start":{"line":16,"column":76},"end":{"line":16,"column":94}}],"line":16},"1":{"loc":{"start":{"line":16,"column":46},"end":{"line":16,"column":67}},"type":"binary-expr","locations":[{"start":{"line":16,"column":46},"end":{"line":16,"column":49}},{"start":{"line":16,"column":53},"end":{"line":16,"column":67}}],"line":16},"2":{"loc":{"start":{"line":18,"column":38},"end":{"line":18,"column":85}},"type":"if","locations":[{"start":{"line":18,"column":38},"end":{"line":18,"column":85}},{"start":{"line":18,"column":38},"end":{"line":18,"column":85}}],"line":18},"3":{"loc":{"start":{"line":20,"column":40},"end":{"line":20,"column":82}},"type":"if","locations":[{"start":{"line":20,"column":40},"end":{"line":20,"column":82}},{"start":{"line":20,"column":40},"end":{"line":20,"column":82}}],"line":20},"4":{"loc":{"start":{"line":20,"column":44},"end":{"line":20,"column":65}},"type":"binary-expr","locations":[{"start":{"line":20,"column":44},"end":{"line":20,"column":47}},{"start":{"line":20,"column":51},"end":{"line":20,"column":65}}],"line":20},"5":{"loc":{"start":{"line":20,"column":83},"end":{"line":20,"column":189}},"type":"if","locations":[{"start":{"line":20,"column":83},"end":{"line":20,"column":189}},{"start":{"line":20,"column":83},"end":{"line":20,"column":189}}],"line":20},"6":{"loc":{"start":{"line":20,"column":87},"end":{"line":20,"column":157}},"type":"binary-expr","locations":[{"start":{"line":20,"column":87},"end":{"line":20,"column":99}},{"start":{"line":20,"column":103},"end":{"line":20,"column":128}},{"start":{"line":20,"column":132},"end":{"line":20,"column":157}}],"line":20},"7":{"loc":{"start":{"line":20,"column":230},"end":{"line":20,"column":285}},"type":"if","locations":[{"start":{"line":20,"column":230},"end":{"line":20,"column":285}},{"start":{"line":20,"column":230},"end":{"line":20,"column":285}}],"line":20},"8":{"loc":{"start":{"line":20,"column":234},"end":{"line":20,"column":257}},"type":"binary-expr","locations":[{"start":{"line":20,"column":234},"end":{"line":20,"column":239}},{"start":{"line":20,"column":243},"end":{"line":20,"column":257}}],"line":20},"9":{"loc":{"start":{"line":20,"column":331},"end":{"line":20,"column":387}},"type":"binary-expr","locations":[{"start":{"line":20,"column":331},"end":{"line":20,"column":352}},{"start":{"line":20,"column":356},"end":{"line":20,"column":387}}],"line":20},"10":{"loc":{"start":{"line":20,"column":412},"end":{"line":20,"column":667}},"type":"if","locations":[{"start":{"line":20,"column":412},"end":{"line":20,"column":667}},{"start":{"line":20,"column":412},"end":{"line":20,"column":667}}],"line":20},"11":{"loc":{"start":{"line":20,"column":477},"end":{"line":20,"column":549}},"type":"cond-expr","locations":[{"start":{"line":20,"column":501},"end":{"line":20,"column":542}},{"start":{"line":20,"column":545},"end":{"line":20,"column":549}}],"line":20},"12":{"loc":{"start":{"line":20,"column":551},"end":{"line":20,"column":665}},"type":"if","locations":[{"start":{"line":20,"column":551},"end":{"line":20,"column":665}},{"start":{"line":20,"column":551},"end":{"line":20,"column":665}}],"line":20},"13":{"loc":{"start":{"line":20,"column":555},"end":{"line":20,"column":585}},"type":"binary-expr","locations":[{"start":{"line":20,"column":555},"end":{"line":20,"column":559}},{"start":{"line":20,"column":564},"end":{"line":20,"column":572}},{"start":{"line":20,"column":576},"end":{"line":20,"column":584}}],"line":20},"14":{"loc":{"start":{"line":20,"column":695},"end":{"line":20,"column":733}},"type":"if","locations":[{"start":{"line":20,"column":695},"end":{"line":20,"column":733}},{"start":{"line":20,"column":695},"end":{"line":20,"column":733}}],"line":20},"15":{"loc":{"start":{"line":22,"column":51},"end":{"line":22,"column":355}},"type":"if","locations":[{"start":{"line":22,"column":51},"end":{"line":22,"column":355}},{"start":{"line":22,"column":51},"end":{"line":22,"column":355}}],"line":22},"16":{"loc":{"start":{"line":22,"column":55},"end":{"line":22,"column":122}},"type":"binary-expr","locations":[{"start":{"line":22,"column":55},"end":{"line":22,"column":83}},{"start":{"line":22,"column":87},"end":{"line":22,"column":122}}],"line":22},"17":{"loc":{"start":{"line":22,"column":232},"end":{"line":22,"column":349}},"type":"cond-expr","locations":[{"start":{"line":22,"column":328},"end":{"line":22,"column":336}},{"start":{"line":22,"column":339},"end":{"line":22,"column":349}}],"line":22},"18":{"loc":{"start":{"line":22,"column":232},"end":{"line":22,"column":325}},"type":"binary-expr","locations":[{"start":{"line":22,"column":232},"end":{"line":22,"column":235}},{"start":{"line":22,"column":239},"end":{"line":22,"column":267}},{"start":{"line":22,"column":271},"end":{"line":22,"column":297}},{"start":{"line":22,"column":301},"end":{"line":22,"column":325}}],"line":22},"19":{"loc":{"start":{"line":24,"column":50},"end":{"line":24,"column":151}},"type":"if","locations":[{"start":{"line":24,"column":50},"end":{"line":24,"column":151}},{"start":{"line":24,"column":50},"end":{"line":24,"column":151}}],"line":24},"20":{"loc":{"start":{"line":26,"column":136},"end":{"line":26,"column":166}},"type":"binary-expr","locations":[{"start":{"line":26,"column":136},"end":{"line":26,"column":157}},{"start":{"line":26,"column":161},"end":{"line":26,"column":166}}],"line":26},"21":{"loc":{"start":{"line":26,"column":200},"end":{"line":26,"column":254}},"type":"if","locations":[{"start":{"line":26,"column":200},"end":{"line":26,"column":254}},{"start":{"line":26,"column":200},"end":{"line":26,"column":254}}],"line":26},"22":{"loc":{"start":{"line":28,"column":62},"end":{"line":28,"column":131}},"type":"if","locations":[{"start":{"line":28,"column":62},"end":{"line":28,"column":131}},{"start":{"line":28,"column":62},"end":{"line":28,"column":131}}],"line":28},"23":{"loc":{"start":{"line":28,"column":132},"end":{"line":28,"column":193}},"type":"if","locations":[{"start":{"line":28,"column":132},"end":{"line":28,"column":193}},{"start":{"line":28,"column":132},"end":{"line":28,"column":193}}],"line":28},"24":{"loc":{"start":{"line":30,"column":43},"end":{"line":30,"column":182}},"type":"if","locations":[{"start":{"line":30,"column":43},"end":{"line":30,"column":182}},{"start":{"line":30,"column":43},"end":{"line":30,"column":182}}],"line":30},"25":{"loc":{"start":{"line":30,"column":47},"end":{"line":30,"column":102}},"type":"binary-expr","locations":[{"start":{"line":30,"column":47},"end":{"line":30,"column":79}},{"start":{"line":30,"column":83},"end":{"line":30,"column":102}}],"line":30},"26":{"loc":{"start":{"line":30,"column":218},"end":{"line":30,"column":252}},"type":"binary-expr","locations":[{"start":{"line":30,"column":218},"end":{"line":30,"column":228}},{"start":{"line":30,"column":232},"end":{"line":30,"column":252}}],"line":30},"27":{"loc":{"start":{"line":30,"column":329},"end":{"line":30,"column":383}},"type":"if","locations":[{"start":{"line":30,"column":329},"end":{"line":30,"column":383}},{"start":{"line":30,"column":329},"end":{"line":30,"column":383}}],"line":30},"28":{"loc":{"start":{"line":32,"column":51},"end":{"line":32,"column":137}},"type":"binary-expr","locations":[{"start":{"line":32,"column":51},"end":{"line":32,"column":72}},{"start":{"line":32,"column":76},"end":{"line":32,"column":137}}],"line":32},"29":{"loc":{"start":{"line":34,"column":181},"end":{"line":34,"column":371}},"type":"if","locations":[{"start":{"line":34,"column":181},"end":{"line":34,"column":371}},{"start":{"line":34,"column":181},"end":{"line":34,"column":371}}],"line":34},"30":{"loc":{"start":{"line":36,"column":50},"end":{"line":36,"column":138}},"type":"if","locations":[{"start":{"line":36,"column":50},"end":{"line":36,"column":138}},{"start":{"line":36,"column":50},"end":{"line":36,"column":138}}],"line":36},"31":{"loc":{"start":{"line":36,"column":54},"end":{"line":36,"column":120}},"type":"binary-expr","locations":[{"start":{"line":36,"column":54},"end":{"line":36,"column":58}},{"start":{"line":36,"column":63},"end":{"line":36,"column":89}},{"start":{"line":36,"column":93},"end":{"line":36,"column":119}}],"line":36},"32":{"loc":{"start":{"line":38,"column":40},"end":{"line":38,"column":151}},"type":"if","locations":[{"start":{"line":38,"column":40},"end":{"line":38,"column":151}},{"start":{"line":38,"column":40},"end":{"line":38,"column":151}}],"line":38},"33":{"loc":{"start":{"line":40,"column":39},"end":{"line":40,"column":110}},"type":"if","locations":[{"start":{"line":40,"column":39},"end":{"line":40,"column":110}},{"start":{"line":40,"column":39},"end":{"line":40,"column":110}}],"line":40},"34":{"loc":{"start":{"line":40,"column":43},"end":{"line":40,"column":95}},"type":"binary-expr","locations":[{"start":{"line":40,"column":43},"end":{"line":40,"column":73}},{"start":{"line":40,"column":77},"end":{"line":40,"column":95}}],"line":40},"35":{"loc":{"start":{"line":40,"column":111},"end":{"line":40,"column":152}},"type":"if","locations":[{"start":{"line":40,"column":111},"end":{"line":40,"column":152}},{"start":{"line":40,"column":111},"end":{"line":40,"column":152}}],"line":40},"36":{"loc":{"start":{"line":40,"column":153},"end":{"line":40,"column":198}},"type":"if","locations":[{"start":{"line":40,"column":153},"end":{"line":40,"column":198}},{"start":{"line":40,"column":153},"end":{"line":40,"column":198}}],"line":40},"37":{"loc":{"start":{"line":42,"column":48},"end":{"line":42,"column":175}},"type":"cond-expr","locations":[{"start":{"line":42,"column":72},"end":{"line":42,"column":93}},{"start":{"line":42,"column":96},"end":{"line":42,"column":175}}],"line":42},"38":{"loc":{"start":{"line":42,"column":133},"end":{"line":42,"column":172}},"type":"binary-expr","locations":[{"start":{"line":42,"column":133},"end":{"line":42,"column":144}},{"start":{"line":42,"column":148},"end":{"line":42,"column":172}}],"line":42}},"s":{"0":2,"1":2,"2":2,"3":2,"4":2,"5":2,"6":4,"7":2,"8":0,"9":2,"10":2,"11":0,"12":2,"13":2,"14":0,"15":2,"16":0,"17":2,"18":2,"19":0,"20":2,"21":2,"22":2,"23":56,"24":56,"25":56,"26":0,"27":56,"28":2,"29":2,"30":2,"31":2,"32":2,"33":2,"34":39,"35":0,"36":0,"37":2,"38":37,"39":0,"40":2,"41":2,"42":2,"43":2,"44":2,"45":2,"46":2,"47":2,"48":2,"49":2,"50":2,"51":0,"52":2,"53":2,"54":0,"55":2,"56":2,"57":2,"58":2,"59":0,"60":0,"61":2,"62":2,"63":2,"64":37,"65":37,"66":37,"67":37,"68":0,"69":37,"70":37,"71":37,"72":0,"73":0,"74":0,"75":0,"76":2,"77":0,"78":2,"79":0,"80":2,"81":2,"82":0,"83":0,"84":0,"85":0,"86":2,"87":0,"88":2,"89":2,"90":2,"91":2,"92":37,"93":37,"94":2,"95":37,"96":37,"97":37,"98":37,"99":37,"100":37,"101":37,"102":37,"103":0,"104":0,"105":2,"106":2,"107":2},"f":{"0":4,"1":2,"2":0,"3":2,"4":2,"5":39,"6":0,"7":37,"8":2,"9":2,"10":2,"11":2,"12":0,"13":2,"14":37,"15":37,"16":0,"17":2,"18":0,"19":2,"20":0,"21":2,"22":37,"23":37,"24":0},"b":{"0":[4,0],"1":[4,4],"2":[0,2],"3":[0,2],"4":[2,2],"5":[0,2],"6":[2,2,0],"7":[0,2],"8":[2,2],"9":[2,2],"10":[56,0],"11":[56,0],"12":[0,56],"13":[56,56,56],"14":[2,0],"15":[2,0],"16":[2,2],"17":[0,0],"18":[0,0,0,0],"19":[0,37],"20":[2,2],"21":[2,0],"22":[2,0],"23":[0,2],"24":[0,2],"25":[2,0],"26":[2,2],"27":[2,0],"28":[2,0],"29":[37,0],"30":[37,0],"31":[37,37,0],"32":[0,0],"33":[0,2],"34":[2,2],"35":[0,2],"36":[2,0],"37":[2,0],"38":[0,0]},"_coverageSchema":"1a1c01bbd47fc00a2c39e90264f33305004495a9","hash":"347bde9192d0a6bedd56b454166498f518f51321"}
,"/home/Christian/clone/little-differ-react/lib/components/ldrApp/component.js": {"path":"/home/Christian/clone/little-differ-react/lib/components/ldrApp/component.js","statementMap":{"0":{"start":{"line":3,"column":0},"end":{"line":5,"column":3}},"1":{"start":{"line":6,"column":0},"end":{"line":6,"column":28}},"2":{"start":{"line":8,"column":12},"end":{"line":8,"column":53}},"3":{"start":{"line":10,"column":18},"end":{"line":10,"column":40}},"4":{"start":{"line":12,"column":23},"end":{"line":12,"column":51}},"5":{"start":{"line":14,"column":18},"end":{"line":14,"column":39}},"6":{"start":{"line":16,"column":17},"end":{"line":16,"column":76}},"7":{"start":{"line":18,"column":18},"end":{"line":18,"column":78}},"8":{"start":{"line":20,"column":39},"end":{"line":20,"column":95}},"9":{"start":{"line":22,"column":38},"end":{"line":22,"column":85}},"10":{"start":{"line":22,"column":73},"end":{"line":22,"column":85}},"11":{"start":{"line":22,"column":98},"end":{"line":22,"column":111}},"12":{"start":{"line":22,"column":113},"end":{"line":22,"column":194}},"13":{"start":{"line":22,"column":178},"end":{"line":22,"column":191}},"14":{"start":{"line":22,"column":195},"end":{"line":22,"column":208}},"15":{"start":{"line":24,"column":40},"end":{"line":24,"column":82}},"16":{"start":{"line":24,"column":69},"end":{"line":24,"column":80}},"17":{"start":{"line":24,"column":83},"end":{"line":24,"column":189}},"18":{"start":{"line":24,"column":161},"end":{"line":24,"column":187}},"19":{"start":{"line":24,"column":202},"end":{"line":24,"column":228}},"20":{"start":{"line":24,"column":230},"end":{"line":24,"column":285}},"21":{"start":{"line":24,"column":261},"end":{"line":24,"column":283}},"22":{"start":{"line":24,"column":299},"end":{"line":24,"column":301}},"23":{"start":{"line":24,"column":331},"end":{"line":24,"column":387}},"24":{"start":{"line":24,"column":389},"end":{"line":24,"column":669}},"25":{"start":{"line":24,"column":412},"end":{"line":24,"column":667}},"26":{"start":{"line":24,"column":477},"end":{"line":24,"column":549}},"27":{"start":{"line":24,"column":551},"end":{"line":24,"column":665}},"28":{"start":{"line":24,"column":589},"end":{"line":24,"column":630}},"29":{"start":{"line":24,"column":640},"end":{"line":24,"column":663}},"30":{"start":{"line":24,"column":670},"end":{"line":24,"column":694}},"31":{"start":{"line":24,"column":695},"end":{"line":24,"column":733}},"32":{"start":{"line":24,"column":708},"end":{"line":24,"column":731}},"33":{"start":{"line":24,"column":734},"end":{"line":24,"column":748}},"34":{"start":{"line":26,"column":51},"end":{"line":26,"column":355}},"35":{"start":{"line":26,"column":126},"end":{"line":26,"column":181}},"36":{"start":{"line":26,"column":160},"end":{"line":26,"column":178}},"37":{"start":{"line":26,"column":191},"end":{"line":26,"column":353}},"38":{"start":{"line":26,"column":225},"end":{"line":26,"column":350}},"39":{"start":{"line":26,"column":356},"end":{"line":26,"column":376}},"40":{"start":{"line":28,"column":50},"end":{"line":28,"column":151}},"41":{"start":{"line":28,"column":92},"end":{"line":28,"column":149}},"42":{"start":{"line":30,"column":44},"end":{"line":30,"column":315}},"43":{"start":{"line":30,"column":57},"end":{"line":30,"column":58}},"44":{"start":{"line":30,"column":102},"end":{"line":30,"column":110}},"45":{"start":{"line":30,"column":112},"end":{"line":30,"column":167}},"46":{"start":{"line":30,"column":168},"end":{"line":30,"column":199}},"47":{"start":{"line":30,"column":200},"end":{"line":30,"column":254}},"48":{"start":{"line":30,"column":227},"end":{"line":30,"column":254}},"49":{"start":{"line":30,"column":255},"end":{"line":30,"column":313}},"50":{"start":{"line":32,"column":62},"end":{"line":32,"column":131}},"51":{"start":{"line":32,"column":78},"end":{"line":32,"column":131}},"52":{"start":{"line":32,"column":132},"end":{"line":32,"column":193}},"53":{"start":{"line":32,"column":149},"end":{"line":32,"column":193}},"54":{"start":{"line":32,"column":194},"end":{"line":32,"column":213}},"55":{"start":{"line":34,"column":43},"end":{"line":34,"column":182}},"56":{"start":{"line":34,"column":106},"end":{"line":34,"column":180}},"57":{"start":{"line":34,"column":183},"end":{"line":34,"column":328}},"58":{"start":{"line":34,"column":329},"end":{"line":34,"column":383}},"59":{"start":{"line":34,"column":345},"end":{"line":34,"column":383}},"60":{"start":{"line":36,"column":33},"end":{"line":36,"column":138}},"61":{"start":{"line":36,"column":109},"end":{"line":36,"column":125}},"62":{"start":{"line":36,"column":126},"end":{"line":36,"column":135}},"63":{"start":{"line":36,"column":139},"end":{"line":36,"column":168}},"64":{"start":{"line":38,"column":65},"end":{"line":38,"column":92}},"65":{"start":{"line":38,"column":94},"end":{"line":38,"column":423}},"66":{"start":{"line":38,"column":147},"end":{"line":38,"column":171}},"67":{"start":{"line":38,"column":181},"end":{"line":38,"column":371}},"68":{"start":{"line":38,"column":230},"end":{"line":38,"column":263}},"69":{"start":{"line":38,"column":265},"end":{"line":38,"column":321}},"70":{"start":{"line":38,"column":331},"end":{"line":38,"column":369}},"71":{"start":{"line":38,"column":372},"end":{"line":38,"column":420}},"72":{"start":{"line":40,"column":50},"end":{"line":40,"column":138}},"73":{"start":{"line":40,"column":124},"end":{"line":40,"column":136}},"74":{"start":{"line":40,"column":139},"end":{"line":40,"column":175}},"75":{"start":{"line":42,"column":40},"end":{"line":42,"column":151}},"76":{"start":{"line":42,"column":63},"end":{"line":42,"column":149}},"77":{"start":{"line":42,"column":152},"end":{"line":42,"column":164}},"78":{"start":{"line":44,"column":39},"end":{"line":44,"column":110}},"79":{"start":{"line":44,"column":97},"end":{"line":44,"column":110}},"80":{"start":{"line":44,"column":111},"end":{"line":44,"column":152}},"81":{"start":{"line":44,"column":139},"end":{"line":44,"column":152}},"82":{"start":{"line":44,"column":153},"end":{"line":44,"column":198}},"83":{"start":{"line":44,"column":186},"end":{"line":44,"column":198}},"84":{"start":{"line":44,"column":199},"end":{"line":44,"column":322}},"85":{"start":{"line":44,"column":205},"end":{"line":44,"column":279}},"86":{"start":{"line":44,"column":280},"end":{"line":44,"column":292}},"87":{"start":{"line":44,"column":307},"end":{"line":44,"column":320}},"88":{"start":{"line":46,"column":30},"end":{"line":46,"column":176}},"89":{"start":{"line":46,"column":126},"end":{"line":46,"column":173}},"90":{"start":{"line":46,"column":177},"end":{"line":46,"column":203}},"91":{"start":{"line":48,"column":32},"end":{"line":128,"column":22}},"92":{"start":{"line":49,"column":2},"end":{"line":49,"column":48}},"93":{"start":{"line":51,"column":15},"end":{"line":51,"column":41}},"94":{"start":{"line":54,"column":4},"end":{"line":54,"column":40}},"95":{"start":{"line":56,"column":4},"end":{"line":56,"column":41}},"96":{"start":{"line":59,"column":2},"end":{"line":125,"column":6}},"97":{"start":{"line":62,"column":24},"end":{"line":62,"column":34}},"98":{"start":{"line":63,"column":17},"end":{"line":63,"column":33}},"99":{"start":{"line":64,"column":17},"end":{"line":64,"column":33}},"100":{"start":{"line":65,"column":17},"end":{"line":65,"column":33}},"101":{"start":{"line":66,"column":23},"end":{"line":66,"column":45}},"102":{"start":{"line":67,"column":34},"end":{"line":67,"column":67}},"103":{"start":{"line":68,"column":39},"end":{"line":68,"column":77}},"104":{"start":{"line":69,"column":6},"end":{"line":123,"column":36}},"105":{"start":{"line":92,"column":10},"end":{"line":92,"column":65}},"106":{"start":{"line":102,"column":10},"end":{"line":102,"column":65}},"107":{"start":{"line":112,"column":10},"end":{"line":112,"column":65}},"108":{"start":{"line":121,"column":10},"end":{"line":121,"column":49}},"109":{"start":{"line":127,"column":2},"end":{"line":127,"column":22}},"110":{"start":{"line":131,"column":2},"end":{"line":133,"column":4}},"111":{"start":{"line":136,"column":15},"end":{"line":136,"column":70}},"112":{"start":{"line":138,"column":0},"end":{"line":138,"column":30}}},"fnMap":{"0":{"name":"_interopRequireDefault","decl":{"start":{"line":20,"column":9},"end":{"line":20,"column":31}},"loc":{"start":{"line":20,"column":37},"end":{"line":20,"column":97}},"line":20},"1":{"name":"_getRequireWildcardCache","decl":{"start":{"line":22,"column":9},"end":{"line":22,"column":33}},"loc":{"start":{"line":22,"column":36},"end":{"line":22,"column":210}},"line":22},"2":{"name":"_getRequireWildcardCache","decl":{"start":{"line":22,"column":149},"end":{"line":22,"column":173}},"loc":{"start":{"line":22,"column":176},"end":{"line":22,"column":193}},"line":22},"3":{"name":"_interopRequireWildcard","decl":{"start":{"line":24,"column":9},"end":{"line":24,"column":32}},"loc":{"start":{"line":24,"column":38},"end":{"line":24,"column":750}},"line":24},"4":{"name":"_typeof","decl":{"start":{"line":26,"column":9},"end":{"line":26,"column":16}},"loc":{"start":{"line":26,"column":22},"end":{"line":26,"column":378}},"line":26},"5":{"name":"_typeof","decl":{"start":{"line":26,"column":145},"end":{"line":26,"column":152}},"loc":{"start":{"line":26,"column":158},"end":{"line":26,"column":180}},"line":26},"6":{"name":"_typeof","decl":{"start":{"line":26,"column":210},"end":{"line":26,"column":217}},"loc":{"start":{"line":26,"column":223},"end":{"line":26,"column":352}},"line":26},"7":{"name":"_classCallCheck","decl":{"start":{"line":28,"column":9},"end":{"line":28,"column":24}},"loc":{"start":{"line":28,"column":48},"end":{"line":28,"column":153}},"line":28},"8":{"name":"_defineProperties","decl":{"start":{"line":30,"column":9},"end":{"line":30,"column":26}},"loc":{"start":{"line":30,"column":42},"end":{"line":30,"column":317}},"line":30},"9":{"name":"_createClass","decl":{"start":{"line":32,"column":9},"end":{"line":32,"column":21}},"loc":{"start":{"line":32,"column":60},"end":{"line":32,"column":215}},"line":32},"10":{"name":"_inherits","decl":{"start":{"line":34,"column":9},"end":{"line":34,"column":18}},"loc":{"start":{"line":34,"column":41},"end":{"line":34,"column":385}},"line":34},"11":{"name":"_setPrototypeOf","decl":{"start":{"line":36,"column":9},"end":{"line":36,"column":24}},"loc":{"start":{"line":36,"column":31},"end":{"line":36,"column":170}},"line":36},"12":{"name":"_setPrototypeOf","decl":{"start":{"line":36,"column":85},"end":{"line":36,"column":100}},"loc":{"start":{"line":36,"column":107},"end":{"line":36,"column":137}},"line":36},"13":{"name":"_createSuper","decl":{"start":{"line":38,"column":9},"end":{"line":38,"column":21}},"loc":{"start":{"line":38,"column":31},"end":{"line":38,"column":425}},"line":38},"14":{"name":"_createSuperInternal","decl":{"start":{"line":38,"column":110},"end":{"line":38,"column":130}},"loc":{"start":{"line":38,"column":133},"end":{"line":38,"column":422}},"line":38},"15":{"name":"_possibleConstructorReturn","decl":{"start":{"line":40,"column":9},"end":{"line":40,"column":35}},"loc":{"start":{"line":40,"column":48},"end":{"line":40,"column":177}},"line":40},"16":{"name":"_assertThisInitialized","decl":{"start":{"line":42,"column":9},"end":{"line":42,"column":31}},"loc":{"start":{"line":42,"column":38},"end":{"line":42,"column":166}},"line":42},"17":{"name":"_isNativeReflectConstruct","decl":{"start":{"line":44,"column":9},"end":{"line":44,"column":34}},"loc":{"start":{"line":44,"column":37},"end":{"line":44,"column":324}},"line":44},"18":{"name":"(anonymous_18)","decl":{"start":{"line":44,"column":262},"end":{"line":44,"column":263}},"loc":{"start":{"line":44,"column":274},"end":{"line":44,"column":276}},"line":44},"19":{"name":"_getPrototypeOf","decl":{"start":{"line":46,"column":9},"end":{"line":46,"column":24}},"loc":{"start":{"line":46,"column":28},"end":{"line":46,"column":205}},"line":46},"20":{"name":"_getPrototypeOf","decl":{"start":{"line":46,"column":105},"end":{"line":46,"column":120}},"loc":{"start":{"line":46,"column":124},"end":{"line":46,"column":175}},"line":46},"21":{"name":"(anonymous_21)","decl":{"start":{"line":48,"column":32},"end":{"line":48,"column":33}},"loc":{"start":{"line":48,"column":64},"end":{"line":128,"column":1}},"line":48},"22":{"name":"LDRComponent","decl":{"start":{"line":53,"column":11},"end":{"line":53,"column":23}},"loc":{"start":{"line":53,"column":26},"end":{"line":57,"column":3}},"line":53},"23":{"name":"render","decl":{"start":{"line":61,"column":20},"end":{"line":61,"column":26}},"loc":{"start":{"line":61,"column":29},"end":{"line":124,"column":5}},"line":61},"24":{"name":"onClick","decl":{"start":{"line":91,"column":26},"end":{"line":91,"column":33}},"loc":{"start":{"line":91,"column":36},"end":{"line":93,"column":9}},"line":91},"25":{"name":"onClick","decl":{"start":{"line":101,"column":26},"end":{"line":101,"column":33}},"loc":{"start":{"line":101,"column":36},"end":{"line":103,"column":9}},"line":101},"26":{"name":"onClick","decl":{"start":{"line":111,"column":26},"end":{"line":111,"column":33}},"loc":{"start":{"line":111,"column":36},"end":{"line":113,"column":9}},"line":111},"27":{"name":"onClick","decl":{"start":{"line":120,"column":26},"end":{"line":120,"column":33}},"loc":{"start":{"line":120,"column":36},"end":{"line":122,"column":9}},"line":120},"28":{"name":"mapStateToProps","decl":{"start":{"line":130,"column":9},"end":{"line":130,"column":24}},"loc":{"start":{"line":130,"column":32},"end":{"line":134,"column":1}},"line":130}},"branchMap":{"0":{"loc":{"start":{"line":20,"column":46},"end":{"line":20,"column":94}},"type":"cond-expr","locations":[{"start":{"line":20,"column":70},"end":{"line":20,"column":73}},{"start":{"line":20,"column":76},"end":{"line":20,"column":94}}],"line":20},"1":{"loc":{"start":{"line":20,"column":46},"end":{"line":20,"column":67}},"type":"binary-expr","locations":[{"start":{"line":20,"column":46},"end":{"line":20,"column":49}},{"start":{"line":20,"column":53},"end":{"line":20,"column":67}}],"line":20},"2":{"loc":{"start":{"line":22,"column":38},"end":{"line":22,"column":85}},"type":"if","locations":[{"start":{"line":22,"column":38},"end":{"line":22,"column":85}},{"start":{"line":22,"column":38},"end":{"line":22,"column":85}}],"line":22},"3":{"loc":{"start":{"line":24,"column":40},"end":{"line":24,"column":82}},"type":"if","locations":[{"start":{"line":24,"column":40},"end":{"line":24,"column":82}},{"start":{"line":24,"column":40},"end":{"line":24,"column":82}}],"line":24},"4":{"loc":{"start":{"line":24,"column":44},"end":{"line":24,"column":65}},"type":"binary-expr","locations":[{"start":{"line":24,"column":44},"end":{"line":24,"column":47}},{"start":{"line":24,"column":51},"end":{"line":24,"column":65}}],"line":24},"5":{"loc":{"start":{"line":24,"column":83},"end":{"line":24,"column":189}},"type":"if","locations":[{"start":{"line":24,"column":83},"end":{"line":24,"column":189}},{"start":{"line":24,"column":83},"end":{"line":24,"column":189}}],"line":24},"6":{"loc":{"start":{"line":24,"column":87},"end":{"line":24,"column":157}},"type":"binary-expr","locations":[{"start":{"line":24,"column":87},"end":{"line":24,"column":99}},{"start":{"line":24,"column":103},"end":{"line":24,"column":128}},{"start":{"line":24,"column":132},"end":{"line":24,"column":157}}],"line":24},"7":{"loc":{"start":{"line":24,"column":230},"end":{"line":24,"column":285}},"type":"if","locations":[{"start":{"line":24,"column":230},"end":{"line":24,"column":285}},{"start":{"line":24,"column":230},"end":{"line":24,"column":285}}],"line":24},"8":{"loc":{"start":{"line":24,"column":234},"end":{"line":24,"column":257}},"type":"binary-expr","locations":[{"start":{"line":24,"column":234},"end":{"line":24,"column":239}},{"start":{"line":24,"column":243},"end":{"line":24,"column":257}}],"line":24},"9":{"loc":{"start":{"line":24,"column":331},"end":{"line":24,"column":387}},"type":"binary-expr","locations":[{"start":{"line":24,"column":331},"end":{"line":24,"column":352}},{"start":{"line":24,"column":356},"end":{"line":24,"column":387}}],"line":24},"10":{"loc":{"start":{"line":24,"column":412},"end":{"line":24,"column":667}},"type":"if","locations":[{"start":{"line":24,"column":412},"end":{"line":24,"column":667}},{"start":{"line":24,"column":412},"end":{"line":24,"column":667}}],"line":24},"11":{"loc":{"start":{"line":24,"column":477},"end":{"line":24,"column":549}},"type":"cond-expr","locations":[{"start":{"line":24,"column":501},"end":{"line":24,"column":542}},{"start":{"line":24,"column":545},"end":{"line":24,"column":549}}],"line":24},"12":{"loc":{"start":{"line":24,"column":551},"end":{"line":24,"column":665}},"type":"if","locations":[{"start":{"line":24,"column":551},"end":{"line":24,"column":665}},{"start":{"line":24,"column":551},"end":{"line":24,"column":665}}],"line":24},"13":{"loc":{"start":{"line":24,"column":555},"end":{"line":24,"column":585}},"type":"binary-expr","locations":[{"start":{"line":24,"column":555},"end":{"line":24,"column":559}},{"start":{"line":24,"column":564},"end":{"line":24,"column":572}},{"start":{"line":24,"column":576},"end":{"line":24,"column":584}}],"line":24},"14":{"loc":{"start":{"line":24,"column":695},"end":{"line":24,"column":733}},"type":"if","locations":[{"start":{"line":24,"column":695},"end":{"line":24,"column":733}},{"start":{"line":24,"column":695},"end":{"line":24,"column":733}}],"line":24},"15":{"loc":{"start":{"line":26,"column":51},"end":{"line":26,"column":355}},"type":"if","locations":[{"start":{"line":26,"column":51},"end":{"line":26,"column":355}},{"start":{"line":26,"column":51},"end":{"line":26,"column":355}}],"line":26},"16":{"loc":{"start":{"line":26,"column":55},"end":{"line":26,"column":122}},"type":"binary-expr","locations":[{"start":{"line":26,"column":55},"end":{"line":26,"column":83}},{"start":{"line":26,"column":87},"end":{"line":26,"column":122}}],"line":26},"17":{"loc":{"start":{"line":26,"column":232},"end":{"line":26,"column":349}},"type":"cond-expr","locations":[{"start":{"line":26,"column":328},"end":{"line":26,"column":336}},{"start":{"line":26,"column":339},"end":{"line":26,"column":349}}],"line":26},"18":{"loc":{"start":{"line":26,"column":232},"end":{"line":26,"column":325}},"type":"binary-expr","locations":[{"start":{"line":26,"column":232},"end":{"line":26,"column":235}},{"start":{"line":26,"column":239},"end":{"line":26,"column":267}},{"start":{"line":26,"column":271},"end":{"line":26,"column":297}},{"start":{"line":26,"column":301},"end":{"line":26,"column":325}}],"line":26},"19":{"loc":{"start":{"line":28,"column":50},"end":{"line":28,"column":151}},"type":"if","locations":[{"start":{"line":28,"column":50},"end":{"line":28,"column":151}},{"start":{"line":28,"column":50},"end":{"line":28,"column":151}}],"line":28},"20":{"loc":{"start":{"line":30,"column":136},"end":{"line":30,"column":166}},"type":"binary-expr","locations":[{"start":{"line":30,"column":136},"end":{"line":30,"column":157}},{"start":{"line":30,"column":161},"end":{"line":30,"column":166}}],"line":30},"21":{"loc":{"start":{"line":30,"column":200},"end":{"line":30,"column":254}},"type":"if","locations":[{"start":{"line":30,"column":200},"end":{"line":30,"column":254}},{"start":{"line":30,"column":200},"end":{"line":30,"column":254}}],"line":30},"22":{"loc":{"start":{"line":32,"column":62},"end":{"line":32,"column":131}},"type":"if","locations":[{"start":{"line":32,"column":62},"end":{"line":32,"column":131}},{"start":{"line":32,"column":62},"end":{"line":32,"column":131}}],"line":32},"23":{"loc":{"start":{"line":32,"column":132},"end":{"line":32,"column":193}},"type":"if","locations":[{"start":{"line":32,"column":132},"end":{"line":32,"column":193}},{"start":{"line":32,"column":132},"end":{"line":32,"column":193}}],"line":32},"24":{"loc":{"start":{"line":34,"column":43},"end":{"line":34,"column":182}},"type":"if","locations":[{"start":{"line":34,"column":43},"end":{"line":34,"column":182}},{"start":{"line":34,"column":43},"end":{"line":34,"column":182}}],"line":34},"25":{"loc":{"start":{"line":34,"column":47},"end":{"line":34,"column":102}},"type":"binary-expr","locations":[{"start":{"line":34,"column":47},"end":{"line":34,"column":79}},{"start":{"line":34,"column":83},"end":{"line":34,"column":102}}],"line":34},"26":{"loc":{"start":{"line":34,"column":218},"end":{"line":34,"column":252}},"type":"binary-expr","locations":[{"start":{"line":34,"column":218},"end":{"line":34,"column":228}},{"start":{"line":34,"column":232},"end":{"line":34,"column":252}}],"line":34},"27":{"loc":{"start":{"line":34,"column":329},"end":{"line":34,"column":383}},"type":"if","locations":[{"start":{"line":34,"column":329},"end":{"line":34,"column":383}},{"start":{"line":34,"column":329},"end":{"line":34,"column":383}}],"line":34},"28":{"loc":{"start":{"line":36,"column":51},"end":{"line":36,"column":137}},"type":"binary-expr","locations":[{"start":{"line":36,"column":51},"end":{"line":36,"column":72}},{"start":{"line":36,"column":76},"end":{"line":36,"column":137}}],"line":36},"29":{"loc":{"start":{"line":38,"column":181},"end":{"line":38,"column":371}},"type":"if","locations":[{"start":{"line":38,"column":181},"end":{"line":38,"column":371}},{"start":{"line":38,"column":181},"end":{"line":38,"column":371}}],"line":38},"30":{"loc":{"start":{"line":40,"column":50},"end":{"line":40,"column":138}},"type":"if","locations":[{"start":{"line":40,"column":50},"end":{"line":40,"column":138}},{"start":{"line":40,"column":50},"end":{"line":40,"column":138}}],"line":40},"31":{"loc":{"start":{"line":40,"column":54},"end":{"line":40,"column":120}},"type":"binary-expr","locations":[{"start":{"line":40,"column":54},"end":{"line":40,"column":58}},{"start":{"line":40,"column":63},"end":{"line":40,"column":89}},{"start":{"line":40,"column":93},"end":{"line":40,"column":119}}],"line":40},"32":{"loc":{"start":{"line":42,"column":40},"end":{"line":42,"column":151}},"type":"if","locations":[{"start":{"line":42,"column":40},"end":{"line":42,"column":151}},{"start":{"line":42,"column":40},"end":{"line":42,"column":151}}],"line":42},"33":{"loc":{"start":{"line":44,"column":39},"end":{"line":44,"column":110}},"type":"if","locations":[{"start":{"line":44,"column":39},"end":{"line":44,"column":110}},{"start":{"line":44,"column":39},"end":{"line":44,"column":110}}],"line":44},"34":{"loc":{"start":{"line":44,"column":43},"end":{"line":44,"column":95}},"type":"binary-expr","locations":[{"start":{"line":44,"column":43},"end":{"line":44,"column":73}},{"start":{"line":44,"column":77},"end":{"line":44,"column":95}}],"line":44},"35":{"loc":{"start":{"line":44,"column":111},"end":{"line":44,"column":152}},"type":"if","locations":[{"start":{"line":44,"column":111},"end":{"line":44,"column":152}},{"start":{"line":44,"column":111},"end":{"line":44,"column":152}}],"line":44},"36":{"loc":{"start":{"line":44,"column":153},"end":{"line":44,"column":198}},"type":"if","locations":[{"start":{"line":44,"column":153},"end":{"line":44,"column":198}},{"start":{"line":44,"column":153},"end":{"line":44,"column":198}}],"line":44},"37":{"loc":{"start":{"line":46,"column":48},"end":{"line":46,"column":175}},"type":"cond-expr","locations":[{"start":{"line":46,"column":72},"end":{"line":46,"column":93}},{"start":{"line":46,"column":96},"end":{"line":46,"column":175}}],"line":46},"38":{"loc":{"start":{"line":46,"column":133},"end":{"line":46,"column":172}},"type":"binary-expr","locations":[{"start":{"line":46,"column":133},"end":{"line":46,"column":144}},{"start":{"line":46,"column":148},"end":{"line":46,"column":172}}],"line":46}},"s":{"0":2,"1":2,"2":2,"3":2,"4":2,"5":2,"6":2,"7":2,"8":4,"9":2,"10":0,"11":2,"12":2,"13":0,"14":2,"15":2,"16":0,"17":2,"18":0,"19":2,"20":2,"21":0,"22":2,"23":2,"24":2,"25":56,"26":56,"27":56,"28":0,"29":56,"30":2,"31":2,"32":2,"33":2,"34":2,"35":2,"36":39,"37":0,"38":0,"39":2,"40":37,"41":0,"42":2,"43":2,"44":2,"45":2,"46":2,"47":2,"48":2,"49":2,"50":2,"51":2,"52":2,"53":0,"54":2,"55":2,"56":0,"57":2,"58":2,"59":2,"60":2,"61":0,"62":0,"63":2,"64":2,"65":2,"66":37,"67":37,"68":37,"69":37,"70":0,"71":37,"72":37,"73":37,"74":0,"75":0,"76":0,"77":0,"78":2,"79":0,"80":2,"81":0,"82":2,"83":2,"84":0,"85":0,"86":0,"87":0,"88":2,"89":0,"90":2,"91":2,"92":2,"93":2,"94":37,"95":37,"96":2,"97":398,"98":398,"99":398,"100":398,"101":398,"102":398,"103":398,"104":398,"105":0,"106":0,"107":0,"108":0,"109":2,"110":722,"111":2,"112":2},"f":{"0":4,"1":2,"2":0,"3":2,"4":2,"5":39,"6":0,"7":37,"8":2,"9":2,"10":2,"11":2,"12":0,"13":2,"14":37,"15":37,"16":0,"17":2,"18":0,"19":2,"20":0,"21":2,"22":37,"23":398,"24":0,"25":0,"26":0,"27":0,"28":722},"b":{"0":[4,0],"1":[4,4],"2":[0,2],"3":[0,2],"4":[2,2],"5":[0,2],"6":[2,2,0],"7":[0,2],"8":[2,2],"9":[2,2],"10":[56,0],"11":[56,0],"12":[0,56],"13":[56,56,56],"14":[2,0],"15":[2,0],"16":[2,2],"17":[0,0],"18":[0,0,0,0],"19":[0,37],"20":[2,2],"21":[2,0],"22":[2,0],"23":[0,2],"24":[0,2],"25":[2,0],"26":[2,2],"27":[2,0],"28":[2,0],"29":[37,0],"30":[37,0],"31":[37,37,0],"32":[0,0],"33":[0,2],"34":[2,2],"35":[0,2],"36":[2,0],"37":[2,0],"38":[0,0]},"_coverageSchema":"1a1c01bbd47fc00a2c39e90264f33305004495a9","hash":"0dc9245243a3e07508a8004abbc258a609535d1d"}
,"/home/Christian/clone/little-differ-react/lib/components/mergePanels/component.js": {"path":"/home/Christian/clone/little-differ-react/lib/components/mergePanels/component.js","statementMap":{"0":{"start":{"line":3,"column":0},"end":{"line":5,"column":3}},"1":{"start":{"line":6,"column":0},"end":{"line":6,"column":28}},"2":{"start":{"line":8,"column":12},"end":{"line":8,"column":53}},"3":{"start":{"line":10,"column":18},"end":{"line":10,"column":39}},"4":{"start":{"line":12,"column":23},"end":{"line":12,"column":51}},"5":{"start":{"line":14,"column":12},"end":{"line":14,"column":69}},"6":{"start":{"line":16,"column":20},"end":{"line":16,"column":73}},"7":{"start":{"line":18,"column":14},"end":{"line":18,"column":63}},"8":{"start":{"line":20,"column":17},"end":{"line":20,"column":79}},"9":{"start":{"line":22,"column":24},"end":{"line":22,"column":87}},"10":{"start":{"line":24,"column":19},"end":{"line":24,"column":77}},"11":{"start":{"line":26,"column":13},"end":{"line":26,"column":59}},"12":{"start":{"line":28,"column":39},"end":{"line":28,"column":95}},"13":{"start":{"line":30,"column":38},"end":{"line":30,"column":85}},"14":{"start":{"line":30,"column":73},"end":{"line":30,"column":85}},"15":{"start":{"line":30,"column":98},"end":{"line":30,"column":111}},"16":{"start":{"line":30,"column":113},"end":{"line":30,"column":194}},"17":{"start":{"line":30,"column":178},"end":{"line":30,"column":191}},"18":{"start":{"line":30,"column":195},"end":{"line":30,"column":208}},"19":{"start":{"line":32,"column":40},"end":{"line":32,"column":82}},"20":{"start":{"line":32,"column":69},"end":{"line":32,"column":80}},"21":{"start":{"line":32,"column":83},"end":{"line":32,"column":189}},"22":{"start":{"line":32,"column":161},"end":{"line":32,"column":187}},"23":{"start":{"line":32,"column":202},"end":{"line":32,"column":228}},"24":{"start":{"line":32,"column":230},"end":{"line":32,"column":285}},"25":{"start":{"line":32,"column":261},"end":{"line":32,"column":283}},"26":{"start":{"line":32,"column":299},"end":{"line":32,"column":301}},"27":{"start":{"line":32,"column":331},"end":{"line":32,"column":387}},"28":{"start":{"line":32,"column":389},"end":{"line":32,"column":669}},"29":{"start":{"line":32,"column":412},"end":{"line":32,"column":667}},"30":{"start":{"line":32,"column":477},"end":{"line":32,"column":549}},"31":{"start":{"line":32,"column":551},"end":{"line":32,"column":665}},"32":{"start":{"line":32,"column":589},"end":{"line":32,"column":630}},"33":{"start":{"line":32,"column":640},"end":{"line":32,"column":663}},"34":{"start":{"line":32,"column":670},"end":{"line":32,"column":694}},"35":{"start":{"line":32,"column":695},"end":{"line":32,"column":733}},"36":{"start":{"line":32,"column":708},"end":{"line":32,"column":731}},"37":{"start":{"line":32,"column":734},"end":{"line":32,"column":748}},"38":{"start":{"line":34,"column":51},"end":{"line":34,"column":355}},"39":{"start":{"line":34,"column":126},"end":{"line":34,"column":181}},"40":{"start":{"line":34,"column":160},"end":{"line":34,"column":178}},"41":{"start":{"line":34,"column":191},"end":{"line":34,"column":353}},"42":{"start":{"line":34,"column":225},"end":{"line":34,"column":350}},"43":{"start":{"line":34,"column":356},"end":{"line":34,"column":376}},"44":{"start":{"line":36,"column":50},"end":{"line":36,"column":151}},"45":{"start":{"line":36,"column":92},"end":{"line":36,"column":149}},"46":{"start":{"line":38,"column":44},"end":{"line":38,"column":315}},"47":{"start":{"line":38,"column":57},"end":{"line":38,"column":58}},"48":{"start":{"line":38,"column":102},"end":{"line":38,"column":110}},"49":{"start":{"line":38,"column":112},"end":{"line":38,"column":167}},"50":{"start":{"line":38,"column":168},"end":{"line":38,"column":199}},"51":{"start":{"line":38,"column":200},"end":{"line":38,"column":254}},"52":{"start":{"line":38,"column":227},"end":{"line":38,"column":254}},"53":{"start":{"line":38,"column":255},"end":{"line":38,"column":313}},"54":{"start":{"line":40,"column":62},"end":{"line":40,"column":131}},"55":{"start":{"line":40,"column":78},"end":{"line":40,"column":131}},"56":{"start":{"line":40,"column":132},"end":{"line":40,"column":193}},"57":{"start":{"line":40,"column":149},"end":{"line":40,"column":193}},"58":{"start":{"line":40,"column":194},"end":{"line":40,"column":213}},"59":{"start":{"line":42,"column":43},"end":{"line":42,"column":182}},"60":{"start":{"line":42,"column":106},"end":{"line":42,"column":180}},"61":{"start":{"line":42,"column":183},"end":{"line":42,"column":328}},"62":{"start":{"line":42,"column":329},"end":{"line":42,"column":383}},"63":{"start":{"line":42,"column":345},"end":{"line":42,"column":383}},"64":{"start":{"line":44,"column":33},"end":{"line":44,"column":138}},"65":{"start":{"line":44,"column":109},"end":{"line":44,"column":125}},"66":{"start":{"line":44,"column":126},"end":{"line":44,"column":135}},"67":{"start":{"line":44,"column":139},"end":{"line":44,"column":168}},"68":{"start":{"line":46,"column":65},"end":{"line":46,"column":92}},"69":{"start":{"line":46,"column":94},"end":{"line":46,"column":423}},"70":{"start":{"line":46,"column":147},"end":{"line":46,"column":171}},"71":{"start":{"line":46,"column":181},"end":{"line":46,"column":371}},"72":{"start":{"line":46,"column":230},"end":{"line":46,"column":263}},"73":{"start":{"line":46,"column":265},"end":{"line":46,"column":321}},"74":{"start":{"line":46,"column":331},"end":{"line":46,"column":369}},"75":{"start":{"line":46,"column":372},"end":{"line":46,"column":420}},"76":{"start":{"line":48,"column":50},"end":{"line":48,"column":138}},"77":{"start":{"line":48,"column":124},"end":{"line":48,"column":136}},"78":{"start":{"line":48,"column":139},"end":{"line":48,"column":175}},"79":{"start":{"line":50,"column":40},"end":{"line":50,"column":151}},"80":{"start":{"line":50,"column":63},"end":{"line":50,"column":149}},"81":{"start":{"line":50,"column":152},"end":{"line":50,"column":164}},"82":{"start":{"line":52,"column":39},"end":{"line":52,"column":110}},"83":{"start":{"line":52,"column":97},"end":{"line":52,"column":110}},"84":{"start":{"line":52,"column":111},"end":{"line":52,"column":152}},"85":{"start":{"line":52,"column":139},"end":{"line":52,"column":152}},"86":{"start":{"line":52,"column":153},"end":{"line":52,"column":198}},"87":{"start":{"line":52,"column":186},"end":{"line":52,"column":198}},"88":{"start":{"line":52,"column":199},"end":{"line":52,"column":322}},"89":{"start":{"line":52,"column":205},"end":{"line":52,"column":279}},"90":{"start":{"line":52,"column":280},"end":{"line":52,"column":292}},"91":{"start":{"line":52,"column":307},"end":{"line":52,"column":320}},"92":{"start":{"line":54,"column":30},"end":{"line":54,"column":176}},"93":{"start":{"line":54,"column":126},"end":{"line":54,"column":173}},"94":{"start":{"line":54,"column":177},"end":{"line":54,"column":203}},"95":{"start":{"line":59,"column":14},"end":{"line":59,"column":16}},"96":{"start":{"line":61,"column":40},"end":{"line":217,"column":22}},"97":{"start":{"line":62,"column":2},"end":{"line":62,"column":56}},"98":{"start":{"line":64,"column":15},"end":{"line":64,"column":49}},"99":{"start":{"line":66,"column":2},"end":{"line":91,"column":6}},"100":{"start":{"line":69,"column":6},"end":{"line":69,"column":73}},"101":{"start":{"line":74,"column":6},"end":{"line":74,"column":62}},"102":{"start":{"line":79,"column":6},"end":{"line":79,"column":27}},"103":{"start":{"line":80,"column":6},"end":{"line":80,"column":21}},"104":{"start":{"line":85,"column":6},"end":{"line":85,"column":98}},"105":{"start":{"line":96,"column":4},"end":{"line":96,"column":48}},"106":{"start":{"line":98,"column":4},"end":{"line":98,"column":37}},"107":{"start":{"line":99,"column":4},"end":{"line":99,"column":17}},"108":{"start":{"line":100,"column":4},"end":{"line":100,"column":53}},"109":{"start":{"line":101,"column":4},"end":{"line":101,"column":17}},"110":{"start":{"line":104,"column":2},"end":{"line":214,"column":6}},"111":{"start":{"line":107,"column":6},"end":{"line":107,"column":62}},"112":{"start":{"line":121,"column":24},"end":{"line":121,"column":34}},"113":{"start":{"line":122,"column":17},"end":{"line":122,"column":33}},"114":{"start":{"line":123,"column":17},"end":{"line":123,"column":33}},"115":{"start":{"line":124,"column":17},"end":{"line":124,"column":33}},"116":{"start":{"line":132,"column":24},"end":{"line":132,"column":78}},"117":{"start":{"line":133,"column":6},"end":{"line":133,"column":65}},"118":{"start":{"line":135,"column":20},"end":{"line":135,"column":26}},"119":{"start":{"line":136,"column":19},"end":{"line":136,"column":24}},"120":{"start":{"line":137,"column":20},"end":{"line":137,"column":54}},"121":{"start":{"line":138,"column":20},"end":{"line":138,"column":54}},"122":{"start":{"line":139,"column":20},"end":{"line":139,"column":54}},"123":{"start":{"line":140,"column":6},"end":{"line":212,"column":14}},"124":{"start":{"line":158,"column":10},"end":{"line":158,"column":64}},"125":{"start":{"line":162,"column":10},"end":{"line":162,"column":22}},"126":{"start":{"line":182,"column":10},"end":{"line":182,"column":64}},"127":{"start":{"line":186,"column":10},"end":{"line":186,"column":67}},"128":{"start":{"line":206,"column":10},"end":{"line":206,"column":64}},"129":{"start":{"line":210,"column":10},"end":{"line":210,"column":22}},"130":{"start":{"line":216,"column":2},"end":{"line":216,"column":30}},"131":{"start":{"line":219,"column":15},"end":{"line":219,"column":35}},"132":{"start":{"line":220,"column":0},"end":{"line":220,"column":30}}},"fnMap":{"0":{"name":"_interopRequireDefault","decl":{"start":{"line":28,"column":9},"end":{"line":28,"column":31}},"loc":{"start":{"line":28,"column":37},"end":{"line":28,"column":97}},"line":28},"1":{"name":"_getRequireWildcardCache","decl":{"start":{"line":30,"column":9},"end":{"line":30,"column":33}},"loc":{"start":{"line":30,"column":36},"end":{"line":30,"column":210}},"line":30},"2":{"name":"_getRequireWildcardCache","decl":{"start":{"line":30,"column":149},"end":{"line":30,"column":173}},"loc":{"start":{"line":30,"column":176},"end":{"line":30,"column":193}},"line":30},"3":{"name":"_interopRequireWildcard","decl":{"start":{"line":32,"column":9},"end":{"line":32,"column":32}},"loc":{"start":{"line":32,"column":38},"end":{"line":32,"column":750}},"line":32},"4":{"name":"_typeof","decl":{"start":{"line":34,"column":9},"end":{"line":34,"column":16}},"loc":{"start":{"line":34,"column":22},"end":{"line":34,"column":378}},"line":34},"5":{"name":"_typeof","decl":{"start":{"line":34,"column":145},"end":{"line":34,"column":152}},"loc":{"start":{"line":34,"column":158},"end":{"line":34,"column":180}},"line":34},"6":{"name":"_typeof","decl":{"start":{"line":34,"column":210},"end":{"line":34,"column":217}},"loc":{"start":{"line":34,"column":223},"end":{"line":34,"column":352}},"line":34},"7":{"name":"_classCallCheck","decl":{"start":{"line":36,"column":9},"end":{"line":36,"column":24}},"loc":{"start":{"line":36,"column":48},"end":{"line":36,"column":153}},"line":36},"8":{"name":"_defineProperties","decl":{"start":{"line":38,"column":9},"end":{"line":38,"column":26}},"loc":{"start":{"line":38,"column":42},"end":{"line":38,"column":317}},"line":38},"9":{"name":"_createClass","decl":{"start":{"line":40,"column":9},"end":{"line":40,"column":21}},"loc":{"start":{"line":40,"column":60},"end":{"line":40,"column":215}},"line":40},"10":{"name":"_inherits","decl":{"start":{"line":42,"column":9},"end":{"line":42,"column":18}},"loc":{"start":{"line":42,"column":41},"end":{"line":42,"column":385}},"line":42},"11":{"name":"_setPrototypeOf","decl":{"start":{"line":44,"column":9},"end":{"line":44,"column":24}},"loc":{"start":{"line":44,"column":31},"end":{"line":44,"column":170}},"line":44},"12":{"name":"_setPrototypeOf","decl":{"start":{"line":44,"column":85},"end":{"line":44,"column":100}},"loc":{"start":{"line":44,"column":107},"end":{"line":44,"column":137}},"line":44},"13":{"name":"_createSuper","decl":{"start":{"line":46,"column":9},"end":{"line":46,"column":21}},"loc":{"start":{"line":46,"column":31},"end":{"line":46,"column":425}},"line":46},"14":{"name":"_createSuperInternal","decl":{"start":{"line":46,"column":110},"end":{"line":46,"column":130}},"loc":{"start":{"line":46,"column":133},"end":{"line":46,"column":422}},"line":46},"15":{"name":"_possibleConstructorReturn","decl":{"start":{"line":48,"column":9},"end":{"line":48,"column":35}},"loc":{"start":{"line":48,"column":48},"end":{"line":48,"column":177}},"line":48},"16":{"name":"_assertThisInitialized","decl":{"start":{"line":50,"column":9},"end":{"line":50,"column":31}},"loc":{"start":{"line":50,"column":38},"end":{"line":50,"column":166}},"line":50},"17":{"name":"_isNativeReflectConstruct","decl":{"start":{"line":52,"column":9},"end":{"line":52,"column":34}},"loc":{"start":{"line":52,"column":37},"end":{"line":52,"column":324}},"line":52},"18":{"name":"(anonymous_18)","decl":{"start":{"line":52,"column":262},"end":{"line":52,"column":263}},"loc":{"start":{"line":52,"column":274},"end":{"line":52,"column":276}},"line":52},"19":{"name":"_getPrototypeOf","decl":{"start":{"line":54,"column":9},"end":{"line":54,"column":24}},"loc":{"start":{"line":54,"column":28},"end":{"line":54,"column":205}},"line":54},"20":{"name":"_getPrototypeOf","decl":{"start":{"line":54,"column":105},"end":{"line":54,"column":120}},"loc":{"start":{"line":54,"column":124},"end":{"line":54,"column":175}},"line":54},"21":{"name":"(anonymous_21)","decl":{"start":{"line":61,"column":40},"end":{"line":61,"column":41}},"loc":{"start":{"line":61,"column":72},"end":{"line":217,"column":1}},"line":61},"22":{"name":"handleAddPair","decl":{"start":{"line":68,"column":20},"end":{"line":68,"column":33}},"loc":{"start":{"line":68,"column":47},"end":{"line":70,"column":5}},"line":68},"23":{"name":"handleUpdateNewDoc","decl":{"start":{"line":73,"column":20},"end":{"line":73,"column":38}},"loc":{"start":{"line":73,"column":46},"end":{"line":75,"column":5}},"line":73},"24":{"name":"updateTempDoc","decl":{"start":{"line":78,"column":20},"end":{"line":78,"column":33}},"loc":{"start":{"line":78,"column":46},"end":{"line":81,"column":5}},"line":78},"25":{"name":"addToEqualValues","decl":{"start":{"line":84,"column":20},"end":{"line":84,"column":36}},"loc":{"start":{"line":84,"column":50},"end":{"line":86,"column":5}},"line":84},"26":{"name":"MergePanelsComponent","decl":{"start":{"line":93,"column":11},"end":{"line":93,"column":31}},"loc":{"start":{"line":93,"column":39},"end":{"line":102,"column":3}},"line":93},"27":{"name":"componentDidMount","decl":{"start":{"line":106,"column":20},"end":{"line":106,"column":37}},"loc":{"start":{"line":106,"column":40},"end":{"line":108,"column":5}},"line":106},"28":{"name":"render","decl":{"start":{"line":120,"column":20},"end":{"line":120,"column":26}},"loc":{"start":{"line":120,"column":29},"end":{"line":213,"column":5}},"line":120},"29":{"name":"addPair","decl":{"start":{"line":157,"column":26},"end":{"line":157,"column":33}},"loc":{"start":{"line":157,"column":46},"end":{"line":159,"column":9}},"line":157},"30":{"name":"addToEqualValues","decl":{"start":{"line":161,"column":35},"end":{"line":161,"column":51}},"loc":{"start":{"line":161,"column":64},"end":{"line":163,"column":9}},"line":161},"31":{"name":"addPair","decl":{"start":{"line":181,"column":26},"end":{"line":181,"column":33}},"loc":{"start":{"line":181,"column":46},"end":{"line":183,"column":9}},"line":181},"32":{"name":"addToEqualValues","decl":{"start":{"line":185,"column":35},"end":{"line":185,"column":51}},"loc":{"start":{"line":185,"column":64},"end":{"line":187,"column":9}},"line":185},"33":{"name":"addPair","decl":{"start":{"line":205,"column":26},"end":{"line":205,"column":33}},"loc":{"start":{"line":205,"column":46},"end":{"line":207,"column":9}},"line":205},"34":{"name":"addToEqualValues","decl":{"start":{"line":209,"column":35},"end":{"line":209,"column":51}},"loc":{"start":{"line":209,"column":64},"end":{"line":211,"column":9}},"line":209}},"branchMap":{"0":{"loc":{"start":{"line":28,"column":46},"end":{"line":28,"column":94}},"type":"cond-expr","locations":[{"start":{"line":28,"column":70},"end":{"line":28,"column":73}},{"start":{"line":28,"column":76},"end":{"line":28,"column":94}}],"line":28},"1":{"loc":{"start":{"line":28,"column":46},"end":{"line":28,"column":67}},"type":"binary-expr","locations":[{"start":{"line":28,"column":46},"end":{"line":28,"column":49}},{"start":{"line":28,"column":53},"end":{"line":28,"column":67}}],"line":28},"2":{"loc":{"start":{"line":30,"column":38},"end":{"line":30,"column":85}},"type":"if","locations":[{"start":{"line":30,"column":38},"end":{"line":30,"column":85}},{"start":{"line":30,"column":38},"end":{"line":30,"column":85}}],"line":30},"3":{"loc":{"start":{"line":32,"column":40},"end":{"line":32,"column":82}},"type":"if","locations":[{"start":{"line":32,"column":40},"end":{"line":32,"column":82}},{"start":{"line":32,"column":40},"end":{"line":32,"column":82}}],"line":32},"4":{"loc":{"start":{"line":32,"column":44},"end":{"line":32,"column":65}},"type":"binary-expr","locations":[{"start":{"line":32,"column":44},"end":{"line":32,"column":47}},{"start":{"line":32,"column":51},"end":{"line":32,"column":65}}],"line":32},"5":{"loc":{"start":{"line":32,"column":83},"end":{"line":32,"column":189}},"type":"if","locations":[{"start":{"line":32,"column":83},"end":{"line":32,"column":189}},{"start":{"line":32,"column":83},"end":{"line":32,"column":189}}],"line":32},"6":{"loc":{"start":{"line":32,"column":87},"end":{"line":32,"column":157}},"type":"binary-expr","locations":[{"start":{"line":32,"column":87},"end":{"line":32,"column":99}},{"start":{"line":32,"column":103},"end":{"line":32,"column":128}},{"start":{"line":32,"column":132},"end":{"line":32,"column":157}}],"line":32},"7":{"loc":{"start":{"line":32,"column":230},"end":{"line":32,"column":285}},"type":"if","locations":[{"start":{"line":32,"column":230},"end":{"line":32,"column":285}},{"start":{"line":32,"column":230},"end":{"line":32,"column":285}}],"line":32},"8":{"loc":{"start":{"line":32,"column":234},"end":{"line":32,"column":257}},"type":"binary-expr","locations":[{"start":{"line":32,"column":234},"end":{"line":32,"column":239}},{"start":{"line":32,"column":243},"end":{"line":32,"column":257}}],"line":32},"9":{"loc":{"start":{"line":32,"column":331},"end":{"line":32,"column":387}},"type":"binary-expr","locations":[{"start":{"line":32,"column":331},"end":{"line":32,"column":352}},{"start":{"line":32,"column":356},"end":{"line":32,"column":387}}],"line":32},"10":{"loc":{"start":{"line":32,"column":412},"end":{"line":32,"column":667}},"type":"if","locations":[{"start":{"line":32,"column":412},"end":{"line":32,"column":667}},{"start":{"line":32,"column":412},"end":{"line":32,"column":667}}],"line":32},"11":{"loc":{"start":{"line":32,"column":477},"end":{"line":32,"column":549}},"type":"cond-expr","locations":[{"start":{"line":32,"column":501},"end":{"line":32,"column":542}},{"start":{"line":32,"column":545},"end":{"line":32,"column":549}}],"line":32},"12":{"loc":{"start":{"line":32,"column":551},"end":{"line":32,"column":665}},"type":"if","locations":[{"start":{"line":32,"column":551},"end":{"line":32,"column":665}},{"start":{"line":32,"column":551},"end":{"line":32,"column":665}}],"line":32},"13":{"loc":{"start":{"line":32,"column":555},"end":{"line":32,"column":585}},"type":"binary-expr","locations":[{"start":{"line":32,"column":555},"end":{"line":32,"column":559}},{"start":{"line":32,"column":564},"end":{"line":32,"column":572}},{"start":{"line":32,"column":576},"end":{"line":32,"column":584}}],"line":32},"14":{"loc":{"start":{"line":32,"column":695},"end":{"line":32,"column":733}},"type":"if","locations":[{"start":{"line":32,"column":695},"end":{"line":32,"column":733}},{"start":{"line":32,"column":695},"end":{"line":32,"column":733}}],"line":32},"15":{"loc":{"start":{"line":34,"column":51},"end":{"line":34,"column":355}},"type":"if","locations":[{"start":{"line":34,"column":51},"end":{"line":34,"column":355}},{"start":{"line":34,"column":51},"end":{"line":34,"column":355}}],"line":34},"16":{"loc":{"start":{"line":34,"column":55},"end":{"line":34,"column":122}},"type":"binary-expr","locations":[{"start":{"line":34,"column":55},"end":{"line":34,"column":83}},{"start":{"line":34,"column":87},"end":{"line":34,"column":122}}],"line":34},"17":{"loc":{"start":{"line":34,"column":232},"end":{"line":34,"column":349}},"type":"cond-expr","locations":[{"start":{"line":34,"column":328},"end":{"line":34,"column":336}},{"start":{"line":34,"column":339},"end":{"line":34,"column":349}}],"line":34},"18":{"loc":{"start":{"line":34,"column":232},"end":{"line":34,"column":325}},"type":"binary-expr","locations":[{"start":{"line":34,"column":232},"end":{"line":34,"column":235}},{"start":{"line":34,"column":239},"end":{"line":34,"column":267}},{"start":{"line":34,"column":271},"end":{"line":34,"column":297}},{"start":{"line":34,"column":301},"end":{"line":34,"column":325}}],"line":34},"19":{"loc":{"start":{"line":36,"column":50},"end":{"line":36,"column":151}},"type":"if","locations":[{"start":{"line":36,"column":50},"end":{"line":36,"column":151}},{"start":{"line":36,"column":50},"end":{"line":36,"column":151}}],"line":36},"20":{"loc":{"start":{"line":38,"column":136},"end":{"line":38,"column":166}},"type":"binary-expr","locations":[{"start":{"line":38,"column":136},"end":{"line":38,"column":157}},{"start":{"line":38,"column":161},"end":{"line":38,"column":166}}],"line":38},"21":{"loc":{"start":{"line":38,"column":200},"end":{"line":38,"column":254}},"type":"if","locations":[{"start":{"line":38,"column":200},"end":{"line":38,"column":254}},{"start":{"line":38,"column":200},"end":{"line":38,"column":254}}],"line":38},"22":{"loc":{"start":{"line":40,"column":62},"end":{"line":40,"column":131}},"type":"if","locations":[{"start":{"line":40,"column":62},"end":{"line":40,"column":131}},{"start":{"line":40,"column":62},"end":{"line":40,"column":131}}],"line":40},"23":{"loc":{"start":{"line":40,"column":132},"end":{"line":40,"column":193}},"type":"if","locations":[{"start":{"line":40,"column":132},"end":{"line":40,"column":193}},{"start":{"line":40,"column":132},"end":{"line":40,"column":193}}],"line":40},"24":{"loc":{"start":{"line":42,"column":43},"end":{"line":42,"column":182}},"type":"if","locations":[{"start":{"line":42,"column":43},"end":{"line":42,"column":182}},{"start":{"line":42,"column":43},"end":{"line":42,"column":182}}],"line":42},"25":{"loc":{"start":{"line":42,"column":47},"end":{"line":42,"column":102}},"type":"binary-expr","locations":[{"start":{"line":42,"column":47},"end":{"line":42,"column":79}},{"start":{"line":42,"column":83},"end":{"line":42,"column":102}}],"line":42},"26":{"loc":{"start":{"line":42,"column":218},"end":{"line":42,"column":252}},"type":"binary-expr","locations":[{"start":{"line":42,"column":218},"end":{"line":42,"column":228}},{"start":{"line":42,"column":232},"end":{"line":42,"column":252}}],"line":42},"27":{"loc":{"start":{"line":42,"column":329},"end":{"line":42,"column":383}},"type":"if","locations":[{"start":{"line":42,"column":329},"end":{"line":42,"column":383}},{"start":{"line":42,"column":329},"end":{"line":42,"column":383}}],"line":42},"28":{"loc":{"start":{"line":44,"column":51},"end":{"line":44,"column":137}},"type":"binary-expr","locations":[{"start":{"line":44,"column":51},"end":{"line":44,"column":72}},{"start":{"line":44,"column":76},"end":{"line":44,"column":137}}],"line":44},"29":{"loc":{"start":{"line":46,"column":181},"end":{"line":46,"column":371}},"type":"if","locations":[{"start":{"line":46,"column":181},"end":{"line":46,"column":371}},{"start":{"line":46,"column":181},"end":{"line":46,"column":371}}],"line":46},"30":{"loc":{"start":{"line":48,"column":50},"end":{"line":48,"column":138}},"type":"if","locations":[{"start":{"line":48,"column":50},"end":{"line":48,"column":138}},{"start":{"line":48,"column":50},"end":{"line":48,"column":138}}],"line":48},"31":{"loc":{"start":{"line":48,"column":54},"end":{"line":48,"column":120}},"type":"binary-expr","locations":[{"start":{"line":48,"column":54},"end":{"line":48,"column":58}},{"start":{"line":48,"column":63},"end":{"line":48,"column":89}},{"start":{"line":48,"column":93},"end":{"line":48,"column":119}}],"line":48},"32":{"loc":{"start":{"line":50,"column":40},"end":{"line":50,"column":151}},"type":"if","locations":[{"start":{"line":50,"column":40},"end":{"line":50,"column":151}},{"start":{"line":50,"column":40},"end":{"line":50,"column":151}}],"line":50},"33":{"loc":{"start":{"line":52,"column":39},"end":{"line":52,"column":110}},"type":"if","locations":[{"start":{"line":52,"column":39},"end":{"line":52,"column":110}},{"start":{"line":52,"column":39},"end":{"line":52,"column":110}}],"line":52},"34":{"loc":{"start":{"line":52,"column":43},"end":{"line":52,"column":95}},"type":"binary-expr","locations":[{"start":{"line":52,"column":43},"end":{"line":52,"column":73}},{"start":{"line":52,"column":77},"end":{"line":52,"column":95}}],"line":52},"35":{"loc":{"start":{"line":52,"column":111},"end":{"line":52,"column":152}},"type":"if","locations":[{"start":{"line":52,"column":111},"end":{"line":52,"column":152}},{"start":{"line":52,"column":111},"end":{"line":52,"column":152}}],"line":52},"36":{"loc":{"start":{"line":52,"column":153},"end":{"line":52,"column":198}},"type":"if","locations":[{"start":{"line":52,"column":153},"end":{"line":52,"column":198}},{"start":{"line":52,"column":153},"end":{"line":52,"column":198}}],"line":52},"37":{"loc":{"start":{"line":54,"column":48},"end":{"line":54,"column":175}},"type":"cond-expr","locations":[{"start":{"line":54,"column":72},"end":{"line":54,"column":93}},{"start":{"line":54,"column":96},"end":{"line":54,"column":175}}],"line":54},"38":{"loc":{"start":{"line":54,"column":133},"end":{"line":54,"column":172}},"type":"binary-expr","locations":[{"start":{"line":54,"column":133},"end":{"line":54,"column":144}},{"start":{"line":54,"column":148},"end":{"line":54,"column":172}}],"line":54}},"s":{"0":2,"1":2,"2":2,"3":2,"4":2,"5":2,"6":2,"7":2,"8":2,"9":2,"10":2,"11":2,"12":10,"13":2,"14":0,"15":2,"16":2,"17":0,"18":2,"19":4,"20":2,"21":2,"22":0,"23":2,"24":2,"25":0,"26":2,"27":2,"28":2,"29":56,"30":56,"31":56,"32":0,"33":56,"34":2,"35":2,"36":2,"37":2,"38":2,"39":2,"40":39,"41":0,"42":0,"43":2,"44":37,"45":0,"46":4,"47":4,"48":12,"49":12,"50":12,"51":12,"52":12,"53":12,"54":4,"55":2,"56":4,"57":2,"58":4,"59":2,"60":0,"61":2,"62":2,"63":2,"64":2,"65":0,"66":0,"67":2,"68":2,"69":2,"70":37,"71":37,"72":37,"73":37,"74":0,"75":37,"76":37,"77":37,"78":0,"79":0,"80":0,"81":0,"82":2,"83":0,"84":2,"85":0,"86":2,"87":2,"88":0,"89":0,"90":0,"91":0,"92":2,"93":0,"94":2,"95":2,"96":2,"97":2,"98":2,"99":2,"100":0,"101":74,"102":76,"103":76,"104":76,"105":37,"106":37,"107":37,"108":37,"109":37,"110":2,"111":37,"112":37,"113":37,"114":37,"115":37,"116":37,"117":37,"118":37,"119":37,"120":37,"121":37,"122":37,"123":37,"124":0,"125":76,"126":0,"127":76,"128":0,"129":76,"130":2,"131":2,"132":2},"f":{"0":10,"1":2,"2":0,"3":4,"4":2,"5":39,"6":0,"7":37,"8":4,"9":4,"10":2,"11":2,"12":0,"13":2,"14":37,"15":37,"16":0,"17":2,"18":0,"19":2,"20":0,"21":2,"22":0,"23":74,"24":76,"25":76,"26":37,"27":37,"28":37,"29":0,"30":76,"31":0,"32":76,"33":0,"34":76},"b":{"0":[10,0],"1":[10,10],"2":[0,2],"3":[2,2],"4":[4,4],"5":[0,2],"6":[2,2,0],"7":[0,2],"8":[2,2],"9":[2,2],"10":[56,0],"11":[56,0],"12":[0,56],"13":[56,56,56],"14":[2,0],"15":[2,0],"16":[2,2],"17":[0,0],"18":[0,0,0,0],"19":[0,37],"20":[12,12],"21":[12,0],"22":[2,2],"23":[2,2],"24":[0,2],"25":[2,0],"26":[2,2],"27":[2,0],"28":[2,0],"29":[37,0],"30":[37,0],"31":[37,37,0],"32":[0,0],"33":[0,2],"34":[2,2],"35":[0,2],"36":[2,0],"37":[2,0],"38":[0,0]},"_coverageSchema":"1a1c01bbd47fc00a2c39e90264f33305004495a9","hash":"b6959fed4675e70ab6677ffcec76f2b4c1f2f4a9"}
[...]
e":337,"column":15}},"type":"if","locations":[{"start":{"line":321,"column":21},"end":{"line":337,"column":15}},{"start":{"line":321,"column":21},"end":{"line":337,"column":15}}],"line":321},"33":{"loc":{"start":{"line":321,"column":25},"end":{"line":324,"column":83}},"type":"binary-expr","locations":[{"start":{"line":321,"column":26},"end":{"line":321,"column":42}},{"start":{"line":322,"column":19},"end":{"line":322,"column":82}},{"start":{"line":323,"column":20},"end":{"line":323,"column":36}},{"start":{"line":324,"column":19},"end":{"line":324,"column":82}}],"line":321}},"s":{"0":0,"1":0,"2":0,"3":0,"4":0,"5":0,"6":0,"7":0,"8":0,"9":596,"10":596,"11":71,"12":525,"13":20,"14":505,"15":596,"16":78,"17":0,"18":518,"19":0,"20":455,"21":455,"22":455,"23":455,"24":455,"25":455,"26":455,"27":455,"28":455,"29":455,"30":455,"31":455,"32":455,"33":151,"34":151,"35":151,"36":304,"37":148,"38":148,"39":148,"40":156,"41":156,"42":156,"43":156,"44":455,"45":87,"46":455,"47":181,"48":274,"49":63,"50":211,"51":0,"52":455,"53":123,"54":332,"55":73,"56":259,"57":0,"58":455,"59":286,"60":169,"61":21,"62":21,"63":21,"64":19,"65":2,"66":2,"67":2,"68":148,"69":42,"70":106,"71":52,"72":169,"73":231,"74":228,"75":228,"76":228,"77":228,"78":228,"79":228,"80":228,"81":228,"82":228,"83":40,"84":40,"85":382,"86":382,"87":954,"88":954,"89":954,"90":954,"91":954,"92":954,"93":954,"94":231,"95":723,"96":87,"97":636,"98":78,"99":558,"100":71,"101":487,"102":20,"103":467,"104":40,"105":636,"106":40,"107":596,"108":228,"109":368,"110":20,"111":348,"112":169,"113":169,"114":169,"115":254,"116":169,"117":111,"118":111,"119":111},"f":{"0":0,"1":0,"2":596,"3":0,"4":0,"5":455,"6":231,"7":228,"8":40,"9":382,"10":954,"11":954,"12":169,"13":111},"b":{"0":[71,525],"1":[20,505],"2":[78,518],"3":[151,304],"4":[148,156],"5":[156,0],"6":[87,368],"7":[181,274],"8":[63,211],"9":[0,211],"10":[123,332],"11":[73,259],"12":[0,259],"13":[286,169],"14":[455,368,336],"15":[21,148],"16":[169,63,21,21],"17":[19,2],"18":[2,0],"19":[42,106],"20":[148,42,42,42],"21":[52,54],"22":[106,106,106,52],"23":[231,723],"24":[87,636],"25":[78,558],"26":[71,487],"27":[20,467],"28":[40,427],"29":[467,467],"30":[40,596],"31":[228,368],"32":[20,348],"33":[368,125,354,127]},"_coverageSchema":"1a1c01bbd47fc00a2c39e90264f33305004495a9","hash":"5733ea17f51e3e6dfcf08e72fb338abc72ab61a5"}
,"/home/Christian/clone/little-differ-react/src/components/tripleDiffView/node.tsx": {"path":"/home/Christian/clone/little-differ-react/src/components/tripleDiffView/node.tsx","statementMap":{"0":{"start":{"line":24,"column":4},"end":{"line":24,"column":59}},"1":{"start":{"line":28,"column":4},"end":{"line":28,"column":59}},"2":{"start":{"line":32,"column":4},"end":{"line":32,"column":17}},"3":{"start":{"line":33,"column":4},"end":{"line":35,"column":5}},"4":{"start":{"line":43,"column":73},"end":{"line":43,"column":83}},"5":{"start":{"line":44,"column":19},"end":{"line":44,"column":45}},"6":{"start":{"line":45,"column":4},"end":{"line":65,"column":5}},"7":{"start":{"line":56,"column":23},"end":{"line":56,"column":36}},"8":{"start":{"line":57,"column":27},"end":{"line":57,"column":46}},"9":{"start":{"line":58,"column":23},"end":{"line":58,"column":42}},"10":{"start":{"line":59,"column":26},"end":{"line":59,"column":47}},"11":{"start":{"line":60,"column":22},"end":{"line":60,"column":43}}},"fnMap":{"0":{"name":"(anonymous_0)","decl":{"start":{"line":23,"column":2},"end":{"line":23,"column":3}},"loc":{"start":{"line":23,"column":24},"end":{"line":25,"column":3}},"line":23},"1":{"name":"(anonymous_1)","decl":{"start":{"line":27,"column":2},"end":{"line":27,"column":3}},"loc":{"start":{"line":27,"column":26},"end":{"line":29,"column":3}},"line":27},"2":{"name":"(anonymous_2)","decl":{"start":{"line":31,"column":2},"end":{"line":31,"column":3}},"loc":{"start":{"line":31,"column":28},"end":{"line":36,"column":3}},"line":31},"3":{"name":"(anonymous_3)","decl":{"start":{"line":42,"column":2},"end":{"line":42,"column":3}},"loc":{"start":{"line":42,"column":11},"end":{"line":66,"column":3}},"line":42},"4":{"name":"(anonymous_4)","decl":{"start":{"line":56,"column":17},"end":{"line":56,"column":18}},"loc":{"start":{"line":56,"column":23},"end":{"line":56,"column":36}},"line":56},"5":{"name":"(anonymous_5)","decl":{"start":{"line":57,"column":21},"end":{"line":57,"column":22}},"loc":{"start":{"line":57,"column":27},"end":{"line":57,"column":46}},"line":57},"6":{"name":"(anonymous_6)","decl":{"start":{"line":58,"column":17},"end":{"line":58,"column":18}},"loc":{"start":{"line":58,"column":23},"end":{"line":58,"column":42}},"line":58},"7":{"name":"(anonymous_7)","decl":{"start":{"line":59,"column":20},"end":{"line":59,"column":21}},"loc":{"start":{"line":59,"column":26},"end":{"line":59,"column":47}},"line":59},"8":{"name":"(anonymous_8)","decl":{"start":{"line":60,"column":16},"end":{"line":60,"column":17}},"loc":{"start":{"line":60,"column":22},"end":{"line":60,"column":43}},"line":60}},"branchMap":{"0":{"loc":{"start":{"line":53,"column":22},"end":{"line":53,"column":48}},"type":"cond-expr","locations":[{"start":{"line":53,"column":31},"end":{"line":53,"column":37}},{"start":{"line":53,"column":40},"end":{"line":53,"column":48}}],"line":53}},"s":{"0":0,"1":0,"2":596,"3":596,"4":596,"5":596,"6":596,"7":0,"8":0,"9":0,"10":0,"11":0},"f":{"0":0,"1":0,"2":596,"3":596,"4":0,"5":0,"6":0,"7":0,"8":0},"b":{"0":[348,248]},"_coverageSchema":"1a1c01bbd47fc00a2c39e90264f33305004495a9","hash":"cc4d78addbd2fa939623d4df55d680153a96bb4e"}
,"/home/Christian/clone/little-differ-react/src/constants/index.tsx": {"path":"/home/Christian/clone/little-differ-react/src/constants/index.tsx","statementMap":{"0":{"start":{"line":1,"column":27},"end":{"line":1,"column":28}},"1":{"start":{"line":2,"column":26},"end":{"line":2,"column":27}},"2":{"start":{"line":3,"column":25},"end":{"line":3,"column":26}},"3":{"start":{"line":4,"column":26},"end":{"line":4,"column":27}},"4":{"start":{"line":5,"column":26},"end":{"line":5,"column":27}},"5":{"start":{"line":6,"column":27},"end":{"line":6,"column":34}},"6":{"start":{"line":7,"column":33},"end":{"line":7,"column":39}},"7":{"start":{"line":8,"column":33},"end":{"line":8,"column":38}},"8":{"start":{"line":9,"column":26},"end":{"line":9,"column":33}},"9":{"start":{"line":11,"column":37},"end":{"line":11,"column":87}},"10":{"start":{"line":13,"column":41},"end":{"line":13,"column":97}},"11":{"start":{"line":14,"column":45},"end":{"line":14,"column":89}}},"fnMap":{},"branchMap":{},"s":{"0":2,"1":2,"2":2,"3":2,"4":2,"5":2,"6":2,"7":2,"8":2,"9":2,"10":2,"11":2},"f":{},"b":{},"_coverageSchema":"1a1c01bbd47fc00a2c39e90264f33305004495a9","hash":"2c1097cc6fafdfa1d881e9a4ab0d1c8101e6295f"}
,"/home/Christian/clone/little-differ-react/src/reducers/index.tsx": {"path":"/home/Christian/clone/little-differ-react/src/reducers/index.tsx","statementMap":{"0":{"start":{"line":7,"column":21},"end":{"line":9,"column":1}},"1":{"start":{"line":27,"column":21},"end":{"line":27,"column":33}},"2":{"start":{"line":28,"column":2},"end":{"line":30,"column":3}},"3":{"start":{"line":29,"column":4},"end":{"line":29,"column":71}},"4":{"start":{"line":31,"column":2},"end":{"line":33,"column":3}},"5":{"start":{"line":32,"column":4},"end":{"line":32,"column":75}},"6":{"start":{"line":34,"column":2},"end":{"line":34,"column":60}},"7":{"start":{"line":38,"column":20},"end":{"line":38,"column":25}},"8":{"start":{"line":39,"column":2},"end":{"line":46,"column":3}},"9":{"start":{"line":41,"column":6},"end":{"line":41,"column":87}},"10":{"start":{"line":43,"column":6},"end":{"line":43,"column":48}},"11":{"start":{"line":45,"column":6},"end":{"line":45,"column":19}}},"fnMap":{"0":{"name":"addToDoc","decl":{"start":{"line":15,"column":16},"end":{"line":15,"column":24}},"loc":{"start":{"line":15,"column":83},"end":{"line":35,"column":1}},"line":15},"1":{"name":"reducers","decl":{"start":{"line":37,"column":16},"end":{"line":37,"column":24}},"loc":{"start":{"line":37,"column":63},"end":{"line":47,"column":1}},"line":37}},"branchMap":{"0":{"loc":{"start":{"line":28,"column":2},"end":{"line":30,"column":3}},"type":"if","locations":[{"start":{"line":28,"column":2},"end":{"line":30,"column":3}},{"start":{"line":28,"column":2},"end":{"line":30,"column":3}}],"line":28},"1":{"loc":{"start":{"line":31,"column":2},"end":{"line":33,"column":3}},"type":"if","locations":[{"start":{"line":31,"column":2},"end":{"line":33,"column":3}},{"start":{"line":31,"column":2},"end":{"line":33,"column":3}}],"line":31},"2":{"loc":{"start":{"line":37,"column":25},"end":{"line":37,"column":45}},"type":"default-arg","locations":[{"start":{"line":37,"column":33},"end":{"line":37,"column":45}}],"line":37},"3":{"loc":{"start":{"line":39,"column":2},"end":{"line":46,"column":3}},"type":"switch","locations":[{"start":{"line":40,"column":4},"end":{"line":41,"column":87}},{"start":{"line":42,"column":4},"end":{"line":43,"column":48}},{"start":{"line":44,"column":4},"end":{"line":45,"column":19}}],"line":39}},"s":{"0":3,"1":308,"2":308,"3":77,"4":231,"5":158,"6":73,"7":76,"8":76,"9":0,"10":74,"11":2},"f":{"0":308,"1":76},"b":{"0":[77,231],"1":[158,73],"2":[2],"3":[0,74,2]},"_coverageSchema":"1a1c01bbd47fc00a2c39e90264f33305004495a9","hash":"5f020aae63bde28fd11e494f08d852dc72f875ee"}
,"/home/Christian/clone/little-differ-react/src/store/index.tsx": {"path":"/home/Christian/clone/little-differ-react/src/store/index.tsx","statementMap":{"0":{"start":{"line":7,"column":14},"end":{"line":7,"column":35}}},"fnMap":{},"branchMap":{},"s":{"0":2},"f":{},"b":{},"_coverageSchema":"1a1c01bbd47fc00a2c39e90264f33305004495a9","hash":"1d881089a2b323933ee8aeea97762ce20d737239"}
,"/home/Christian/clone/little-differ-react/src/utils/addPairToTempDoc.js": {"path":"/home/Christian/clone/little-differ-react/src/utils/addPairToTempDoc.js","statementMap":{"0":{"start":{"line":8,"column":2},"end":{"line":8,"column":56}}},"fnMap":{"0":{"name":"addPairToTempDoc","decl":{"start":{"line":7,"column":9},"end":{"line":7,"column":25}},"loc":{"start":{"line":7,"column":55},"end":{"line":9,"column":1}},"line":7}},"branchMap":{},"s":{"0":77},"f":{"0":77},"b":{},"_coverageSchema":"1a1c01bbd47fc00a2c39e90264f33305004495a9","hash":"ace904ef96bfdeb91b7a46b61d35d26f641c2009"}
,"/home/Christian/clone/little-differ-react/src/utils/countNestedObject.js": {"path":"/home/Christian/clone/little-differ-react/src/utils/countNestedObject.js","statementMap":{"0":{"start":{"line":2,"column":17},"end":{"line":2,"column":19}},"1":{"start":{"line":4,"column":18},"end":{"line":4,"column":20}},"2":{"start":{"line":6,"column":2},"end":{"line":25,"column":4}},"3":{"start":{"line":7,"column":18},"end":{"line":7,"column":26}},"4":{"start":{"line":9,"column":4},"end":{"line":24,"column":5}},"5":{"start":{"line":10,"column":23},"end":{"line":10,"column":38}},"6":{"start":{"line":11,"column":6},"end":{"line":19,"column":7}},"7":{"start":{"line":12,"column":8},"end":{"line":18,"column":9}},"8":{"start":{"line":13,"column":10},"end":{"line":13,"column":27}},"9":{"start":{"line":14,"column":10},"end":{"line":14,"column":67}},"10":{"start":{"line":15,"column":10},"end":{"line":15,"column":36}},"11":{"start":{"line":17,"column":10},"end":{"line":17,"column":27}},"12":{"start":{"line":20,"column":11},"end":{"line":24,"column":5}},"13":{"start":{"line":21,"column":6},"end":{"line":21,"column":23}},"14":{"start":{"line":22,"column":6},"end":{"line":22,"column":53}},"15":{"start":{"line":23,"column":6},"end":{"line":23,"column":32}},"16":{"start":{"line":26,"column":2},"end":{"line":26,"column":16}}},"fnMap":{"0":{"name":"countNestedObject","decl":{"start":{"line":1,"column":9},"end":{"line":1,"column":26}},"loc":{"start":{"line":1,"column":42},"end":{"line":27,"column":1}},"line":1},"1":{"name":"(anonymous_1)","decl":{"start":{"line":6,"column":27},"end":{"line":6,"column":28}},"loc":{"start":{"line":6,"column":36},"end":{"line":25,"column":3}},"line":6}},"branchMap":{"0":{"loc":{"start":{"line":9,"column":4},"end":{"line":24,"column":5}},"type":"if","locations":[{"start":{"line":9,"column":4},"end":{"line":24,"column":5}},{"start":{"line":9,"column":4},"end":{"line":24,"column":5}}],"line":9},"1":{"loc":{"start":{"line":9,"column":8},"end":{"line":9,"column":60}},"type":"binary-expr","locations":[{"start":{"line":9,"column":8},"end":{"line":9,"column":28}},{"start":{"line":9,"column":32},"end":{"line":9,"column":60}}],"line":9},"2":{"loc":{"start":{"line":11,"column":6},"end":{"line":19,"column":7}},"type":"if","locations":[{"start":{"line":11,"column":6},"end":{"line":19,"column":7}},{"start":{"line":11,"column":6},"end":{"line":19,"column":7}}],"line":11},"3":{"loc":{"start":{"line":12,"column":8},"end":{"line":18,"column":9}},"type":"if","locations":[{"start":{"line":12,"column":8},"end":{"line":18,"column":9}},{"start":{"line":12,"column":8},"end":{"line":18,"column":9}}],"line":12},"4":{"loc":{"start":{"line":20,"column":11},"end":{"line":24,"column":5}},"type":"if","locations":[{"start":{"line":20,"column":11},"end":{"line":24,"column":5}},{"start":{"line":20,"column":11},"end":{"line":24,"column":5}}],"line":20},"5":{"loc":{"start":{"line":20,"column":15},"end":{"line":20,"column":83}},"type":"binary-expr","locations":[{"start":{"line":20,"column":15},"end":{"line":20,"column":36}},{"start":{"line":20,"column":40},"end":{"line":20,"column":54}},{"start":{"line":20,"column":58},"end":{"line":20,"column":83}}],"line":20}},"s":{"0":208,"1":208,"2":208,"3":304,"4":304,"5":142,"6":142,"7":140,"8":43,"9":43,"10":43,"11":97,"12":162,"13":45,"14":45,"15":45,"16":208},"f":{"0":208,"1":304},"b":{"0":[142,162],"1":[304,237],"2":[140,2],"3":[43,97],"4":[45,117],"5":[162,67,45]},"_coverageSchema":"1a1c01bbd47fc00a2c39e90264f33305004495a9","hash":"8aa3e6120d2a4c76d265a2e5f57be70961d5fd3f"}
,"/home/Christian/clone/little-differ-react/src/utils/getMatchByKey.js": {"path":"/home/Christian/clone/little-differ-react/src/utils/getMatchByKey.js","statementMap":{"0":{"start":{"line":10,"column":2},"end":{"line":12,"column":3}},"1":{"start":{"line":11,"column":4},"end":{"line":11,"column":17}},"2":{"start":{"line":14,"column":2},"end":{"line":18,"column":3}},"3":{"start":{"line":16,"column":4},"end":{"line":16,"column":17}},"4":{"start":{"line":17,"column":4},"end":{"line":17,"column":44}},"5":{"start":{"line":20,"column":2},"end":{"line":23,"column":3}},"6":{"start":{"line":21,"column":22},"end":{"line":21,"column":28}},"7":{"start":{"line":22,"column":4},"end":{"line":22,"column":27}},"8":{"start":{"line":24,"column":2},"end":{"line":24,"column":43}}},"fnMap":{"0":{"name":"getMatchByKey","decl":{"start":{"line":9,"column":9},"end":{"line":9,"column":22}},"loc":{"start":{"line":9,"column":34},"end":{"line":25,"column":1}},"line":9}},"branchMap":{"0":{"loc":{"start":{"line":10,"column":2},"end":{"line":12,"column":3}},"type":"if","locations":[{"start":{"line":10,"column":2},"end":{"line":12,"column":3}},{"start":{"line":10,"column":2},"end":{"line":12,"column":3}}],"line":10},"1":{"loc":{"start":{"line":14,"column":2},"end":{"line":18,"column":3}},"type":"if","locations":[{"start":{"line":14,"column":2},"end":{"line":18,"column":3}},{"start":{"line":14,"column":2},"end":{"line":18,"column":3}}],"line":14},"2":{"loc":{"start":{"line":20,"column":2},"end":{"line":23,"column":3}},"type":"if","locations":[{"start":{"line":20,"column":2},"end":{"line":23,"column":3}},{"start":{"line":20,"column":2},"end":{"line":23,"column":3}}],"line":20}},"s":{"0":55,"1":1,"2":54,"3":44,"4":44,"5":10,"6":9,"7":9,"8":1},"f":{"0":55},"b":{"0":[1,54],"1":[44,10],"2":[9,1]},"_coverageSchema":"1a1c01bbd47fc00a2c39e90264f33305004495a9","hash":"a31c920e977896870eecebd9dcbebae650f0a8bc"}
,"/home/Christian/clone/little-differ-react/src/utils/getPathsArray.js": {"path":"/home/Christian/clone/little-differ-react/src/utils/getPathsArray.js","statementMap":{"0":{"start":{"line":9,"column":17},"end":{"line":9,"column":19}},"1":{"start":{"line":12,"column":18},"end":{"line":12,"column":20}},"2":{"start":{"line":14,"column":2},"end":{"line":25,"column":4}},"3":{"start":{"line":15,"column":18},"end":{"line":15,"column":26}},"4":{"start":{"line":16,"column":4},"end":{"line":16,"column":32}},"5":{"start":{"line":18,"column":4},"end":{"line":24,"column":5}},"6":{"start":{"line":19,"column":6},"end":{"line":19,"column":49}},"7":{"start":{"line":21,"column":6},"end":{"line":21,"column":32}},"8":{"start":{"line":23,"column":6},"end":{"line":23,"column":28}},"9":{"start":{"line":27,"column":2},"end":{"line":27,"column":16}}},"fnMap":{"0":{"name":"getPathsArray","decl":{"start":{"line":8,"column":9},"end":{"line":8,"column":22}},"loc":{"start":{"line":8,"column":34},"end":{"line":28,"column":1}},"line":8},"1":{"name":"(anonymous_1)","decl":{"start":{"line":14,"column":27},"end":{"line":14,"column":28}},"loc":{"start":{"line":14,"column":36},"end":{"line":25,"column":3}},"line":14}},"branchMap":{"0":{"loc":{"start":{"line":18,"column":4},"end":{"line":24,"column":5}},"type":"if","locations":[{"start":{"line":18,"column":4},"end":{"line":24,"column":5}},{"start":{"line":18,"column":4},"end":{"line":24,"column":5}}],"line":18},"1":{"loc":{"start":{"line":18,"column":8},"end":{"line":18,"column":51}},"type":"binary-expr","locations":[{"start":{"line":18,"column":8},"end":{"line":18,"column":22}},{"start":{"line":18,"column":26},"end":{"line":18,"column":51}}],"line":18}},"s":{"0":9,"1":9,"2":9,"3":20,"4":20,"5":20,"6":8,"7":8,"8":12,"9":9},"f":{"0":9,"1":20},"b":{"0":[8,12],"1":[20,20]},"_coverageSchema":"1a1c01bbd47fc00a2c39e90264f33305004495a9","hash":"e96de9488e3a7b922c18dd9384b33318d9380dba"}
,"/home/Christian/clone/little-differ-react/src/utils/getRevValue.js": {"path":"/home/Christian/clone/little-differ-react/src/utils/getRevValue.js","statementMap":{"0":{"start":{"line":6,"column":2},"end":{"line":6,"column":49}},"1":{"start":{"line":7,"column":2},"end":{"line":9,"column":3}},"2":{"start":{"line":8,"column":4},"end":{"line":8,"column":17}},"3":{"start":{"line":10,"column":19},"end":{"line":10,"column":25}},"4":{"start":{"line":11,"column":16},"end":{"line":11,"column":29}},"5":{"start":{"line":12,"column":2},"end":{"line":12,"column":15}}},"fnMap":{"0":{"name":"getRevValue","decl":{"start":{"line":5,"column":9},"end":{"line":5,"column":20}},"loc":{"start":{"line":5,"column":26},"end":{"line":13,"column":1}},"line":5}},"branchMap":{"0":{"loc":{"start":{"line":7,"column":2},"end":{"line":9,"column":3}},"type":"if","locations":[{"start":{"line":7,"column":2},"end":{"line":9,"column":3}},{"start":{"line":7,"column":2},"end":{"line":9,"column":3}}],"line":7}},"s":{"0":114,"1":114,"2":0,"3":114,"4":114,"5":114},"f":{"0":114},"b":{"0":[0,114]},"_coverageSchema":"1a1c01bbd47fc00a2c39e90264f33305004495a9","hash":"3666112c543e936be280dd33437a8687fdfc7796"}
,"/home/Christian/clone/little-differ-react/src/utils/getValue.js": {"path":"/home/Christian/clone/little-differ-react/src/utils/getValue.js","statementMap":{"0":{"start":{"line":9,"column":2},"end":{"line":9,"column":70}},"1":{"start":{"line":10,"column":2},"end":{"line":10,"column":49}},"2":{"start":{"line":11,"column":2},"end":{"line":14,"column":3}},"3":{"start":{"line":12,"column":4},"end":{"line":12,"column":16}},"4":{"start":{"line":13,"column":4},"end":{"line":13,"column":43}},"5":{"start":{"line":15,"column":2},"end":{"line":15,"column":34}}},"fnMap":{"0":{"name":"getValue","decl":{"start":{"line":8,"column":9},"end":{"line":8,"column":17}},"loc":{"start":{"line":8,"column":42},"end":{"line":16,"column":1}},"line":8}},"branchMap":{"0":{"loc":{"start":{"line":11,"column":2},"end":{"line":14,"column":3}},"type":"if","locations":[{"start":{"line":11,"column":2},"end":{"line":14,"column":3}},{"start":{"line":11,"column":2},"end":{"line":14,"column":3}}],"line":11}},"s":{"0":931,"1":931,"2":931,"3":701,"4":701,"5":230},"f":{"0":931},"b":{"0":[701,230]},"_coverageSchema":"1a1c01bbd47fc00a2c39e90264f33305004495a9","hash":"e991992893965b68fcc880bdea621e3fd3ac494d"}
}
