{"/apps/workspace/little-differ-react/src/actions/index.tsx": {"path":"/apps/workspace/little-differ-react/src/actions/index.tsx","statementMap":{"0":{"start":{"line":12,"column":28},"end":{"line":15,"column":2}},"1":{"start":{"line":12,"column":54},"end":{"line":15,"column":1}},"2":{"start":{"line":19,"column":24},"end":{"line":23,"column":2}},"3":{"start":{"line":19,"column":77},"end":{"line":23,"column":1}}},"fnMap":{"0":{"name":"(anonymous_0)","decl":{"start":{"line":12,"column":28},"end":{"line":12,"column":29}},"loc":{"start":{"line":12,"column":54},"end":{"line":15,"column":1}},"line":12},"1":{"name":"(anonymous_1)","decl":{"start":{"line":19,"column":24},"end":{"line":19,"column":25}},"loc":{"start":{"line":19,"column":77},"end":{"line":23,"column":1}},"line":19}},"branchMap":{},"s":{"0":2,"1":74,"2":2,"3":0},"f":{"0":74,"1":0},"b":{},"_coverageSchema":"43e27e138ebf9cfc5966b082cf9a028302ed4184","hash":"922b4d6fccb2721b7deeeb7562b2a2e99ba4fb4c"}
,"/apps/workspace/little-differ-react/src/components/app/component.tsx": {"path":"/apps/workspace/little-differ-react/src/components/app/component.tsx","statementMap":{"0":{"start":{"line":20,"column":33},"end":{"line":20,"column":43}},"1":{"start":{"line":23,"column":4},"end":{"line":43,"column":5}},"2":{"start":{"line":49,"column":2},"end":{"line":51,"column":4}}},"fnMap":{"0":{"name":"(anonymous_0)","decl":{"start":{"line":19,"column":2},"end":{"line":19,"column":3}},"loc":{"start":{"line":19,"column":11},"end":{"line":44,"column":3}},"line":19},"1":{"name":"mapStateToProps","decl":{"start":{"line":48,"column":9},"end":{"line":48,"column":24}},"loc":{"start":{"line":48,"column":37},"end":{"line":52,"column":1}},"line":48}},"branchMap":{},"s":{"0":398,"1":398,"2":722},"f":{"0":398,"1":722},"b":{},"_coverageSchema":"43e27e138ebf9cfc5966b082cf9a028302ed4184","hash":"41cceb31e7ebbe3975544cb3b6d9e8514f486640"}
,"/apps/workspace/little-differ-react/src/components/diffView/component.tsx": {"path":"/apps/workspace/little-differ-react/src/components/diffView/component.tsx","statementMap":{"0":{"start":{"line":18,"column":6},"end":{"line":18,"column":19}},"1":{"start":{"line":19,"column":6},"end":{"line":20,"column":8}},"2":{"start":{"line":30,"column":32},"end":{"line":30,"column":88}},"3":{"start":{"line":31,"column":31},"end":{"line":31,"column":64}},"4":{"start":{"line":33,"column":6},"end":{"line":44,"column":7}},"5":{"start":{"line":35,"column":8},"end":{"line":43,"column":9}},"6":{"start":{"line":45,"column":6},"end":{"line":52,"column":7}},"7":{"start":{"line":61,"column":19},"end":{"line":61,"column":34}},"8":{"start":{"line":62,"column":26},"end":{"line":62,"column":46}},"9":{"start":{"line":63,"column":27},"end":{"line":63,"column":39}},"10":{"start":{"line":64,"column":6},"end":{"line":64,"column":18}},"11":{"start":{"line":65,"column":20},"end":{"line":65,"column":52}},"12":{"start":{"line":66,"column":6},"end":{"line":66,"column":45}},"13":{"start":{"line":79,"column":6},"end":{"line":85,"column":7}},"14":{"start":{"line":80,"column":8},"end":{"line":80,"column":35}},"15":{"start":{"line":81,"column":13},"end":{"line":85,"column":7}},"16":{"start":{"line":82,"column":8},"end":{"line":82,"column":30}},"17":{"start":{"line":84,"column":8},"end":{"line":84,"column":40}},"18":{"start":{"line":90,"column":33},"end":{"line":90,"column":68}},"19":{"start":{"line":91,"column":34},"end":{"line":91,"column":73}},"20":{"start":{"line":92,"column":6},"end":{"line":113,"column":7}},"21":{"start":{"line":98,"column":8},"end":{"line":112,"column":9}},"22":{"start":{"line":104,"column":37},"end":{"line":104,"column":83}},"23":{"start":{"line":114,"column":6},"end":{"line":127,"column":7}},"24":{"start":{"line":119,"column":33},"end":{"line":119,"column":79}},"25":{"start":{"line":138,"column":31},"end":{"line":138,"column":32}},"26":{"start":{"line":140,"column":6},"end":{"line":146,"column":7}},"27":{"start":{"line":141,"column":8},"end":{"line":145,"column":9}},"28":{"start":{"line":141,"column":21},"end":{"line":141,"column":22}},"29":{"start":{"line":142,"column":10},"end":{"line":144,"column":11}},"30":{"start":{"line":143,"column":12},"end":{"line":143,"column":36}},"31":{"start":{"line":147,"column":6},"end":{"line":147,"column":32}},"32":{"start":{"line":153,"column":35},"end":{"line":153,"column":36}},"33":{"start":{"line":154,"column":26},"end":{"line":154,"column":28}},"34":{"start":{"line":155,"column":32},"end":{"line":155,"column":34}},"35":{"start":{"line":157,"column":6},"end":{"line":172,"column":7}},"36":{"start":{"line":158,"column":8},"end":{"line":162,"column":9}},"37":{"start":{"line":158,"column":21},"end":{"line":158,"column":22}},"38":{"start":{"line":159,"column":10},"end":{"line":161,"column":11}},"39":{"start":{"line":160,"column":12},"end":{"line":160,"column":63}},"40":{"start":{"line":163,"column":28},"end":{"line":163,"column":42}},"41":{"start":{"line":164,"column":8},"end":{"line":171,"column":9}},"42":{"start":{"line":165,"column":10},"end":{"line":170,"column":11}},"43":{"start":{"line":165,"column":23},"end":{"line":165,"column":24}},"44":{"start":{"line":166,"column":28},"end":{"line":166,"column":101}},"45":{"start":{"line":167,"column":12},"end":{"line":169,"column":13}},"46":{"start":{"line":168,"column":14},"end":{"line":168,"column":46}},"47":{"start":{"line":173,"column":6},"end":{"line":173,"column":38}},"48":{"start":{"line":185,"column":35},"end":{"line":185,"column":83}},"49":{"start":{"line":186,"column":31},"end":{"line":186,"column":58}},"50":{"start":{"line":187,"column":32},"end":{"line":187,"column":59}},"51":{"start":{"line":188,"column":23},"end":{"line":188,"column":58}},"52":{"start":{"line":190,"column":22},"end":{"line":190,"column":78}},"53":{"start":{"line":191,"column":26},"end":{"line":191,"column":81}},"54":{"start":{"line":192,"column":28},"end":{"line":192,"column":78}},"55":{"start":{"line":194,"column":23},"end":{"line":194,"column":25}},"56":{"start":{"line":195,"column":6},"end":{"line":197,"column":7}},"57":{"start":{"line":196,"column":8},"end":{"line":196,"column":87}},"58":{"start":{"line":199,"column":6},"end":{"line":213,"column":7}},"59":{"start":{"line":201,"column":8},"end":{"line":212,"column":9}},"60":{"start":{"line":214,"column":6},"end":{"line":222,"column":7}},"61":{"start":{"line":215,"column":8},"end":{"line":221,"column":9}},"62":{"start":{"line":223,"column":6},"end":{"line":225,"column":90}},"63":{"start":{"line":233,"column":6},"end":{"line":237,"column":7}},"64":{"start":{"line":247,"column":19},"end":{"line":247,"column":34}},"65":{"start":{"line":248,"column":26},"end":{"line":248,"column":27}},"66":{"start":{"line":249,"column":6},"end":{"line":249,"column":18}},"67":{"start":{"line":250,"column":23},"end":{"line":250,"column":55}},"68":{"start":{"line":252,"column":6},"end":{"line":252,"column":58}},"69":{"start":{"line":254,"column":19},"end":{"line":254,"column":24}},"70":{"start":{"line":255,"column":6},"end":{"line":259,"column":7}},"71":{"start":{"line":256,"column":8},"end":{"line":258,"column":9}},"72":{"start":{"line":257,"column":10},"end":{"line":257,"column":24}},"73":{"start":{"line":260,"column":6},"end":{"line":261,"column":58}},"74":{"start":{"line":272,"column":6},"end":{"line":373,"column":7}},"75":{"start":{"line":274,"column":39},"end":{"line":371,"column":21}},"76":{"start":{"line":275,"column":26},"end":{"line":275,"column":34}},"77":{"start":{"line":276,"column":33},"end":{"line":276,"column":53}},"78":{"start":{"line":277,"column":37},"end":{"line":277,"column":57}},"79":{"start":{"line":278,"column":37},"end":{"line":278,"column":57}},"80":{"start":{"line":281,"column":12},"end":{"line":286,"column":13}},"81":{"start":{"line":282,"column":14},"end":{"line":282,"column":74}},"82":{"start":{"line":283,"column":19},"end":{"line":286,"column":13}},"83":{"start":{"line":285,"column":14},"end":{"line":285,"column":72}},"84":{"start":{"line":288,"column":12},"end":{"line":295,"column":13}},"85":{"start":{"line":290,"column":14},"end":{"line":290,"column":56}},"86":{"start":{"line":291,"column":19},"end":{"line":295,"column":13}},"87":{"start":{"line":292,"column":14},"end":{"line":292,"column":59}},"88":{"start":{"line":293,"column":19},"end":{"line":295,"column":13}},"89":{"start":{"line":294,"column":14},"end":{"line":294,"column":60}},"90":{"start":{"line":296,"column":12},"end":{"line":303,"column":13}},"91":{"start":{"line":298,"column":14},"end":{"line":298,"column":55}},"92":{"start":{"line":299,"column":19},"end":{"line":303,"column":13}},"93":{"start":{"line":300,"column":14},"end":{"line":300,"column":58}},"94":{"start":{"line":301,"column":19},"end":{"line":303,"column":13}},"95":{"start":{"line":302,"column":14},"end":{"line":302,"column":59}},"96":{"start":{"line":306,"column":12},"end":{"line":321,"column":13}},"97":{"start":{"line":308,"column":14},"end":{"line":320,"column":15}},"98":{"start":{"line":309,"column":16},"end":{"line":313,"column":62}},"99":{"start":{"line":314,"column":21},"end":{"line":320,"column":15}},"100":{"start":{"line":318,"column":16},"end":{"line":319,"column":68}},"101":{"start":{"line":323,"column":12},"end":{"line":349,"column":13}},"102":{"start":{"line":324,"column":14},"end":{"line":335,"column":15}},"103":{"start":{"line":336,"column":19},"end":{"line":349,"column":13}},"104":{"start":{"line":337,"column":14},"end":{"line":348,"column":15}},"105":{"start":{"line":352,"column":12},"end":{"line":369,"column":13}},"106":{"start":{"line":381,"column":18},"end":{"line":381,"column":20}},"107":{"start":{"line":382,"column":6},"end":{"line":384,"column":7}},"108":{"start":{"line":382,"column":19},"end":{"line":382,"column":20}},"109":{"start":{"line":383,"column":8},"end":{"line":383,"column":23}},"110":{"start":{"line":385,"column":6},"end":{"line":387,"column":7}},"111":{"start":{"line":394,"column":42},"end":{"line":394,"column":52}},"112":{"start":{"line":396,"column":23},"end":{"line":396,"column":46}},"113":{"start":{"line":399,"column":6},"end":{"line":403,"column":7}}},"fnMap":{"0":{"name":"(anonymous_0)","decl":{"start":{"line":17,"column":4},"end":{"line":17,"column":5}},"loc":{"start":{"line":17,"column":38},"end":{"line":21,"column":5}},"line":17},"1":{"name":"(anonymous_1)","decl":{"start":{"line":28,"column":4},"end":{"line":28,"column":5}},"loc":{"start":{"line":29,"column":75},"end":{"line":53,"column":5}},"line":29},"2":{"name":"(anonymous_2)","decl":{"start":{"line":60,"column":4},"end":{"line":60,"column":5}},"loc":{"start":{"line":60,"column":42},"end":{"line":67,"column":5}},"line":60},"3":{"name":"(anonymous_3)","decl":{"start":{"line":73,"column":4},"end":{"line":73,"column":5}},"loc":{"start":{"line":75,"column":43},"end":{"line":128,"column":5}},"line":75},"4":{"name":"(anonymous_4)","decl":{"start":{"line":104,"column":25},"end":{"line":104,"column":26}},"loc":{"start":{"line":104,"column":37},"end":{"line":104,"column":83}},"line":104},"5":{"name":"(anonymous_5)","decl":{"start":{"line":119,"column":21},"end":{"line":119,"column":22}},"loc":{"start":{"line":119,"column":33},"end":{"line":119,"column":79}},"line":119},"6":{"name":"(anonymous_6)","decl":{"start":{"line":137,"column":4},"end":{"line":137,"column":5}},"loc":{"start":{"line":137,"column":43},"end":{"line":148,"column":5}},"line":137},"7":{"name":"(anonymous_7)","decl":{"start":{"line":152,"column":4},"end":{"line":152,"column":5}},"loc":{"start":{"line":152,"column":47},"end":{"line":174,"column":5}},"line":152},"8":{"name":"(anonymous_8)","decl":{"start":{"line":184,"column":4},"end":{"line":184,"column":5}},"loc":{"start":{"line":184,"column":81},"end":{"line":226,"column":5}},"line":184},"9":{"name":"(anonymous_9)","decl":{"start":{"line":232,"column":4},"end":{"line":232,"column":5}},"loc":{"start":{"line":232,"column":71},"end":{"line":238,"column":5}},"line":232},"10":{"name":"(anonymous_10)","decl":{"start":{"line":245,"column":4},"end":{"line":245,"column":5}},"loc":{"start":{"line":246,"column":76},"end":{"line":262,"column":5}},"line":246},"11":{"name":"(anonymous_11)","decl":{"start":{"line":271,"column":4},"end":{"line":271,"column":5}},"loc":{"start":{"line":271,"column":62},"end":{"line":374,"column":5}},"line":271},"12":{"name":"(anonymous_12)","decl":{"start":{"line":274,"column":31},"end":{"line":274,"column":32}},"loc":{"start":{"line":274,"column":39},"end":{"line":371,"column":21}},"line":274},"13":{"name":"(anonymous_13)","decl":{"start":{"line":274,"column":58},"end":{"line":274,"column":59}},"loc":{"start":{"line":274,"column":64},"end":{"line":370,"column":11}},"line":274},"14":{"name":"(anonymous_14)","decl":{"start":{"line":380,"column":4},"end":{"line":380,"column":5}},"loc":{"start":{"line":380,"column":34},"end":{"line":388,"column":5}},"line":380},"15":{"name":"(anonymous_15)","decl":{"start":{"line":393,"column":4},"end":{"line":393,"column":5}},"loc":{"start":{"line":393,"column":13},"end":{"line":404,"column":5}},"line":393}},"branchMap":{"0":{"loc":{"start":{"line":30,"column":32},"end":{"line":30,"column":88}},"type":"cond-expr","locations":[{"start":{"line":30,"column":83},"end":{"line":30,"column":84}},{"start":{"line":30,"column":87},"end":{"line":30,"column":88}}],"line":30},"1":{"loc":{"start":{"line":31,"column":31},"end":{"line":31,"column":64}},"type":"cond-expr","locations":[{"start":{"line":31,"column":59},"end":{"line":31,"column":60}},{"start":{"line":31,"column":63},"end":{"line":31,"column":64}}],"line":31},"2":{"loc":{"start":{"line":33,"column":6},"end":{"line":44,"column":7}},"type":"if","locations":[{"start":{"line":33,"column":6},"end":{"line":44,"column":7}},{"start":{"line":33,"column":6},"end":{"line":44,"column":7}}],"line":33},"3":{"loc":{"start":{"line":33,"column":10},"end":{"line":34,"column":87}},"type":"binary-expr","locations":[{"start":{"line":33,"column":11},"end":{"line":33,"column":42}},{"start":{"line":33,"column":46},"end":{"line":33,"column":88}},{"start":{"line":34,"column":11},"end":{"line":34,"column":41}},{"start":{"line":34,"column":45},"end":{"line":34,"column":86}}],"line":33},"4":{"loc":{"start":{"line":79,"column":6},"end":{"line":85,"column":7}},"type":"if","locations":[{"start":{"line":79,"column":6},"end":{"line":85,"column":7}},{"start":{"line":79,"column":6},"end":{"line":85,"column":7}}],"line":79},"5":{"loc":{"start":{"line":81,"column":13},"end":{"line":85,"column":7}},"type":"if","locations":[{"start":{"line":81,"column":13},"end":{"line":85,"column":7}},{"start":{"line":81,"column":13},"end":{"line":85,"column":7}}],"line":81},"6":{"loc":{"start":{"line":92,"column":6},"end":{"line":113,"column":7}},"type":"if","locations":[{"start":{"line":92,"column":6},"end":{"line":113,"column":7}},{"start":{"line":92,"column":6},"end":{"line":113,"column":7}}],"line":92},"7":{"loc":{"start":{"line":125,"column":11},"end":{"line":125,"column":99}},"type":"cond-expr","locations":[{"start":{"line":125,"column":37},"end":{"line":125,"column":92}},{"start":{"line":125,"column":95},"end":{"line":125,"column":99}}],"line":125},"8":{"loc":{"start":{"line":140,"column":6},"end":{"line":146,"column":7}},"type":"if","locations":[{"start":{"line":140,"column":6},"end":{"line":146,"column":7}},{"start":{"line":140,"column":6},"end":{"line":146,"column":7}}],"line":140},"9":{"loc":{"start":{"line":142,"column":10},"end":{"line":144,"column":11}},"type":"if","locations":[{"start":{"line":142,"column":10},"end":{"line":144,"column":11}},{"start":{"line":142,"column":10},"end":{"line":144,"column":11}}],"line":142},"10":{"loc":{"start":{"line":157,"column":6},"end":{"line":172,"column":7}},"type":"if","locations":[{"start":{"line":157,"column":6},"end":{"line":172,"column":7}},{"start":{"line":157,"column":6},"end":{"line":172,"column":7}}],"line":157},"11":{"loc":{"start":{"line":159,"column":10},"end":{"line":161,"column":11}},"type":"if","locations":[{"start":{"line":159,"column":10},"end":{"line":161,"column":11}},{"start":{"line":159,"column":10},"end":{"line":161,"column":11}}],"line":159},"12":{"loc":{"start":{"line":164,"column":8},"end":{"line":171,"column":9}},"type":"if","locations":[{"start":{"line":164,"column":8},"end":{"line":171,"column":9}},{"start":{"line":164,"column":8},"end":{"line":171,"column":9}}],"line":164},"13":{"loc":{"start":{"line":167,"column":12},"end":{"line":169,"column":13}},"type":"if","locations":[{"start":{"line":167,"column":12},"end":{"line":169,"column":13}},{"start":{"line":167,"column":12},"end":{"line":169,"column":13}}],"line":167},"14":{"loc":{"start":{"line":186,"column":31},"end":{"line":186,"column":58}},"type":"cond-expr","locations":[{"start":{"line":186,"column":53},"end":{"line":186,"column":54}},{"start":{"line":186,"column":57},"end":{"line":186,"column":58}}],"line":186},"15":{"loc":{"start":{"line":187,"column":32},"end":{"line":187,"column":59}},"type":"cond-expr","locations":[{"start":{"line":187,"column":54},"end":{"line":187,"column":55}},{"start":{"line":187,"column":58},"end":{"line":187,"column":59}}],"line":187},"16":{"loc":{"start":{"line":195,"column":6},"end":{"line":197,"column":7}},"type":"if","locations":[{"start":{"line":195,"column":6},"end":{"line":197,"column":7}},{"start":{"line":195,"column":6},"end":{"line":197,"column":7}}],"line":195},"17":{"loc":{"start":{"line":199,"column":6},"end":{"line":213,"column":7}},"type":"if","locations":[{"start":{"line":199,"column":6},"end":{"line":213,"column":7}},{"start":{"line":199,"column":6},"end":{"line":213,"column":7}}],"line":199},"18":{"loc":{"start":{"line":199,"column":10},"end":{"line":200,"column":86}},"type":"binary-expr","locations":[{"start":{"line":199,"column":11},"end":{"line":199,"column":42}},{"start":{"line":199,"column":46},"end":{"line":199,"column":87}},{"start":{"line":200,"column":11},"end":{"line":200,"column":41}},{"start":{"line":200,"column":45},"end":{"line":200,"column":85}}],"line":199},"19":{"loc":{"start":{"line":203,"column":13},"end":{"line":203,"column":63}},"type":"cond-expr","locations":[{"start":{"line":203,"column":23},"end":{"line":203,"column":56}},{"start":{"line":203,"column":59},"end":{"line":203,"column":63}}],"line":203},"20":{"loc":{"start":{"line":204,"column":13},"end":{"line":208,"column":20}},"type":"cond-expr","locations":[{"start":{"line":205,"column":14},"end":{"line":207,"column":20}},{"start":{"line":208,"column":16},"end":{"line":208,"column":20}}],"line":204},"21":{"loc":{"start":{"line":204,"column":13},"end":{"line":204,"column":104}},"type":"binary-expr","locations":[{"start":{"line":204,"column":13},"end":{"line":204,"column":21}},{"start":{"line":204,"column":25},"end":{"line":204,"column":39}},{"start":{"line":204,"column":43},"end":{"line":204,"column":104}}],"line":204},"22":{"loc":{"start":{"line":209,"column":13},"end":{"line":210,"column":93}},"type":"cond-expr","locations":[{"start":{"line":210,"column":14},"end":{"line":210,"column":86}},{"start":{"line":210,"column":89},"end":{"line":210,"column":93}}],"line":209},"23":{"loc":{"start":{"line":214,"column":6},"end":{"line":222,"column":7}},"type":"if","locations":[{"start":{"line":214,"column":6},"end":{"line":222,"column":7}},{"start":{"line":214,"column":6},"end":{"line":222,"column":7}}],"line":214},"24":{"loc":{"start":{"line":214,"column":10},"end":{"line":214,"column":101}},"type":"binary-expr","locations":[{"start":{"line":214,"column":10},"end":{"line":214,"column":18}},{"start":{"line":214,"column":22},"end":{"line":214,"column":36}},{"start":{"line":214,"column":40},"end":{"line":214,"column":101}}],"line":214},"25":{"loc":{"start":{"line":255,"column":6},"end":{"line":259,"column":7}},"type":"if","locations":[{"start":{"line":255,"column":6},"end":{"line":259,"column":7}},{"start":{"line":255,"column":6},"end":{"line":259,"column":7}}],"line":255},"26":{"loc":{"start":{"line":256,"column":8},"end":{"line":258,"column":9}},"type":"if","locations":[{"start":{"line":256,"column":8},"end":{"line":258,"column":9}},{"start":{"line":256,"column":8},"end":{"line":258,"column":9}}],"line":256},"27":{"loc":{"start":{"line":281,"column":12},"end":{"line":286,"column":13}},"type":"if","locations":[{"start":{"line":281,"column":12},"end":{"line":286,"column":13}},{"start":{"line":281,"column":12},"end":{"line":286,"column":13}}],"line":281},"28":{"loc":{"start":{"line":283,"column":19},"end":{"line":286,"column":13}},"type":"if","locations":[{"start":{"line":283,"column":19},"end":{"line":286,"column":13}},{"start":{"line":283,"column":19},"end":{"line":286,"column":13}}],"line":283},"29":{"loc":{"start":{"line":283,"column":23},"end":{"line":284,"column":62}},"type":"binary-expr","locations":[{"start":{"line":283,"column":23},"end":{"line":283,"column":59}},{"start":{"line":284,"column":27},"end":{"line":284,"column":62}}],"line":283},"30":{"loc":{"start":{"line":288,"column":12},"end":{"line":295,"column":13}},"type":"if","locations":[{"start":{"line":288,"column":12},"end":{"line":295,"column":13}},{"start":{"line":288,"column":12},"end":{"line":295,"column":13}}],"line":288},"31":{"loc":{"start":{"line":288,"column":16},"end":{"line":289,"column":79}},"type":"binary-expr","locations":[{"start":{"line":288,"column":16},"end":{"line":288,"column":52}},{"start":{"line":289,"column":19},"end":{"line":289,"column":79}}],"line":288},"32":{"loc":{"start":{"line":291,"column":19},"end":{"line":295,"column":13}},"type":"if","locations":[{"start":{"line":291,"column":19},"end":{"line":295,"column":13}},{"start":{"line":291,"column":19},"end":{"line":295,"column":13}}],"line":291},"33":{"loc":{"start":{"line":293,"column":19},"end":{"line":295,"column":13}},"type":"if","locations":[{"start":{"line":293,"column":19},"end":{"line":295,"column":13}},{"start":{"line":293,"column":19},"end":{"line":295,"column":13}}],"line":293},"34":{"loc":{"start":{"line":296,"column":12},"end":{"line":303,"column":13}},"type":"if","locations":[{"start":{"line":296,"column":12},"end":{"line":303,"column":13}},{"start":{"line":296,"column":12},"end":{"line":303,"column":13}}],"line":296},"35":{"loc":{"start":{"line":296,"column":16},"end":{"line":297,"column":78}},"type":"binary-expr","locations":[{"start":{"line":296,"column":16},"end":{"line":296,"column":51}},{"start":{"line":297,"column":19},"end":{"line":297,"column":78}}],"line":296},"36":{"loc":{"start":{"line":299,"column":19},"end":{"line":303,"column":13}},"type":"if","locations":[{"start":{"line":299,"column":19},"end":{"line":303,"column":13}},{"start":{"line":299,"column":19},"end":{"line":303,"column":13}}],"line":299},"37":{"loc":{"start":{"line":301,"column":19},"end":{"line":303,"column":13}},"type":"if","locations":[{"start":{"line":301,"column":19},"end":{"line":303,"column":13}},{"start":{"line":301,"column":19},"end":{"line":303,"column":13}}],"line":301},"38":{"loc":{"start":{"line":306,"column":12},"end":{"line":321,"column":13}},"type":"if","locations":[{"start":{"line":306,"column":12},"end":{"line":321,"column":13}},{"start":{"line":306,"column":12},"end":{"line":321,"column":13}}],"line":306},"39":{"loc":{"start":{"line":306,"column":16},"end":{"line":307,"column":90}},"type":"binary-expr","locations":[{"start":{"line":306,"column":16},"end":{"line":306,"column":90}},{"start":{"line":307,"column":18},"end":{"line":307,"column":52}},{"start":{"line":307,"column":56},"end":{"line":307,"column":89}}],"line":306},"40":{"loc":{"start":{"line":306,"column":18},"end":{"line":306,"column":89}},"type":"binary-expr","locations":[{"start":{"line":306,"column":18},"end":{"line":306,"column":52}},{"start":{"line":306,"column":56},"end":{"line":306,"column":89}}],"line":306},"41":{"loc":{"start":{"line":308,"column":14},"end":{"line":320,"column":15}},"type":"if","locations":[{"start":{"line":308,"column":14},"end":{"line":320,"column":15}},{"start":{"line":308,"column":14},"end":{"line":320,"column":15}}],"line":308},"42":{"loc":{"start":{"line":314,"column":21},"end":{"line":320,"column":15}},"type":"if","locations":[{"start":{"line":314,"column":21},"end":{"line":320,"column":15}},{"start":{"line":314,"column":21},"end":{"line":320,"column":15}}],"line":314},"43":{"loc":{"start":{"line":314,"column":25},"end":{"line":317,"column":94}},"type":"binary-expr","locations":[{"start":{"line":314,"column":26},"end":{"line":314,"column":80}},{"start":{"line":315,"column":29},"end":{"line":315,"column":94}},{"start":{"line":316,"column":26},"end":{"line":316,"column":79}},{"start":{"line":317,"column":29},"end":{"line":317,"column":93}}],"line":314},"44":{"loc":{"start":{"line":323,"column":12},"end":{"line":349,"column":13}},"type":"if","locations":[{"start":{"line":323,"column":12},"end":{"line":349,"column":13}},{"start":{"line":323,"column":12},"end":{"line":349,"column":13}}],"line":323},"45":{"loc":{"start":{"line":332,"column":19},"end":{"line":333,"column":107}},"type":"cond-expr","locations":[{"start":{"line":332,"column":55},"end":{"line":333,"column":100}},{"start":{"line":333,"column":103},"end":{"line":333,"column":107}}],"line":332},"46":{"loc":{"start":{"line":336,"column":19},"end":{"line":349,"column":13}},"type":"if","locations":[{"start":{"line":336,"column":19},"end":{"line":349,"column":13}},{"start":{"line":336,"column":19},"end":{"line":349,"column":13}}],"line":336},"47":{"loc":{"start":{"line":345,"column":19},"end":{"line":346,"column":108}},"type":"cond-expr","locations":[{"start":{"line":345,"column":56},"end":{"line":346,"column":101}},{"start":{"line":346,"column":104},"end":{"line":346,"column":108}}],"line":345}},"s":{"0":111,"1":111,"2":205,"3":205,"4":205,"5":107,"6":98,"7":0,"8":0,"9":0,"10":0,"11":0,"12":0,"13":4609,"14":606,"15":4003,"16":220,"17":3783,"18":4609,"19":4609,"20":4609,"21":554,"22":0,"23":4055,"24":0,"25":4609,"26":4609,"27":4609,"28":4609,"29":39813,"30":5180,"31":4609,"32":7479,"33":7479,"34":7479,"35":7479,"36":7479,"37":7479,"38":69948,"39":7459,"40":7479,"41":7479,"42":966,"43":966,"44":3063,"45":3063,"46":1099,"47":7479,"48":2870,"49":2870,"50":2870,"51":2870,"52":2870,"53":2870,"54":2870,"55":2870,"56":2870,"57":472,"58":2870,"59":1378,"60":1492,"61":99,"62":1393,"63":1474,"64":1927,"65":1927,"66":1927,"67":1927,"68":1927,"69":1927,"70":1927,"71":613,"72":25,"73":1927,"74":3101,"75":7658,"76":7658,"77":7658,"78":7658,"79":7658,"80":7658,"81":1474,"82":6184,"83":2870,"84":3314,"85":263,"86":3051,"87":323,"88":2728,"89":153,"90":3314,"91":287,"92":3027,"93":293,"94":2734,"95":140,"96":3314,"97":3196,"98":1927,"99":1269,"100":205,"101":1182,"102":396,"103":786,"104":786,"105":0,"106":361,"107":361,"108":361,"109":636,"110":361,"111":1194,"112":1194,"113":1194},"f":{"0":111,"1":205,"2":0,"3":4609,"4":0,"5":0,"6":4609,"7":7479,"8":2870,"9":1474,"10":1927,"11":3101,"12":7658,"13":7658,"14":361,"15":1194},"b":{"0":[71,134],"1":[71,134],"2":[107,98],"3":[205,72,151,133],"4":[606,4003],"5":[220,3783],"6":[554,4055],"7":[54,4001],"8":[4609,0],"9":[5180,34633],"10":[7479,0],"11":[7459,62489],"12":[966,6513],"13":[1099,1964],"14":[1595,1275],"15":[1595,1275],"16":[472,2398],"17":[1378,1492],"18":[2870,1007,2315,1863],"19":[199,1179],"20":[129,1249],"21":[1378,1179,1144],"22":[55,1323],"23":[99,1393],"24":[1492,1219,1149],"25":[613,1314],"26":[25,588],"27":[1474,6184],"28":[2870,3314],"29":[6184,4589],"30":[263,3051],"31":[3314,3314],"32":[323,2728],"33":[153,2575],"34":[287,3027],"35":[3314,3314],"36":[293,2734],"37":[140,2594],"38":[3196,118],"39":[3314,334,263],"40":[3314,3051],"41":[1927,1269],"42":[205,1064],"43":[1269,1187,1198,1129],"44":[396,786],"45":[18,378],"46":[786,0],"47":[35,751]},"_coverageSchema":"43e27e138ebf9cfc5966b082cf9a028302ed4184","hash":"028a777f6d80bf129792d4c86a3d22e6ad09017e"}
,"/apps/workspace/little-differ-react/src/components/diffView/node.tsx": {"path":"/apps/workspace/little-differ-react/src/components/diffView/node.tsx","statementMap":{"0":{"start":{"line":27,"column":4},"end":{"line":27,"column":59}},"1":{"start":{"line":31,"column":4},"end":{"line":31,"column":59}},"2":{"start":{"line":35,"column":4},"end":{"line":35,"column":17}},"3":{"start":{"line":36,"column":4},"end":{"line":43,"column":5}},"4":{"start":{"line":51,"column":73},"end":{"line":51,"column":83}},"5":{"start":{"line":52,"column":19},"end":{"line":52,"column":45}},"6":{"start":{"line":53,"column":4},"end":{"line":71,"column":5}},"7":{"start":{"line":64,"column":23},"end":{"line":64,"column":36}},"8":{"start":{"line":65,"column":27},"end":{"line":65,"column":46}},"9":{"start":{"line":66,"column":26},"end":{"line":66,"column":47}}},"fnMap":{"0":{"name":"(anonymous_0)","decl":{"start":{"line":26,"column":2},"end":{"line":26,"column":3}},"loc":{"start":{"line":26,"column":24},"end":{"line":28,"column":3}},"line":26},"1":{"name":"(anonymous_1)","decl":{"start":{"line":30,"column":2},"end":{"line":30,"column":3}},"loc":{"start":{"line":30,"column":26},"end":{"line":32,"column":3}},"line":30},"2":{"name":"(anonymous_2)","decl":{"start":{"line":34,"column":2},"end":{"line":34,"column":3}},"loc":{"start":{"line":34,"column":28},"end":{"line":44,"column":3}},"line":34},"3":{"name":"(anonymous_3)","decl":{"start":{"line":50,"column":2},"end":{"line":50,"column":3}},"loc":{"start":{"line":50,"column":11},"end":{"line":72,"column":3}},"line":50},"4":{"name":"(anonymous_4)","decl":{"start":{"line":64,"column":17},"end":{"line":64,"column":18}},"loc":{"start":{"line":64,"column":23},"end":{"line":64,"column":36}},"line":64},"5":{"name":"(anonymous_5)","decl":{"start":{"line":65,"column":21},"end":{"line":65,"column":22}},"loc":{"start":{"line":65,"column":27},"end":{"line":65,"column":46}},"line":65},"6":{"name":"(anonymous_6)","decl":{"start":{"line":66,"column":20},"end":{"line":66,"column":21}},"loc":{"start":{"line":66,"column":26},"end":{"line":66,"column":47}},"line":66}},"branchMap":{"0":{"loc":{"start":{"line":61,"column":22},"end":{"line":61,"column":48}},"type":"cond-expr","locations":[{"start":{"line":61,"column":31},"end":{"line":61,"column":37}},{"start":{"line":61,"column":40},"end":{"line":61,"column":48}}],"line":61}},"s":{"0":0,"1":0,"2":539,"3":539,"4":4609,"5":4609,"6":4609,"7":0,"8":0,"9":0},"f":{"0":0,"1":0,"2":539,"3":4609,"4":0,"5":0,"6":0},"b":{"0":[2707,1902]},"_coverageSchema":"43e27e138ebf9cfc5966b082cf9a028302ed4184","hash":"d11fb242fa3c878ca7388a3bd511dfece054e04a"}
,"/apps/workspace/little-differ-react/src/components/mergePanels/component.tsx": {"path":"/apps/workspace/little-differ-react/src/components/mergePanels/component.tsx","statementMap":{"0":{"start":{"line":33,"column":23},"end":{"line":33,"column":25}},"1":{"start":{"line":34,"column":14},"end":{"line":34,"column":16}},"2":{"start":{"line":39,"column":4},"end":{"line":39,"column":59}},"3":{"start":{"line":43,"column":4},"end":{"line":43,"column":48}},"4":{"start":{"line":47,"column":4},"end":{"line":47,"column":25}},"5":{"start":{"line":48,"column":4},"end":{"line":48,"column":19}},"6":{"start":{"line":56,"column":4},"end":{"line":58,"column":5}},"7":{"start":{"line":57,"column":6},"end":{"line":57,"column":32}},"8":{"start":{"line":67,"column":4},"end":{"line":73,"column":5}},"9":{"start":{"line":68,"column":19},"end":{"line":68,"column":34}},"10":{"start":{"line":69,"column":27},"end":{"line":69,"column":39}},"11":{"start":{"line":70,"column":6},"end":{"line":70,"column":18}},"12":{"start":{"line":72,"column":6},"end":{"line":72,"column":96}},"13":{"start":{"line":74,"column":4},"end":{"line":74,"column":19}},"14":{"start":{"line":81,"column":4},"end":{"line":81,"column":17}},"15":{"start":{"line":82,"column":4},"end":{"line":82,"column":60}},"16":{"start":{"line":86,"column":4},"end":{"line":86,"column":60}},"17":{"start":{"line":99,"column":33},"end":{"line":99,"column":43}},"18":{"start":{"line":113,"column":22},"end":{"line":113,"column":45}},"19":{"start":{"line":114,"column":23},"end":{"line":114,"column":46}},"20":{"start":{"line":115,"column":4},"end":{"line":115,"column":64}},"21":{"start":{"line":116,"column":4},"end":{"line":116,"column":66}},"22":{"start":{"line":118,"column":27},"end":{"line":118,"column":54}},"23":{"start":{"line":119,"column":27},"end":{"line":119,"column":54}},"24":{"start":{"line":120,"column":20},"end":{"line":120,"column":26}},"25":{"start":{"line":121,"column":19},"end":{"line":121,"column":24}},"26":{"start":{"line":124,"column":4},"end":{"line":213,"column":5}},"27":{"start":{"line":144,"column":43},"end":{"line":144,"column":89}},"28":{"start":{"line":147,"column":40},"end":{"line":147,"column":94}},"29":{"start":{"line":173,"column":43},"end":{"line":173,"column":89}},"30":{"start":{"line":175,"column":56},"end":{"line":175,"column":60}},"31":{"start":{"line":200,"column":43},"end":{"line":200,"column":89}},"32":{"start":{"line":203,"column":40},"end":{"line":203,"column":94}},"33":{"start":{"line":218,"column":2},"end":{"line":220,"column":4}}},"fnMap":{"0":{"name":"(anonymous_0)","decl":{"start":{"line":38,"column":2},"end":{"line":38,"column":3}},"loc":{"start":{"line":38,"column":59},"end":{"line":40,"column":3}},"line":38},"1":{"name":"(anonymous_1)","decl":{"start":{"line":42,"column":2},"end":{"line":42,"column":3}},"loc":{"start":{"line":42,"column":43},"end":{"line":44,"column":3}},"line":42},"2":{"name":"(anonymous_2)","decl":{"start":{"line":46,"column":2},"end":{"line":46,"column":3}},"loc":{"start":{"line":46,"column":43},"end":{"line":49,"column":3}},"line":46},"3":{"name":"(anonymous_3)","decl":{"start":{"line":55,"column":2},"end":{"line":55,"column":3}},"loc":{"start":{"line":55,"column":60},"end":{"line":59,"column":3}},"line":55},"4":{"name":"(anonymous_4)","decl":{"start":{"line":66,"column":2},"end":{"line":66,"column":3}},"loc":{"start":{"line":66,"column":60},"end":{"line":75,"column":3}},"line":66},"5":{"name":"(anonymous_5)","decl":{"start":{"line":80,"column":2},"end":{"line":80,"column":3}},"loc":{"start":{"line":80,"column":23},"end":{"line":83,"column":3}},"line":80},"6":{"name":"(anonymous_6)","decl":{"start":{"line":85,"column":2},"end":{"line":85,"column":3}},"loc":{"start":{"line":85,"column":22},"end":{"line":87,"column":3}},"line":85},"7":{"name":"(anonymous_7)","decl":{"start":{"line":98,"column":2},"end":{"line":98,"column":3}},"loc":{"start":{"line":98,"column":11},"end":{"line":214,"column":3}},"line":98},"8":{"name":"(anonymous_8)","decl":{"start":{"line":144,"column":27},"end":{"line":144,"column":28}},"loc":{"start":{"line":144,"column":43},"end":{"line":144,"column":89}},"line":144},"9":{"name":"(anonymous_9)","decl":{"start":{"line":146,"column":40},"end":{"line":146,"column":41}},"loc":{"start":{"line":147,"column":40},"end":{"line":147,"column":94}},"line":147},"10":{"name":"(anonymous_10)","decl":{"start":{"line":173,"column":27},"end":{"line":173,"column":28}},"loc":{"start":{"line":173,"column":43},"end":{"line":173,"column":89}},"line":173},"11":{"name":"(anonymous_11)","decl":{"start":{"line":175,"column":40},"end":{"line":175,"column":41}},"loc":{"start":{"line":175,"column":56},"end":{"line":175,"column":60}},"line":175},"12":{"name":"(anonymous_12)","decl":{"start":{"line":200,"column":27},"end":{"line":200,"column":28}},"loc":{"start":{"line":200,"column":43},"end":{"line":200,"column":89}},"line":200},"13":{"name":"(anonymous_13)","decl":{"start":{"line":202,"column":40},"end":{"line":202,"column":41}},"loc":{"start":{"line":203,"column":40},"end":{"line":203,"column":94}},"line":203},"14":{"name":"mapStateToProps","decl":{"start":{"line":217,"column":9},"end":{"line":217,"column":24}},"loc":{"start":{"line":217,"column":37},"end":{"line":221,"column":1}},"line":217}},"branchMap":{"0":{"loc":{"start":{"line":56,"column":4},"end":{"line":58,"column":5}},"type":"if","locations":[{"start":{"line":56,"column":4},"end":{"line":58,"column":5}},{"start":{"line":56,"column":4},"end":{"line":58,"column":5}}],"line":56},"1":{"loc":{"start":{"line":67,"column":4},"end":{"line":73,"column":5}},"type":"if","locations":[{"start":{"line":67,"column":4},"end":{"line":73,"column":5}},{"start":{"line":67,"column":4},"end":{"line":73,"column":5}}],"line":67}},"s":{"0":2,"1":2,"2":0,"3":74,"4":598,"5":598,"6":701,"7":32,"8":613,"9":598,"10":598,"11":598,"12":598,"13":15,"14":37,"15":37,"16":37,"17":398,"18":398,"19":398,"20":398,"21":398,"22":398,"23":398,"24":398,"25":398,"26":398,"27":0,"28":701,"29":0,"30":613,"31":0,"32":613,"33":398},"f":{"0":0,"1":74,"2":598,"3":701,"4":613,"5":37,"6":37,"7":398,"8":0,"9":701,"10":0,"11":613,"12":0,"13":613,"14":398},"b":{"0":[32,669],"1":[598,15]},"_coverageSchema":"43e27e138ebf9cfc5966b082cf9a028302ed4184","hash":"7cf0ceb00e266215b0a5ec1ced3d0632baa4e960"}
,"/apps/workspace/little-differ-react/src/components/revisedPanel/component.tsx": {"path":"/apps/workspace/little-differ-react/src/components/revisedPanel/component.tsx","statementMap":{"0":{"start":{"line":24,"column":4},"end":{"line":24,"column":48}},"1":{"start":{"line":29,"column":27},"end":{"line":29,"column":37}},"2":{"start":{"line":32,"column":4},"end":{"line":66,"column":5}},"3":{"start":{"line":51,"column":36},"end":{"line":51,"column":89}},"4":{"start":{"line":53,"column":36},"end":{"line":53,"column":89}},"5":{"start":{"line":55,"column":36},"end":{"line":55,"column":89}},"6":{"start":{"line":72,"column":2},"end":{"line":74,"column":4}}},"fnMap":{"0":{"name":"(anonymous_0)","decl":{"start":{"line":23,"column":2},"end":{"line":23,"column":3}},"loc":{"start":{"line":23,"column":43},"end":{"line":25,"column":3}},"line":23},"1":{"name":"(anonymous_1)","decl":{"start":{"line":28,"column":2},"end":{"line":28,"column":3}},"loc":{"start":{"line":28,"column":11},"end":{"line":67,"column":3}},"line":28},"2":{"name":"(anonymous_2)","decl":{"start":{"line":50,"column":27},"end":{"line":50,"column":28}},"loc":{"start":{"line":51,"column":36},"end":{"line":51,"column":89}},"line":51},"3":{"name":"(anonymous_3)","decl":{"start":{"line":52,"column":28},"end":{"line":52,"column":29}},"loc":{"start":{"line":53,"column":36},"end":{"line":53,"column":89}},"line":53},"4":{"name":"(anonymous_4)","decl":{"start":{"line":54,"column":30},"end":{"line":54,"column":31}},"loc":{"start":{"line":55,"column":36},"end":{"line":55,"column":89}},"line":55},"5":{"name":"mapStateToProps","decl":{"start":{"line":71,"column":9},"end":{"line":71,"column":24}},"loc":{"start":{"line":71,"column":37},"end":{"line":75,"column":1}},"line":71}},"branchMap":{},"s":{"0":0,"1":398,"2":398,"3":0,"4":0,"5":0,"6":398},"f":{"0":0,"1":398,"2":0,"3":0,"4":0,"5":398},"b":{},"_coverageSchema":"43e27e138ebf9cfc5966b082cf9a028302ed4184","hash":"b8c88c16b3bbe7a7097139a5494ce135ba9e860f"}
,"/apps/workspace/little-differ-react/src/constants/index.tsx": {"path":"/apps/workspace/little-differ-react/src/constants/index.tsx","statementMap":{"0":{"start":{"line":2,"column":27},"end":{"line":2,"column":28}},"1":{"start":{"line":3,"column":26},"end":{"line":3,"column":27}},"2":{"start":{"line":4,"column":25},"end":{"line":4,"column":26}},"3":{"start":{"line":5,"column":27},"end":{"line":5,"column":34}},"4":{"start":{"line":6,"column":33},"end":{"line":6,"column":39}},"5":{"start":{"line":7,"column":33},"end":{"line":7,"column":38}},"6":{"start":{"line":8,"column":26},"end":{"line":8,"column":33}},"7":{"start":{"line":10,"column":37},"end":{"line":10,"column":87}}},"fnMap":{},"branchMap":{},"s":{"0":2,"1":2,"2":2,"3":2,"4":2,"5":2,"6":2,"7":2},"f":{},"b":{},"_coverageSchema":"43e27e138ebf9cfc5966b082cf9a028302ed4184","hash":"1c835cf4b3725856ebb2f8b4beefff0170e29362"}
,"/apps/workspace/little-differ-react/src/reducers/index.tsx": {"path":"/apps/workspace/little-differ-react/src/reducers/index.tsx","statementMap":{"0":{"start":{"line":9,"column":21},"end":{"line":11,"column":1}},"1":{"start":{"line":16,"column":20},"end":{"line":16,"column":25}},"2":{"start":{"line":17,"column":2},"end":{"line":24,"column":3}},"3":{"start":{"line":19,"column":6},"end":{"line":19,"column":76}},"4":{"start":{"line":21,"column":6},"end":{"line":21,"column":52}},"5":{"start":{"line":23,"column":6},"end":{"line":23,"column":19}},"6":{"start":{"line":43,"column":23},"end":{"line":43,"column":35}},"7":{"start":{"line":44,"column":4},"end":{"line":46,"column":5}},"8":{"start":{"line":45,"column":6},"end":{"line":45,"column":73}},"9":{"start":{"line":47,"column":4},"end":{"line":49,"column":5}},"10":{"start":{"line":48,"column":6},"end":{"line":48,"column":77}},"11":{"start":{"line":50,"column":4},"end":{"line":50,"column":62}},"12":{"start":{"line":56,"column":4},"end":{"line":56,"column":18}}},"fnMap":{"0":{"name":"reducers","decl":{"start":{"line":14,"column":16},"end":{"line":14,"column":24}},"loc":{"start":{"line":14,"column":63},"end":{"line":26,"column":1}},"line":14},"1":{"name":"addToDoc","decl":{"start":{"line":32,"column":18},"end":{"line":32,"column":26}},"loc":{"start":{"line":32,"column":76},"end":{"line":51,"column":3}},"line":32},"2":{"name":"updateNewDoc","decl":{"start":{"line":55,"column":11},"end":{"line":55,"column":23}},"loc":{"start":{"line":55,"column":32},"end":{"line":57,"column":3}},"line":55}},"branchMap":{"0":{"loc":{"start":{"line":14,"column":25},"end":{"line":14,"column":45}},"type":"default-arg","locations":[{"start":{"line":14,"column":33},"end":{"line":14,"column":45}}],"line":14},"1":{"loc":{"start":{"line":17,"column":2},"end":{"line":24,"column":3}},"type":"switch","locations":[{"start":{"line":18,"column":4},"end":{"line":19,"column":76}},{"start":{"line":20,"column":4},"end":{"line":21,"column":52}},{"start":{"line":22,"column":4},"end":{"line":23,"column":19}}],"line":17},"2":{"loc":{"start":{"line":44,"column":4},"end":{"line":46,"column":5}},"type":"if","locations":[{"start":{"line":44,"column":4},"end":{"line":46,"column":5}},{"start":{"line":44,"column":4},"end":{"line":46,"column":5}}],"line":44},"3":{"loc":{"start":{"line":47,"column":4},"end":{"line":49,"column":5}},"type":"if","locations":[{"start":{"line":47,"column":4},"end":{"line":49,"column":5}},{"start":{"line":47,"column":4},"end":{"line":49,"column":5}}],"line":47}},"s":{"0":3,"1":76,"2":76,"3":0,"4":74,"5":2,"6":2050,"7":2050,"8":599,"9":1451,"10":1318,"11":133,"12":74},"f":{"0":76,"1":2050,"2":74},"b":{"0":[2],"1":[0,74,2],"2":[599,1451],"3":[1318,133]},"_coverageSchema":"43e27e138ebf9cfc5966b082cf9a028302ed4184","hash":"29bef4037aadb3bcc5dbfbc0e4dc236b7c5d6e95"}
,"/apps/workspace/little-differ-react/src/store/index.tsx": {"path":"/apps/workspace/little-differ-react/src/store/index.tsx","statementMap":{"0":{"start":{"line":9,"column":14},"end":{"line":9,"column":35}}},"fnMap":{},"branchMap":{},"s":{"0":2},"f":{},"b":{},"_coverageSchema":"43e27e138ebf9cfc5966b082cf9a028302ed4184","hash":"af3f7f5068ee7ff38b90f77e819d4adba44d0d8c"}
,"/apps/workspace/little-differ-react/src/utils/addPairToTempDoc.js": {"path":"/apps/workspace/little-differ-react/src/utils/addPairToTempDoc.js","statementMap":{"0":{"start":{"line":9,"column":4},"end":{"line":9,"column":58}}},"fnMap":{"0":{"name":"(anonymous_0)","decl":{"start":{"line":7,"column":16},"end":{"line":7,"column":17}},"loc":{"start":{"line":7,"column":49},"end":{"line":10,"column":3}},"line":7}},"branchMap":{},"s":{"0":599},"f":{"0":599},"b":{},"_coverageSchema":"43e27e138ebf9cfc5966b082cf9a028302ed4184","hash":"d183ce3133521f3dc55500f62c8656fbb21e04d0"}
,"/apps/workspace/little-differ-react/src/utils/getMatchByKey.js": {"path":"/apps/workspace/little-differ-react/src/utils/getMatchByKey.js","statementMap":{"0":{"start":{"line":13,"column":2},"end":{"line":15,"column":3}},"1":{"start":{"line":14,"column":4},"end":{"line":14,"column":17}},"2":{"start":{"line":17,"column":2},"end":{"line":21,"column":3}},"3":{"start":{"line":19,"column":4},"end":{"line":19,"column":17}},"4":{"start":{"line":20,"column":4},"end":{"line":20,"column":44}},"5":{"start":{"line":23,"column":2},"end":{"line":28,"column":3}},"6":{"start":{"line":24,"column":22},"end":{"line":24,"column":28}},"7":{"start":{"line":25,"column":4},"end":{"line":25,"column":30}},"8":{"start":{"line":27,"column":4},"end":{"line":27,"column":45}}},"fnMap":{"0":{"name":"(anonymous_0)","decl":{"start":{"line":12,"column":15},"end":{"line":12,"column":16}},"loc":{"start":{"line":12,"column":30},"end":{"line":30,"column":1}},"line":12}},"branchMap":{"0":{"loc":{"start":{"line":13,"column":2},"end":{"line":15,"column":3}},"type":"if","locations":[{"start":{"line":13,"column":2},"end":{"line":15,"column":3}},{"start":{"line":13,"column":2},"end":{"line":15,"column":3}}],"line":13},"1":{"loc":{"start":{"line":17,"column":2},"end":{"line":21,"column":3}},"type":"if","locations":[{"start":{"line":17,"column":2},"end":{"line":21,"column":3}},{"start":{"line":17,"column":2},"end":{"line":21,"column":3}}],"line":17},"2":{"loc":{"start":{"line":23,"column":2},"end":{"line":28,"column":3}},"type":"if","locations":[{"start":{"line":23,"column":2},"end":{"line":28,"column":3}},{"start":{"line":23,"column":2},"end":{"line":28,"column":3}}],"line":23}},"s":{"0":2803,"1":15,"2":2788,"3":2179,"4":2179,"5":609,"6":608,"7":608,"8":1},"f":{"0":2803},"b":{"0":[15,2788],"1":[2179,609],"2":[608,1]},"_coverageSchema":"43e27e138ebf9cfc5966b082cf9a028302ed4184","hash":"ce75c567cca27e693c426900acc21ff14f117b44"}
,"/apps/workspace/little-differ-react/src/utils/getPathsArray.js": {"path":"/apps/workspace/little-differ-react/src/utils/getPathsArray.js","statementMap":{"0":{"start":{"line":11,"column":4},"end":{"line":13,"column":5}},"1":{"start":{"line":12,"column":19},"end":{"line":12,"column":21}},"2":{"start":{"line":15,"column":20},"end":{"line":15,"column":22}},"3":{"start":{"line":16,"column":4},"end":{"line":30,"column":5}},"4":{"start":{"line":17,"column":18},"end":{"line":17,"column":27}},"5":{"start":{"line":18,"column":6},"end":{"line":29,"column":7}},"6":{"start":{"line":20,"column":8},"end":{"line":20,"column":37}},"7":{"start":{"line":22,"column":8},"end":{"line":22,"column":51}},"8":{"start":{"line":23,"column":8},"end":{"line":25,"column":11}},"9":{"start":{"line":24,"column":14},"end":{"line":24,"column":31}},"10":{"start":{"line":28,"column":8},"end":{"line":28,"column":39}},"11":{"start":{"line":31,"column":4},"end":{"line":31,"column":18}}},"fnMap":{"0":{"name":"(anonymous_0)","decl":{"start":{"line":10,"column":17},"end":{"line":10,"column":18}},"loc":{"start":{"line":10,"column":32},"end":{"line":32,"column":3}},"line":10},"1":{"name":"(anonymous_1)","decl":{"start":{"line":23,"column":26},"end":{"line":23,"column":27}},"loc":{"start":{"line":23,"column":48},"end":{"line":25,"column":9}},"line":23}},"branchMap":{"0":{"loc":{"start":{"line":11,"column":4},"end":{"line":13,"column":5}},"type":"if","locations":[{"start":{"line":11,"column":4},"end":{"line":13,"column":5}},{"start":{"line":11,"column":4},"end":{"line":13,"column":5}}],"line":11},"1":{"loc":{"start":{"line":18,"column":6},"end":{"line":29,"column":7}},"type":"if","locations":[{"start":{"line":18,"column":6},"end":{"line":29,"column":7}},{"start":{"line":18,"column":6},"end":{"line":29,"column":7}}],"line":18}},"s":{"0":2517,"1":2517,"2":2517,"3":2517,"4":5573,"5":5573,"6":1720,"7":1720,"8":1720,"9":10661,"10":3853,"11":2517},"f":{"0":2517,"1":10661},"b":{"0":[2517,0],"1":[1720,3853]},"_coverageSchema":"43e27e138ebf9cfc5966b082cf9a028302ed4184","hash":"8c0f47b277f07329e06f8470d5f4450c7cabbb5b"}
,"/apps/workspace/little-differ-react/src/utils/getValue.js": {"path":"/apps/workspace/little-differ-react/src/utils/getValue.js","statementMap":{"0":{"start":{"line":13,"column":2},"end":{"line":16,"column":3}},"1":{"start":{"line":14,"column":4},"end":{"line":14,"column":16}},"2":{"start":{"line":15,"column":4},"end":{"line":15,"column":43}},"3":{"start":{"line":17,"column":2},"end":{"line":17,"column":34}}},"fnMap":{"0":{"name":"(anonymous_0)","decl":{"start":{"line":11,"column":15},"end":{"line":11,"column":16}},"loc":{"start":{"line":11,"column":43},"end":{"line":18,"column":1}},"line":11}},"branchMap":{"0":{"loc":{"start":{"line":13,"column":2},"end":{"line":16,"column":3}},"type":"if","locations":[{"start":{"line":13,"column":2},"end":{"line":16,"column":3}},{"start":{"line":13,"column":2},"end":{"line":16,"column":3}}],"line":13}},"s":{"0":6742,"1":4813,"2":4813,"3":1929},"f":{"0":6742},"b":{"0":[4813,1929]},"_coverageSchema":"43e27e138ebf9cfc5966b082cf9a028302ed4184","hash":"c59114a963bd5d016764b36ea661e8dfbfc050ab"}
}
