TN:
SF:/apps/workspace/little-differ-react/src/actions/index.tsx
FN:12,(anonymous_0)
FN:19,(anonymous_1)
FNF:2
FNH:1
FNDA:74,(anonymous_0)
FNDA:0,(anonymous_1)
DA:12,74
DA:19,2
LF:2
LH:2
BRF:0
BRH:0
end_of_record
TN:
SF:/apps/workspace/little-differ-react/src/components/app/component.tsx
FN:19,(anonymous_0)
FN:48,mapStateToProps
FNF:2
FNH:2
FNDA:398,(anonymous_0)
FNDA:722,mapStateToProps
DA:20,398
DA:23,398
DA:49,722
LF:3
LH:3
BRF:0
BRH:0
end_of_record
TN:
SF:/apps/workspace/little-differ-react/src/components/diffView/component.tsx
FN:17,(anonymous_0)
FN:28,(anonymous_1)
FN:60,(anonymous_2)
FN:73,(anonymous_3)
FN:104,(anonymous_4)
FN:119,(anonymous_5)
FN:137,(anonymous_6)
FN:152,(anonymous_7)
FN:184,(anonymous_8)
FN:232,(anonymous_9)
FN:245,(anonymous_10)
FN:271,(anonymous_11)
FN:274,(anonymous_12)
FN:274,(anonymous_13)
FN:380,(anonymous_14)
FN:393,(anonymous_15)
FNF:16
FNH:13
FNDA:111,(anonymous_0)
FNDA:205,(anonymous_1)
FNDA:0,(anonymous_2)
FNDA:4609,(anonymous_3)
FNDA:0,(anonymous_4)
FNDA:0,(anonymous_5)
FNDA:4609,(anonymous_6)
FNDA:7479,(anonymous_7)
FNDA:2870,(anonymous_8)
FNDA:1474,(anonymous_9)
FNDA:1927,(anonymous_10)
FNDA:3101,(anonymous_11)
FNDA:7658,(anonymous_12)
FNDA:7658,(anonymous_13)
FNDA:361,(anonymous_14)
FNDA:1194,(anonymous_15)
DA:18,111
DA:19,111
DA:30,205
DA:31,205
DA:33,205
DA:35,107
DA:45,98
DA:61,0
DA:62,0
DA:63,0
DA:64,0
DA:65,0
DA:66,0
DA:79,4609
DA:80,606
DA:81,4003
DA:82,220
DA:84,3783
DA:90,4609
DA:91,4609
DA:92,4609
DA:98,554
DA:104,0
DA:114,4055
DA:119,0
DA:138,4609
DA:140,4609
DA:141,4609
DA:142,39813
DA:143,5180
DA:147,4609
DA:153,7479
DA:154,7479
DA:155,7479
DA:157,7479
DA:158,7479
DA:159,69948
DA:160,7459
DA:163,7479
DA:164,7479
DA:165,966
DA:166,3063
DA:167,3063
DA:168,1099
DA:173,7479
DA:185,2870
DA:186,2870
DA:187,2870
DA:188,2870
DA:190,2870
DA:191,2870
DA:192,2870
DA:194,2870
DA:195,2870
DA:196,472
DA:199,2870
DA:201,1378
DA:214,1492
DA:215,99
DA:223,1393
DA:233,1474
DA:247,1927
DA:248,1927
DA:249,1927
DA:250,1927
DA:252,1927
DA:254,1927
DA:255,1927
DA:256,613
DA:257,25
DA:260,1927
DA:272,3101
DA:274,7658
DA:275,7658
DA:276,7658
DA:277,7658
DA:278,7658
DA:281,7658
DA:282,1474
DA:283,6184
DA:285,2870
DA:288,3314
DA:290,263
DA:291,3051
DA:292,323
DA:293,2728
DA:294,153
DA:296,3314
DA:298,287
DA:299,3027
DA:300,293
DA:301,2734
DA:302,140
DA:306,3314
DA:308,3196
DA:309,1927
DA:314,1269
DA:318,205
DA:323,1182
DA:324,396
DA:336,786
DA:337,786
DA:352,0
DA:381,361
DA:382,361
DA:383,636
DA:385,361
DA:394,1194
DA:396,1194
DA:399,1194
LF:110
LH:101
BRDA:30,0,0,71
BRDA:30,0,1,134
BRDA:31,1,0,71
BRDA:31,1,1,134
BRDA:33,2,0,107
BRDA:33,2,1,98
BRDA:33,3,0,205
BRDA:33,3,1,72
BRDA:33,3,2,151
BRDA:33,3,3,133
BRDA:79,4,0,606
BRDA:79,4,1,4003
BRDA:81,5,0,220
BRDA:81,5,1,3783
BRDA:92,6,0,554
BRDA:92,6,1,4055
BRDA:125,7,0,54
BRDA:125,7,1,4001
BRDA:140,8,0,4609
BRDA:140,8,1,0
BRDA:142,9,0,5180
BRDA:142,9,1,34633
BRDA:157,10,0,7479
BRDA:157,10,1,0
BRDA:159,11,0,7459
BRDA:159,11,1,62489
BRDA:164,12,0,966
BRDA:164,12,1,6513
BRDA:167,13,0,1099
BRDA:167,13,1,1964
BRDA:186,14,0,1595
BRDA:186,14,1,1275
BRDA:187,15,0,1595
BRDA:187,15,1,1275
BRDA:195,16,0,472
BRDA:195,16,1,2398
BRDA:199,17,0,1378
BRDA:199,17,1,1492
BRDA:199,18,0,2870
BRDA:199,18,1,1007
BRDA:199,18,2,2315
BRDA:199,18,3,1863
BRDA:203,19,0,199
BRDA:203,19,1,1179
BRDA:204,20,0,129
BRDA:204,20,1,1249
BRDA:204,21,0,1378
BRDA:204,21,1,1179
BRDA:204,21,2,1144
BRDA:209,22,0,55
BRDA:209,22,1,1323
BRDA:214,23,0,99
BRDA:214,23,1,1393
BRDA:214,24,0,1492
BRDA:214,24,1,1219
BRDA:214,24,2,1149
BRDA:255,25,0,613
BRDA:255,25,1,1314
BRDA:256,26,0,25
BRDA:256,26,1,588
BRDA:281,27,0,1474
BRDA:281,27,1,6184
BRDA:283,28,0,2870
BRDA:283,28,1,3314
BRDA:283,29,0,6184
BRDA:283,29,1,4589
BRDA:288,30,0,263
BRDA:288,30,1,3051
BRDA:288,31,0,3314
BRDA:288,31,1,3314
BRDA:291,32,0,323
BRDA:291,32,1,2728
BRDA:293,33,0,153
BRDA:293,33,1,2575
BRDA:296,34,0,287
BRDA:296,34,1,3027
BRDA:296,35,0,3314
BRDA:296,35,1,3314
BRDA:299,36,0,293
BRDA:299,36,1,2734
BRDA:301,37,0,140
BRDA:301,37,1,2594
BRDA:306,38,0,3196
BRDA:306,38,1,118
BRDA:306,39,0,3314
BRDA:306,39,1,334
BRDA:306,39,2,263
BRDA:306,40,0,3314
BRDA:306,40,1,3051
BRDA:308,41,0,1927
BRDA:308,41,1,1269
BRDA:314,42,0,205
BRDA:314,42,1,1064
BRDA:314,43,0,1269
BRDA:314,43,1,1187
BRDA:314,43,2,1198
BRDA:314,43,3,1129
BRDA:323,44,0,396
BRDA:323,44,1,786
BRDA:332,45,0,18
BRDA:332,45,1,378
BRDA:336,46,0,786
BRDA:336,46,1,0
BRDA:345,47,0,35
BRDA:345,47,1,751
BRF:105
BRH:102
end_of_record
TN:
SF:/apps/workspace/little-differ-react/src/components/diffView/node.tsx
FN:26,(anonymous_0)
FN:30,(anonymous_1)
FN:34,(anonymous_2)
FN:50,(anonymous_3)
FN:64,(anonymous_4)
FN:65,(anonymous_5)
FN:66,(anonymous_6)
FNF:7
FNH:2
FNDA:0,(anonymous_0)
FNDA:0,(anonymous_1)
FNDA:539,(anonymous_2)
FNDA:4609,(anonymous_3)
FNDA:0,(anonymous_4)
FNDA:0,(anonymous_5)
FNDA:0,(anonymous_6)
DA:27,0
DA:31,0
DA:35,539
DA:36,539
DA:51,4609
DA:52,4609
DA:53,4609
DA:64,0
DA:65,0
DA:66,0
LF:10
LH:5
BRDA:61,0,0,2707
BRDA:61,0,1,1902
BRF:2
BRH:2
end_of_record
TN:
SF:/apps/workspace/little-differ-react/src/components/mergePanels/component.tsx
FN:38,(anonymous_0)
FN:42,(anonymous_1)
FN:46,(anonymous_2)
FN:55,(anonymous_3)
FN:66,(anonymous_4)
FN:80,(anonymous_5)
FN:85,(anonymous_6)
FN:98,(anonymous_7)
FN:144,(anonymous_8)
FN:146,(anonymous_9)
FN:173,(anonymous_10)
FN:175,(anonymous_11)
FN:200,(anonymous_12)
FN:202,(anonymous_13)
FN:217,mapStateToProps
FNF:15
FNH:11
FNDA:0,(anonymous_0)
FNDA:74,(anonymous_1)
FNDA:598,(anonymous_2)
FNDA:701,(anonymous_3)
FNDA:613,(anonymous_4)
FNDA:37,(anonymous_5)
FNDA:37,(anonymous_6)
FNDA:398,(anonymous_7)
FNDA:0,(anonymous_8)
FNDA:701,(anonymous_9)
FNDA:0,(anonymous_10)
FNDA:613,(anonymous_11)
FNDA:0,(anonymous_12)
FNDA:613,(anonymous_13)
FNDA:398,mapStateToProps
DA:33,2
DA:34,2
DA:39,0
DA:43,74
DA:47,598
DA:48,598
DA:56,701
DA:57,32
DA:67,613
DA:68,598
DA:69,598
DA:70,598
DA:72,598
DA:74,15
DA:81,37
DA:82,37
DA:86,37
DA:99,398
DA:113,398
DA:114,398
DA:115,398
DA:116,398
DA:118,398
DA:119,398
DA:120,398
DA:121,398
DA:124,398
DA:144,0
DA:147,701
DA:173,0
DA:175,613
DA:200,0
DA:203,613
DA:218,398
LF:34
LH:30
BRDA:56,0,0,32
BRDA:56,0,1,669
BRDA:67,1,0,598
BRDA:67,1,1,15
BRF:4
BRH:4
end_of_record
TN:
SF:/apps/workspace/little-differ-react/src/components/revisedPanel/component.tsx
FN:23,(anonymous_0)
FN:28,(anonymous_1)
FN:50,(anonymous_2)
FN:52,(anonymous_3)
FN:54,(anonymous_4)
FN:71,mapStateToProps
FNF:6
FNH:2
FNDA:0,(anonymous_0)
FNDA:398,(anonymous_1)
FNDA:0,(anonymous_2)
FNDA:0,(anonymous_3)
FNDA:0,(anonymous_4)
FNDA:398,mapStateToProps
DA:24,0
DA:29,398
DA:32,398
DA:51,0
DA:53,0
DA:55,0
DA:72,398
LF:7
LH:3
BRF:0
BRH:0
end_of_record
TN:
SF:/apps/workspace/little-differ-react/src/constants/index.tsx
FNF:0
FNH:0
DA:2,2
DA:3,2
DA:4,2
DA:5,2
DA:6,2
DA:7,2
DA:8,2
DA:10,2
LF:8
LH:8
BRF:0
BRH:0
end_of_record
TN:
SF:/apps/workspace/little-differ-react/src/reducers/index.tsx
FN:14,reducers
FN:32,addToDoc
FN:55,updateNewDoc
FNF:3
FNH:3
FNDA:76,reducers
FNDA:2050,addToDoc
FNDA:74,updateNewDoc
DA:9,3
DA:16,76
DA:17,76
DA:19,0
DA:21,74
DA:23,2
DA:43,2050
DA:44,2050
DA:45,599
DA:47,1451
DA:48,1318
DA:50,133
DA:56,74
LF:13
LH:12
BRDA:14,0,0,2
BRDA:17,1,0,0
BRDA:17,1,1,74
BRDA:17,1,2,2
BRDA:44,2,0,599
BRDA:44,2,1,1451
BRDA:47,3,0,1318
BRDA:47,3,1,133
BRF:8
BRH:7
end_of_record
TN:
SF:/apps/workspace/little-differ-react/src/store/index.tsx
FNF:0
FNH:0
DA:9,2
LF:1
LH:1
BRF:0
BRH:0
end_of_record
TN:
SF:/apps/workspace/little-differ-react/src/utils/addPairToTempDoc.js
FN:7,(anonymous_0)
FNF:1
FNH:1
FNDA:599,(anonymous_0)
DA:9,599
LF:1
LH:1
BRF:0
BRH:0
end_of_record
TN:
SF:/apps/workspace/little-differ-react/src/utils/getMatchByKey.js
FN:12,(anonymous_0)
FNF:1
FNH:1
FNDA:2803,(anonymous_0)
DA:13,2803
DA:14,15
DA:17,2788
DA:19,2179
DA:20,2179
DA:23,609
DA:24,608
DA:25,608
DA:27,1
LF:9
LH:9
BRDA:13,0,0,15
BRDA:13,0,1,2788
BRDA:17,1,0,2179
BRDA:17,1,1,609
BRDA:23,2,0,608
BRDA:23,2,1,1
BRF:6
BRH:6
end_of_record
TN:
SF:/apps/workspace/little-differ-react/src/utils/getPathsArray.js
FN:10,(anonymous_0)
FN:23,(anonymous_1)
FNF:2
FNH:2
FNDA:2517,(anonymous_0)
FNDA:10661,(anonymous_1)
DA:11,2517
DA:12,2517
DA:15,2517
DA:16,2517
DA:17,5573
DA:18,5573
DA:20,1720
DA:22,1720
DA:23,1720
DA:24,10661
DA:28,3853
DA:31,2517
LF:12
LH:12
BRDA:11,0,0,2517
BRDA:11,0,1,0
BRDA:18,1,0,1720
BRDA:18,1,1,3853
BRF:4
BRH:3
end_of_record
TN:
SF:/apps/workspace/little-differ-react/src/utils/getValue.js
FN:11,(anonymous_0)
FNF:1
FNH:1
FNDA:6742,(anonymous_0)
DA:13,6742
DA:14,4813
DA:15,4813
DA:17,1929
LF:4
LH:4
BRDA:13,0,0,4813
BRDA:13,0,1,1929
BRF:2
BRH:2
end_of_record
