TN:
SF:lib/actions/index.js
FN:9,updateNewDoc
FN:18,addToDoc
FNF:2
FNH:1
FNDA:74,updateNewDoc
FNDA:0,addToDoc
DA:3,2
DA:6,2
DA:9,2
DA:10,74
DA:16,2
DA:18,2
DA:19,0
DA:26,2
LF:8
LH:7
BRF:0
BRH:0
end_of_record
TN:
SF:lib/components/app/component.js
FN:16,_interopRequireDefault
FN:18,_getRequireWildcardCache
FN:18,_getRequireWildcardCache
FN:20,_interopRequireWildcard
FN:22,_typeof
FN:22,_typeof
FN:22,_typeof
FN:24,_classCallCheck
FN:26,_defineProperties
FN:28,_createClass
FN:30,_inherits
FN:32,_setPrototypeOf
FN:32,_setPrototypeOf
FN:34,_createSuper
FN:34,_createSuperInternal
FN:36,_possibleConstructorReturn
FN:38,_assertThisInitialized
FN:40,_isNativeReflectConstruct
FN:40,(anonymous_18)
FN:42,_getPrototypeOf
FN:42,_getPrototypeOf
FN:44,(anonymous_21)
FN:49,AppComponent
FN:57,render
FN:73,changeRevisedDataForCaller
FNF:25
FNH:18
FNDA:4,_interopRequireDefault
FNDA:2,_getRequireWildcardCache
FNDA:0,_getRequireWildcardCache
FNDA:2,_interopRequireWildcard
FNDA:2,_typeof
FNDA:39,_typeof
FNDA:0,_typeof
FNDA:37,_classCallCheck
FNDA:2,_defineProperties
FNDA:2,_createClass
FNDA:2,_inherits
FNDA:2,_setPrototypeOf
FNDA:0,_setPrototypeOf
FNDA:2,_createSuper
FNDA:37,_createSuperInternal
FNDA:37,_possibleConstructorReturn
FNDA:0,_assertThisInitialized
FNDA:2,_isNativeReflectConstruct
FNDA:0,(anonymous_18)
FNDA:2,_getPrototypeOf
FNDA:0,_getPrototypeOf
FNDA:2,(anonymous_21)
FNDA:37,AppComponent
FNDA:37,render
FNDA:0,changeRevisedDataForCaller
DA:3,2
DA:6,2
DA:8,2
DA:10,2
DA:12,2
DA:14,2
DA:16,4
DA:18,2
DA:20,56
DA:22,39
DA:24,37
DA:26,2
DA:28,2
DA:30,2
DA:32,2
DA:34,37
DA:36,37
DA:38,0
DA:40,2
DA:42,2
DA:44,2
DA:45,2
DA:47,2
DA:50,37
DA:52,37
DA:55,2
DA:58,37
DA:59,37
DA:60,37
DA:61,37
DA:62,37
DA:63,37
DA:64,37
DA:65,37
DA:74,0
DA:76,0
DA:82,2
DA:85,2
DA:86,2
LF:39
LH:36
BRDA:16,0,0,4
BRDA:16,0,1,0
BRDA:16,1,0,4
BRDA:16,1,1,4
BRDA:18,2,0,0
BRDA:18,2,1,2
BRDA:20,3,0,0
BRDA:20,3,1,2
BRDA:20,4,0,2
BRDA:20,4,1,2
BRDA:20,5,0,0
BRDA:20,5,1,2
BRDA:20,6,0,2
BRDA:20,6,1,2
BRDA:20,6,2,0
BRDA:20,7,0,0
BRDA:20,7,1,2
BRDA:20,8,0,2
BRDA:20,8,1,2
BRDA:20,9,0,2
BRDA:20,9,1,2
BRDA:20,10,0,56
BRDA:20,10,1,0
BRDA:20,11,0,56
BRDA:20,11,1,0
BRDA:20,12,0,0
BRDA:20,12,1,56
BRDA:20,13,0,56
BRDA:20,13,1,56
BRDA:20,13,2,56
BRDA:20,14,0,2
BRDA:20,14,1,0
BRDA:22,15,0,2
BRDA:22,15,1,0
BRDA:22,16,0,2
BRDA:22,16,1,2
BRDA:22,17,0,0
BRDA:22,17,1,0
BRDA:22,18,0,0
BRDA:22,18,1,0
BRDA:22,18,2,0
BRDA:22,18,3,0
BRDA:24,19,0,0
BRDA:24,19,1,37
BRDA:26,20,0,2
BRDA:26,20,1,2
BRDA:26,21,0,2
BRDA:26,21,1,0
BRDA:28,22,0,2
BRDA:28,22,1,0
BRDA:28,23,0,0
BRDA:28,23,1,2
BRDA:30,24,0,0
BRDA:30,24,1,2
BRDA:30,25,0,2
BRDA:30,25,1,0
BRDA:30,26,0,2
BRDA:30,26,1,2
BRDA:30,27,0,2
BRDA:30,27,1,0
BRDA:32,28,0,2
BRDA:32,28,1,0
BRDA:34,29,0,37
BRDA:34,29,1,0
BRDA:36,30,0,37
BRDA:36,30,1,0
BRDA:36,31,0,37
BRDA:36,31,1,37
BRDA:36,31,2,0
BRDA:38,32,0,0
BRDA:38,32,1,0
BRDA:40,33,0,0
BRDA:40,33,1,2
BRDA:40,34,0,2
BRDA:40,34,1,2
BRDA:40,35,0,0
BRDA:40,35,1,2
BRDA:40,36,0,2
BRDA:40,36,1,0
BRDA:42,37,0,2
BRDA:42,37,1,0
BRDA:42,38,0,0
BRDA:42,38,1,0
BRF:83
BRH:47
end_of_record
TN:
SF:lib/components/ldrApp/component.js
FN:20,_interopRequireDefault
FN:22,_getRequireWildcardCache
FN:22,_getRequireWildcardCache
FN:24,_interopRequireWildcard
FN:26,_typeof
FN:26,_typeof
FN:26,_typeof
FN:28,_classCallCheck
FN:30,_defineProperties
FN:32,_createClass
FN:34,_inherits
FN:36,_setPrototypeOf
FN:36,_setPrototypeOf
FN:38,_createSuper
FN:38,_createSuperInternal
FN:40,_possibleConstructorReturn
FN:42,_assertThisInitialized
FN:44,_isNativeReflectConstruct
FN:44,(anonymous_18)
FN:46,_getPrototypeOf
FN:46,_getPrototypeOf
FN:48,(anonymous_21)
FN:53,LDRComponent
FN:61,render
FN:91,onClick
FN:101,onClick
FN:111,onClick
FN:120,onClick
FN:130,mapStateToProps
FNF:29
FNH:19
FNDA:4,_interopRequireDefault
FNDA:2,_getRequireWildcardCache
FNDA:0,_getRequireWildcardCache
FNDA:2,_interopRequireWildcard
FNDA:2,_typeof
FNDA:39,_typeof
FNDA:0,_typeof
FNDA:37,_classCallCheck
FNDA:2,_defineProperties
FNDA:2,_createClass
FNDA:2,_inherits
FNDA:2,_setPrototypeOf
FNDA:0,_setPrototypeOf
FNDA:2,_createSuper
FNDA:37,_createSuperInternal
FNDA:37,_possibleConstructorReturn
FNDA:0,_assertThisInitialized
FNDA:2,_isNativeReflectConstruct
FNDA:0,(anonymous_18)
FNDA:2,_getPrototypeOf
FNDA:0,_getPrototypeOf
FNDA:2,(anonymous_21)
FNDA:37,LDRComponent
FNDA:398,render
FNDA:0,onClick
FNDA:0,onClick
FNDA:0,onClick
FNDA:0,onClick
FNDA:722,mapStateToProps
DA:3,2
DA:6,2
DA:8,2
DA:10,2
DA:12,2
DA:14,2
DA:16,2
DA:18,2
DA:20,4
DA:22,2
DA:24,56
DA:26,39
DA:28,37
DA:30,2
DA:32,2
DA:34,2
DA:36,2
DA:38,37
DA:40,37
DA:42,0
DA:44,2
DA:46,2
DA:48,2
DA:49,2
DA:51,2
DA:54,37
DA:56,37
DA:59,2
DA:62,398
DA:63,398
DA:64,398
DA:65,398
DA:66,398
DA:67,398
DA:68,398
DA:69,398
DA:92,0
DA:102,0
DA:112,0
DA:121,0
DA:127,2
DA:131,722
DA:136,2
DA:138,2
LF:44
LH:39
BRDA:20,0,0,4
BRDA:20,0,1,0
BRDA:20,1,0,4
BRDA:20,1,1,4
BRDA:22,2,0,0
BRDA:22,2,1,2
BRDA:24,3,0,0
BRDA:24,3,1,2
BRDA:24,4,0,2
BRDA:24,4,1,2
BRDA:24,5,0,0
BRDA:24,5,1,2
BRDA:24,6,0,2
BRDA:24,6,1,2
BRDA:24,6,2,0
BRDA:24,7,0,0
BRDA:24,7,1,2
BRDA:24,8,0,2
BRDA:24,8,1,2
BRDA:24,9,0,2
BRDA:24,9,1,2
BRDA:24,10,0,56
BRDA:24,10,1,0
BRDA:24,11,0,56
BRDA:24,11,1,0
BRDA:24,12,0,0
BRDA:24,12,1,56
BRDA:24,13,0,56
BRDA:24,13,1,56
BRDA:24,13,2,56
BRDA:24,14,0,2
BRDA:24,14,1,0
BRDA:26,15,0,2
BRDA:26,15,1,0
BRDA:26,16,0,2
BRDA:26,16,1,2
BRDA:26,17,0,0
BRDA:26,17,1,0
BRDA:26,18,0,0
BRDA:26,18,1,0
BRDA:26,18,2,0
BRDA:26,18,3,0
BRDA:28,19,0,0
BRDA:28,19,1,37
BRDA:30,20,0,2
BRDA:30,20,1,2
BRDA:30,21,0,2
BRDA:30,21,1,0
BRDA:32,22,0,2
BRDA:32,22,1,0
BRDA:32,23,0,0
BRDA:32,23,1,2
BRDA:34,24,0,0
BRDA:34,24,1,2
BRDA:34,25,0,2
BRDA:34,25,1,0
BRDA:34,26,0,2
BRDA:34,26,1,2
BRDA:34,27,0,2
BRDA:34,27,1,0
BRDA:36,28,0,2
BRDA:36,28,1,0
BRDA:38,29,0,37
BRDA:38,29,1,0
BRDA:40,30,0,37
BRDA:40,30,1,0
BRDA:40,31,0,37
BRDA:40,31,1,37
BRDA:40,31,2,0
BRDA:42,32,0,0
BRDA:42,32,1,0
BRDA:44,33,0,0
BRDA:44,33,1,2
BRDA:44,34,0,2
BRDA:44,34,1,2
BRDA:44,35,0,0
BRDA:44,35,1,2
BRDA:44,36,0,2
BRDA:44,36,1,0
BRDA:46,37,0,2
BRDA:46,37,1,0
BRDA:46,38,0,0
BRDA:46,38,1,0
BRF:83
BRH:47
end_of_record
TN:
SF:lib/components/mergePanels/component.js
FN:28,_interopRequireDefault
FN:30,_getRequireWildcardCache
FN:30,_getRequireWildcardCache
FN:32,_interopRequireWildcard
FN:34,_typeof
FN:34,_typeof
FN:34,_typeof
FN:36,_classCallCheck
FN:38,_defineProperties
FN:40,_createClass
FN:42,_inherits
FN:44,_setPrototypeOf
FN:44,_setPrototypeOf
FN:46,_createSuper
FN:46,_createSuperInternal
FN:48,_possibleConstructorReturn
FN:50,_assertThisInitialized
FN:52,_isNativeReflectConstruct
FN:52,(anonymous_18)
FN:54,_getPrototypeOf
FN:54,_getPrototypeOf
FN:61,(anonymous_21)
FN:68,handleAddPair
FN:73,handleUpdateNewDoc
FN:78,updateTempDoc
FN:84,addToEqualValues
FN:93,MergePanelsComponent
FN:106,componentDidMount
FN:120,render
FN:157,addPair
FN:161,addToEqualValues
FN:181,addPair
FN:185,addToEqualValues
FN:205,addPair
FN:209,addToEqualValues
FNF:35
FNH:25
FNDA:10,_interopRequireDefault
FNDA:2,_getRequireWildcardCache
FNDA:0,_getRequireWildcardCache
FNDA:4,_interopRequireWildcard
FNDA:2,_typeof
FNDA:39,_typeof
FNDA:0,_typeof
FNDA:37,_classCallCheck
FNDA:4,_defineProperties
FNDA:4,_createClass
FNDA:2,_inherits
FNDA:2,_setPrototypeOf
FNDA:0,_setPrototypeOf
FNDA:2,_createSuper
FNDA:37,_createSuperInternal
FNDA:37,_possibleConstructorReturn
FNDA:0,_assertThisInitialized
FNDA:2,_isNativeReflectConstruct
FNDA:0,(anonymous_18)
FNDA:2,_getPrototypeOf
FNDA:0,_getPrototypeOf
FNDA:2,(anonymous_21)
FNDA:0,handleAddPair
FNDA:74,handleUpdateNewDoc
FNDA:76,updateTempDoc
FNDA:76,addToEqualValues
FNDA:37,MergePanelsComponent
FNDA:37,componentDidMount
FNDA:37,render
FNDA:0,addPair
FNDA:76,addToEqualValues
FNDA:0,addPair
FNDA:76,addToEqualValues
FNDA:0,addPair
FNDA:76,addToEqualValues
DA:3,2
DA:6,2
DA:8,2
DA:10,2
DA:12,2
DA:14,2
DA:16,2
DA:18,2
DA:20,2
DA:22,2
DA:24,2
DA:26,2
DA:28,10
DA:30,2
DA:32,56
DA:34,39
DA:36,37
DA:38,12
DA:40,4
DA:42,2
DA:44,2
DA:46,37
DA:48,37
DA:50,0
DA:52,2
DA:54,2
DA:59,2
DA:61,2
DA:62,2
DA:64,2
DA:66,2
DA:69,0
DA:74,74
DA:79,76
DA:80,76
DA:85,76
DA:96,37
DA:98,37
DA:99,37
DA:100,37
DA:101,37
DA:104,2
DA:107,37
DA:121,37
DA:122,37
DA:123,37
DA:124,37
DA:132,37
DA:133,37
DA:135,37
DA:136,37
DA:137,37
DA:138,37
DA:139,37
DA:140,37
DA:158,0
DA:162,76
DA:182,0
DA:186,76
DA:206,0
DA:210,76
DA:216,2
DA:219,2
DA:220,2
LF:64
LH:59
BRDA:28,0,0,10
BRDA:28,0,1,0
BRDA:28,1,0,10
BRDA:28,1,1,10
BRDA:30,2,0,0
BRDA:30,2,1,2
BRDA:32,3,0,2
BRDA:32,3,1,2
BRDA:32,4,0,4
BRDA:32,4,1,4
BRDA:32,5,0,0
BRDA:32,5,1,2
BRDA:32,6,0,2
BRDA:32,6,1,2
BRDA:32,6,2,0
BRDA:32,7,0,0
BRDA:32,7,1,2
BRDA:32,8,0,2
BRDA:32,8,1,2
BRDA:32,9,0,2
BRDA:32,9,1,2
BRDA:32,10,0,56
BRDA:32,10,1,0
BRDA:32,11,0,56
BRDA:32,11,1,0
BRDA:32,12,0,0
BRDA:32,12,1,56
BRDA:32,13,0,56
BRDA:32,13,1,56
BRDA:32,13,2,56
BRDA:32,14,0,2
BRDA:32,14,1,0
BRDA:34,15,0,2
BRDA:34,15,1,0
BRDA:34,16,0,2
BRDA:34,16,1,2
BRDA:34,17,0,0
BRDA:34,17,1,0
BRDA:34,18,0,0
BRDA:34,18,1,0
BRDA:34,18,2,0
BRDA:34,18,3,0
BRDA:36,19,0,0
BRDA:36,19,1,37
BRDA:38,20,0,12
BRDA:38,20,1,12
BRDA:38,21,0,12
BRDA:38,21,1,0
BRDA:40,22,0,2
BRDA:40,22,1,2
BRDA:40,23,0,2
BRDA:40,23,1,2
BRDA:42,24,0,0
BRDA:42,24,1,2
BRDA:42,25,0,2
BRDA:42,25,1,0
BRDA:42,26,0,2
BRDA:42,26,1,2
BRDA:42,27,0,2
BRDA:42,27,1,0
BRDA:44,28,0,2
BRDA:44,28,1,0
BRDA:46,29,0,37
BRDA:46,29,1,0
BRDA:48,30,0,37
BRDA:48,30,1,0
BRDA:48,31,0,37
BRDA:48,31,1,37
BRDA:48,31,2,0
BRDA:50,32,0,0
BRDA:50,32,1,0
BRDA:52,33,0,0
BRDA:52,33,1,2
BRDA:52,34,0,2
BRDA:52,34,1,2
BRDA:52,35,0,0
BRDA:52,35,1,2
BRDA:52,36,0,2
BRDA:52,36,1,0
BRDA:54,37,0,2
BRDA:54,37,1,0
BRDA:54,38,0,0
BRDA:54,38,1,0
BRF:83
BRH:50
end_of_record
TN:
SF:lib/components/revisedPanel/component.js
FN:24,_interopRequireDefault
FN:26,_getRequireWildcardCache
FN:26,_getRequireWildcardCache
FN:28,_interopRequireWildcard
FN:30,_typeof
FN:30,_typeof
FN:30,_typeof
FN:32,_classCallCheck
FN:34,_defineProperties
FN:36,_createClass
FN:38,_inherits
FN:40,_setPrototypeOf
FN:40,_setPrototypeOf
FN:42,_createSuper
FN:42,_createSuperInternal
FN:44,_possibleConstructorReturn
FN:46,_assertThisInitialized
FN:48,_isNativeReflectConstruct
FN:48,(anonymous_18)
FN:50,_getPrototypeOf
FN:50,_getPrototypeOf
FN:52,(anonymous_21)
FN:57,RevisedPanelComponent
FN:65,render
FN:89,onAdd
FN:93,onEdit
FN:97,onDelete
FN:105,handleUpdateNewDoc
FN:113,mapStateToProps
FNF:29
FNH:19
FNDA:6,_interopRequireDefault
FNDA:2,_getRequireWildcardCache
FNDA:0,_getRequireWildcardCache
FNDA:4,_interopRequireWildcard
FNDA:2,_typeof
FNDA:39,_typeof
FNDA:0,_typeof
FNDA:37,_classCallCheck
FNDA:4,_defineProperties
FNDA:2,_createClass
FNDA:2,_inherits
FNDA:2,_setPrototypeOf
FNDA:0,_setPrototypeOf
FNDA:2,_createSuper
FNDA:37,_createSuperInternal
FNDA:37,_possibleConstructorReturn
FNDA:0,_assertThisInitialized
FNDA:2,_isNativeReflectConstruct
FNDA:0,(anonymous_18)
FNDA:2,_getPrototypeOf
FNDA:0,_getPrototypeOf
FNDA:2,(anonymous_21)
FNDA:37,RevisedPanelComponent
FNDA:398,render
FNDA:0,onAdd
FNDA:0,onEdit
FNDA:0,onDelete
FNDA:0,handleUpdateNewDoc
FNDA:398,mapStateToProps
DA:3,2
DA:6,2
DA:8,2
DA:10,2
DA:12,2
DA:14,2
DA:16,2
DA:18,2
DA:20,2
DA:22,2
DA:24,6
DA:26,2
DA:28,56
DA:30,39
DA:32,37
DA:34,4
DA:36,2
DA:38,2
DA:40,2
DA:42,37
DA:44,37
DA:46,0
DA:48,2
DA:50,2
DA:52,2
DA:53,2
DA:55,2
DA:58,37
DA:60,37
DA:63,2
DA:66,398
DA:67,398
DA:90,0
DA:91,0
DA:94,0
DA:95,0
DA:98,0
DA:99,0
DA:106,0
DA:110,2
DA:114,398
DA:119,2
DA:121,2
LF:43
LH:35
BRDA:24,0,0,6
BRDA:24,0,1,0
BRDA:24,1,0,6
BRDA:24,1,1,6
BRDA:26,2,0,0
BRDA:26,2,1,2
BRDA:28,3,0,2
BRDA:28,3,1,2
BRDA:28,4,0,4
BRDA:28,4,1,4
BRDA:28,5,0,0
BRDA:28,5,1,2
BRDA:28,6,0,2
BRDA:28,6,1,2
BRDA:28,6,2,0
BRDA:28,7,0,0
BRDA:28,7,1,2
BRDA:28,8,0,2
BRDA:28,8,1,2
BRDA:28,9,0,2
BRDA:28,9,1,2
BRDA:28,10,0,56
BRDA:28,10,1,0
BRDA:28,11,0,56
BRDA:28,11,1,0
BRDA:28,12,0,0
BRDA:28,12,1,56
BRDA:28,13,0,56
BRDA:28,13,1,56
BRDA:28,13,2,56
BRDA:28,14,0,2
BRDA:28,14,1,0
BRDA:30,15,0,2
BRDA:30,15,1,0
BRDA:30,16,0,2
BRDA:30,16,1,2
BRDA:30,17,0,0
BRDA:30,17,1,0
BRDA:30,18,0,0
BRDA:30,18,1,0
BRDA:30,18,2,0
BRDA:30,18,3,0
BRDA:32,19,0,0
BRDA:32,19,1,37
BRDA:34,20,0,4
BRDA:34,20,1,4
BRDA:34,21,0,4
BRDA:34,21,1,0
BRDA:36,22,0,2
BRDA:36,22,1,0
BRDA:36,23,0,2
BRDA:36,23,1,0
BRDA:38,24,0,0
BRDA:38,24,1,2
BRDA:38,25,0,2
BRDA:38,25,1,0
BRDA:38,26,0,2
BRDA:38,26,1,2
BRDA:38,27,0,2
BRDA:38,27,1,0
BRDA:40,28,0,2
BRDA:40,28,1,0
BRDA:42,29,0,37
BRDA:42,29,1,0
BRDA:44,30,0,37
BRDA:44,30,1,0
BRDA:44,31,0,37
BRDA:44,31,1,37
BRDA:44,31,2,0
BRDA:46,32,0,0
BRDA:46,32,1,0
BRDA:48,33,0,0
BRDA:48,33,1,2
BRDA:48,34,0,2
BRDA:48,34,1,2
BRDA:48,35,0,0
BRDA:48,35,1,2
BRDA:48,36,0,2
BRDA:48,36,1,0
BRDA:50,37,0,2
BRDA:50,37,1,0
BRDA:50,38,0,0
BRDA:50,38,1,0
BRF:83
BRH:48
end_of_record
TN:
SF:lib/components/tripleDiffView/component.js
FN:18,_interopRequireDefault
FN:20,_getRequireWildcardCache
FN:20,_getRequireWildcardCache
FN:22,_interopRequireWildcard
FN:24,_typeof
FN:24,_typeof
FN:24,_typeof
FN:26,_classCallCheck
FN:28,_defineProperties
FN:30,_createClass
FN:32,_inherits
FN:34,_setPrototypeOf
FN:34,_setPrototypeOf
FN:36,_createSuper
FN:36,_createSuperInternal
FN:38,_possibleConstructorReturn
FN:40,_assertThisInitialized
FN:42,_isNativeReflectConstruct
FN:42,(anonymous_18)
FN:44,_getPrototypeOf
FN:44,_getPrototypeOf
FN:46,(anonymous_21)
FN:51,TripleDiffViewComponent
FN:65,oneNested
FN:82,assignPair
FN:99,createNode
FN:121,getPath
FN:132,getPath
FN:145,inputSpacing
FN:228,allNested
FN:244,equalValues
FN:264,renderNested
FN:283,renderDiffView
FN:287,(anonymous_33)
FN:290,(anonymous_34)
FN:345,render
FN:357,renderSpaces
FNF:37
FNH:27
FNDA:6,_interopRequireDefault
FNDA:2,_getRequireWildcardCache
FNDA:0,_getRequireWildcardCache
FNDA:4,_interopRequireWildcard
FNDA:2,_typeof
FNDA:1186,_typeof
FNDA:0,_typeof
FNDA:111,_classCallCheck
FNDA:4,_defineProperties
FNDA:2,_createClass
FNDA:2,_inherits
FNDA:2,_setPrototypeOf
FNDA:0,_setPrototypeOf
FNDA:2,_createSuper
FNDA:111,_createSuperInternal
FNDA:111,_possibleConstructorReturn
FNDA:0,_assertThisInitialized
FNDA:2,_isNativeReflectConstruct
FNDA:0,(anonymous_18)
FNDA:2,_getPrototypeOf
FNDA:0,_getPrototypeOf
FNDA:2,(anonymous_21)
FNDA:111,TripleDiffViewComponent
FNDA:0,oneNested
FNDA:0,assignPair
FNDA:596,createNode
FNDA:0,getPath
FNDA:0,getPath
FNDA:455,inputSpacing
FNDA:231,allNested
FNDA:228,equalValues
FNDA:40,renderNested
FNDA:382,renderDiffView
FNDA:954,(anonymous_33)
FNDA:954,(anonymous_34)
FNDA:111,render
FNDA:169,renderSpaces
DA:3,2
DA:6,2
DA:8,2
DA:10,2
DA:12,2
DA:14,2
DA:16,2
DA:18,6
DA:20,2
DA:22,56
DA:24,1186
DA:26,111
DA:28,20
DA:30,2
DA:32,2
DA:34,2
DA:36,111
DA:38,111
DA:40,0
DA:42,2
DA:44,2
DA:46,2
DA:47,2
DA:49,2
DA:52,111
DA:54,111
DA:57,2
DA:66,0
DA:67,0
DA:83,0
DA:84,0
DA:85,0
DA:86,0
DA:87,0
DA:89,0
DA:90,0
DA:100,596
DA:102,596
DA:105,596
DA:106,71
DA:107,525
DA:108,20
DA:110,505
DA:113,596
DA:114,78
DA:122,0
DA:129,518
DA:133,0
DA:146,455
DA:147,455
DA:148,455
DA:149,455
DA:150,455
DA:151,455
DA:152,455
DA:153,455
DA:154,455
DA:155,455
DA:156,455
DA:157,455
DA:159,455
DA:161,151
DA:162,151
DA:163,151
DA:164,304
DA:165,148
DA:166,148
DA:167,148
DA:168,156
DA:169,156
DA:170,156
DA:171,156
DA:174,455
DA:175,87
DA:178,455
DA:179,181
DA:180,274
DA:181,63
DA:182,211
DA:183,0
DA:186,455
DA:187,123
DA:188,332
DA:189,73
DA:190,259
DA:191,0
DA:194,455
DA:195,286
DA:199,169
DA:200,21
DA:201,21
DA:204,21
DA:205,19
DA:207,2
DA:209,2
DA:210,2
DA:213,148
DA:214,42
DA:215,106
DA:216,52
DA:219,169
DA:229,231
DA:245,228
DA:246,228
DA:247,228
DA:248,228
DA:249,228
DA:250,228
DA:252,228
DA:253,228
DA:254,228
DA:265,40
DA:266,40
DA:284,382
DA:286,382
DA:287,382
DA:288,954
DA:291,954
DA:292,954
DA:293,954
DA:294,954
DA:295,954
DA:297,954
DA:298,231
DA:303,723
DA:304,87
DA:309,636
DA:310,78
DA:311,558
DA:312,71
DA:313,487
DA:314,20
DA:315,467
DA:316,40
DA:319,636
DA:320,40
DA:324,596
DA:325,228
DA:326,368
DA:327,20
DA:331,348
DA:346,111
DA:347,111
DA:348,111
DA:358,169
DA:360,169
DA:361,254
DA:364,169
DA:373,2
DA:376,2
DA:377,2
LF:151
LH:137
BRDA:18,0,0,6
BRDA:18,0,1,0
BRDA:18,1,0,6
BRDA:18,1,1,6
BRDA:20,2,0,0
BRDA:20,2,1,2
BRDA:22,3,0,2
BRDA:22,3,1,2
BRDA:22,4,0,4
BRDA:22,4,1,4
BRDA:22,5,0,0
BRDA:22,5,1,2
BRDA:22,6,0,2
BRDA:22,6,1,2
BRDA:22,6,2,0
BRDA:22,7,0,0
BRDA:22,7,1,2
BRDA:22,8,0,2
BRDA:22,8,1,2
BRDA:22,9,0,2
BRDA:22,9,1,2
BRDA:22,10,0,56
BRDA:22,10,1,0
BRDA:22,11,0,56
BRDA:22,11,1,0
BRDA:22,12,0,0
BRDA:22,12,1,56
BRDA:22,13,0,56
BRDA:22,13,1,56
BRDA:22,13,2,56
BRDA:22,14,0,2
BRDA:22,14,1,0
BRDA:24,15,0,2
BRDA:24,15,1,0
BRDA:24,16,0,2
BRDA:24,16,1,2
BRDA:24,17,0,0
BRDA:24,17,1,0
BRDA:24,18,0,0
BRDA:24,18,1,0
BRDA:24,18,2,0
BRDA:24,18,3,0
BRDA:26,19,0,0
BRDA:26,19,1,111
BRDA:28,20,0,20
BRDA:28,20,1,20
BRDA:28,21,0,20
BRDA:28,21,1,0
BRDA:30,22,0,2
BRDA:30,22,1,0
BRDA:30,23,0,2
BRDA:30,23,1,0
BRDA:32,24,0,0
BRDA:32,24,1,2
BRDA:32,25,0,2
BRDA:32,25,1,0
BRDA:32,26,0,2
BRDA:32,26,1,2
BRDA:32,27,0,2
BRDA:32,27,1,0
BRDA:34,28,0,2
BRDA:34,28,1,0
BRDA:36,29,0,111
BRDA:36,29,1,0
BRDA:38,30,0,111
BRDA:38,30,1,0
BRDA:38,31,0,111
BRDA:38,31,1,111
BRDA:38,31,2,0
BRDA:40,32,0,0
BRDA:40,32,1,0
BRDA:42,33,0,0
BRDA:42,33,1,2
BRDA:42,34,0,2
BRDA:42,34,1,2
BRDA:42,35,0,0
BRDA:42,35,1,2
BRDA:42,36,0,2
BRDA:42,36,1,0
BRDA:44,37,0,2
BRDA:44,37,1,0
BRDA:44,38,0,0
BRDA:44,38,1,0
BRDA:105,39,0,71
BRDA:105,39,1,525
BRDA:107,40,0,20
BRDA:107,40,1,505
BRDA:113,41,0,78
BRDA:113,41,1,518
BRDA:159,42,0,151
BRDA:159,42,1,304
BRDA:164,43,0,148
BRDA:164,43,1,156
BRDA:168,44,0,156
BRDA:168,44,1,0
BRDA:174,45,0,87
BRDA:174,45,1,368
BRDA:178,46,0,181
BRDA:178,46,1,274
BRDA:180,47,0,63
BRDA:180,47,1,211
BRDA:182,48,0,0
BRDA:182,48,1,211
BRDA:186,49,0,123
BRDA:186,49,1,332
BRDA:188,50,0,73
BRDA:188,50,1,259
BRDA:190,51,0,0
BRDA:190,51,1,259
BRDA:194,52,0,286
BRDA:194,52,1,169
BRDA:194,53,0,455
BRDA:194,53,1,368
BRDA:194,53,2,336
BRDA:199,54,0,21
BRDA:199,54,1,148
BRDA:199,55,0,169
BRDA:199,55,1,63
BRDA:199,55,2,21
BRDA:199,55,3,21
BRDA:204,56,0,19
BRDA:204,56,1,2
BRDA:209,57,0,2
BRDA:209,57,1,0
BRDA:213,58,0,42
BRDA:213,58,1,106
BRDA:213,59,0,148
BRDA:213,59,1,42
BRDA:213,59,2,42
BRDA:213,59,3,42
BRDA:215,60,0,52
BRDA:215,60,1,54
BRDA:215,61,0,106
BRDA:215,61,1,106
BRDA:215,61,2,106
BRDA:215,61,3,52
BRDA:297,62,0,231
BRDA:297,62,1,723
BRDA:303,63,0,87
BRDA:303,63,1,636
BRDA:309,64,0,78
BRDA:309,64,1,558
BRDA:311,65,0,71
BRDA:311,65,1,487
BRDA:313,66,0,20
BRDA:313,66,1,467
BRDA:315,67,0,40
BRDA:315,67,1,427
BRDA:315,68,0,467
BRDA:315,68,1,467
BRDA:319,69,0,40
BRDA:319,69,1,596
BRDA:324,70,0,228
BRDA:324,70,1,368
BRDA:326,71,0,20
BRDA:326,71,1,348
BRDA:326,72,0,368
BRDA:326,72,1,125
BRDA:326,72,2,354
BRDA:326,72,3,127
BRF:160
BRH:121
end_of_record
TN:
SF:lib/components/tripleDiffView/node.js
FN:10,_getRequireWildcardCache
FN:10,_getRequireWildcardCache
FN:12,_interopRequireWildcard
FN:14,_typeof
FN:14,_typeof
FN:14,_typeof
FN:16,_classCallCheck
FN:18,_defineProperties
FN:20,_createClass
FN:22,_inherits
FN:24,_setPrototypeOf
FN:24,_setPrototypeOf
FN:26,_createSuper
FN:26,_createSuperInternal
FN:28,_possibleConstructorReturn
FN:30,_assertThisInitialized
FN:32,_isNativeReflectConstruct
FN:32,(anonymous_17)
FN:34,_getPrototypeOf
FN:34,_getPrototypeOf
FN:37,(anonymous_20)
FN:44,sizeUp
FN:49,sizeBack
FN:54,Node
FN:71,render
FN:90,onClick
FN:93,onMouseOver
FN:96,onFocus
FN:99,onMouseOut
FN:102,onBlur
FNF:30
FNH:18
FNDA:2,_getRequireWildcardCache
FNDA:0,_getRequireWildcardCache
FNDA:2,_interopRequireWildcard
FNDA:2,_typeof
FNDA:598,_typeof
FNDA:0,_typeof
FNDA:596,_classCallCheck
FNDA:4,_defineProperties
FNDA:4,_createClass
FNDA:2,_inherits
FNDA:2,_setPrototypeOf
FNDA:0,_setPrototypeOf
FNDA:2,_createSuper
FNDA:596,_createSuperInternal
FNDA:596,_possibleConstructorReturn
FNDA:596,_assertThisInitialized
FNDA:2,_isNativeReflectConstruct
FNDA:0,(anonymous_17)
FNDA:2,_getPrototypeOf
FNDA:0,_getPrototypeOf
FNDA:2,(anonymous_20)
FNDA:0,sizeUp
FNDA:0,sizeBack
FNDA:596,Node
FNDA:596,render
FNDA:0,onClick
FNDA:0,onMouseOver
FNDA:0,onFocus
FNDA:0,onMouseOut
FNDA:0,onBlur
DA:3,2
DA:6,2
DA:8,2
DA:10,2
DA:12,56
DA:14,598
DA:16,596
DA:18,6
DA:20,4
DA:22,2
DA:24,2
DA:26,596
DA:28,596
DA:30,596
DA:32,2
DA:34,2
DA:37,2
DA:38,2
DA:40,2
DA:42,2
DA:45,0
DA:50,0
DA:57,596
DA:59,596
DA:60,596
DA:61,596
DA:69,2
DA:72,596
DA:73,596
DA:74,596
DA:75,596
DA:76,596
DA:77,596
DA:78,596
DA:79,596
DA:80,596
DA:91,0
DA:94,0
DA:97,0
DA:100,0
DA:103,0
DA:110,2
DA:113,2
DA:114,2
LF:44
LH:37
BRDA:10,0,0,0
BRDA:10,0,1,2
BRDA:12,1,0,0
BRDA:12,1,1,2
BRDA:12,2,0,2
BRDA:12,2,1,2
BRDA:12,3,0,0
BRDA:12,3,1,2
BRDA:12,4,0,2
BRDA:12,4,1,2
BRDA:12,4,2,0
BRDA:12,5,0,0
BRDA:12,5,1,2
BRDA:12,6,0,2
BRDA:12,6,1,2
BRDA:12,7,0,2
BRDA:12,7,1,2
BRDA:12,8,0,56
BRDA:12,8,1,0
BRDA:12,9,0,56
BRDA:12,9,1,0
BRDA:12,10,0,0
BRDA:12,10,1,56
BRDA:12,11,0,56
BRDA:12,11,1,56
BRDA:12,11,2,56
BRDA:12,12,0,2
BRDA:12,12,1,0
BRDA:14,13,0,2
BRDA:14,13,1,0
BRDA:14,14,0,2
BRDA:14,14,1,2
BRDA:14,15,0,0
BRDA:14,15,1,0
BRDA:14,16,0,0
BRDA:14,16,1,0
BRDA:14,16,2,0
BRDA:14,16,3,0
BRDA:16,17,0,0
BRDA:16,17,1,596
BRDA:18,18,0,6
BRDA:18,18,1,6
BRDA:18,19,0,6
BRDA:18,19,1,0
BRDA:20,20,0,2
BRDA:20,20,1,2
BRDA:20,21,0,2
BRDA:20,21,1,2
BRDA:22,22,0,0
BRDA:22,22,1,2
BRDA:22,23,0,2
BRDA:22,23,1,0
BRDA:22,24,0,2
BRDA:22,24,1,2
BRDA:22,25,0,2
BRDA:22,25,1,0
BRDA:24,26,0,2
BRDA:24,26,1,0
BRDA:26,27,0,596
BRDA:26,27,1,0
BRDA:28,28,0,596
BRDA:28,28,1,0
BRDA:28,29,0,596
BRDA:28,29,1,596
BRDA:28,29,2,0
BRDA:30,30,0,0
BRDA:30,30,1,596
BRDA:32,31,0,0
BRDA:32,31,1,2
BRDA:32,32,0,2
BRDA:32,32,1,2
BRDA:32,33,0,0
BRDA:32,33,1,2
BRDA:32,34,0,2
BRDA:32,34,1,0
BRDA:34,35,0,2
BRDA:34,35,1,0
BRDA:34,36,0,0
BRDA:34,36,1,0
BRDA:87,37,0,348
BRDA:87,37,1,248
BRF:81
BRH:49
end_of_record
TN:
SF:lib/constants/index.js
FNF:0
FNH:0
DA:3,2
DA:6,2
DA:7,2
DA:8,2
DA:9,2
DA:10,2
DA:11,2
DA:12,2
DA:13,2
DA:14,2
DA:15,2
DA:16,2
DA:17,2
DA:18,2
DA:19,2
DA:20,2
DA:21,2
DA:22,2
DA:23,2
DA:24,2
DA:25,2
DA:26,2
DA:27,2
DA:28,2
DA:29,2
DA:30,2
LF:26
LH:26
BRF:0
BRH:0
end_of_record
TN:
SF:lib/reducers/index.js
FN:11,ownKeys
FN:11,(anonymous_1)
FN:13,_objectSpread
FN:13,(anonymous_3)
FN:13,(anonymous_4)
FN:15,_defineProperty
FN:25,addToDoc
FN:51,reducers
FNF:8
FNH:6
FNDA:764,ownKeys
FNDA:0,(anonymous_1)
FNDA:764,_objectSpread
FNDA:321,(anonymous_3)
FNDA:0,(anonymous_4)
FNDA:629,_defineProperty
FNDA:308,addToDoc
FNDA:76,reducers
DA:3,3
DA:6,3
DA:7,3
DA:9,3
DA:11,764
DA:13,1146
DA:15,629
DA:17,3
DA:38,308
DA:40,308
DA:41,77
DA:44,231
DA:45,158
DA:48,73
DA:52,76
DA:53,76
DA:54,76
DA:56,76
DA:58,0
DA:63,74
DA:68,2
LF:21
LH:20
BRDA:11,0,0,764
BRDA:11,0,1,0
BRDA:11,1,0,764
BRDA:11,1,1,0
BRDA:13,2,0,1146
BRDA:13,2,1,0
BRDA:13,3,0,764
BRDA:13,3,1,382
BRDA:13,4,0,382
BRDA:13,4,1,0
BRDA:15,5,0,0
BRDA:15,5,1,629
BRDA:40,6,0,77
BRDA:40,6,1,231
BRDA:44,7,0,158
BRDA:44,7,1,73
BRDA:52,8,0,74
BRDA:52,8,1,2
BRDA:52,9,0,76
BRDA:52,9,1,76
BRDA:53,10,0,76
BRDA:53,10,1,0
BRDA:56,11,0,0
BRDA:56,11,1,74
BRDA:56,11,2,2
BRF:25
BRH:18
end_of_record
TN:
SF:lib/store/index.js
FNF:0
FNH:0
DA:3,2
DA:6,2
DA:8,2
DA:10,2
DA:13,2
DA:14,2
DA:15,2
LF:7
LH:7
BRF:0
BRH:0
end_of_record
TN:
SF:lib/utils/addPairToTempDoc.js
FN:13,addPairToTempDoc
FNF:1
FNH:1
FNDA:77,addPairToTempDoc
DA:3,3
DA:6,3
DA:8,3
DA:14,77
DA:17,3
DA:18,3
LF:6
LH:6
BRF:0
BRH:0
end_of_record
TN:
SF:lib/utils/countNestedObject.js
FN:8,_toConsumableArray
FN:10,_nonIterableSpread
FN:12,_unsupportedIterableToArray
FN:14,_iterableToArray
FN:16,_arrayWithoutHoles
FN:18,_arrayLikeToArray
FN:20,_typeof
FN:20,_typeof
FN:20,_typeof
FN:22,countNestedObject
FN:25,(anonymous_10)
FNF:11
FNH:7
FNDA:88,_toConsumableArray
FNDA:0,_nonIterableSpread
FNDA:0,_unsupportedIterableToArray
FNDA:0,_iterableToArray
FNDA:88,_arrayWithoutHoles
FNDA:88,_arrayLikeToArray
FNDA:3,_typeof
FNDA:185,_typeof
FNDA:0,_typeof
FNDA:208,countNestedObject
FNDA:304,(anonymous_10)
DA:3,3
DA:6,3
DA:8,88
DA:10,0
DA:12,0
DA:14,0
DA:16,88
DA:18,139
DA:20,185
DA:23,208
DA:24,208
DA:25,208
DA:26,304
DA:28,304
DA:29,142
DA:31,142
DA:32,140
DA:33,43
DA:34,43
DA:35,43
DA:37,97
DA:40,162
DA:41,45
DA:42,45
DA:43,45
DA:46,208
DA:49,3
DA:50,3
LF:28
LH:25
BRDA:8,0,0,88
BRDA:8,0,1,0
BRDA:8,0,2,0
BRDA:8,0,3,0
BRDA:12,1,0,0
BRDA:12,1,1,0
BRDA:12,2,0,0
BRDA:12,2,1,0
BRDA:12,3,0,0
BRDA:12,3,1,0
BRDA:12,4,0,0
BRDA:12,4,1,0
BRDA:12,5,0,0
BRDA:12,5,1,0
BRDA:12,6,0,0
BRDA:12,6,1,0
BRDA:12,7,0,0
BRDA:12,7,1,0
BRDA:12,8,0,0
BRDA:12,8,1,0
BRDA:14,9,0,0
BRDA:14,9,1,0
BRDA:14,10,0,0
BRDA:14,10,1,0
BRDA:16,11,0,88
BRDA:16,11,1,0
BRDA:18,12,0,88
BRDA:18,12,1,0
BRDA:18,13,0,88
BRDA:18,13,1,0
BRDA:20,14,0,3
BRDA:20,14,1,0
BRDA:20,15,0,3
BRDA:20,15,1,3
BRDA:20,16,0,0
BRDA:20,16,1,0
BRDA:20,17,0,0
BRDA:20,17,1,0
BRDA:20,17,2,0
BRDA:20,17,3,0
BRDA:28,18,0,142
BRDA:28,18,1,162
BRDA:28,19,0,304
BRDA:28,19,1,237
BRDA:31,20,0,140
BRDA:31,20,1,2
BRDA:32,21,0,43
BRDA:32,21,1,97
BRDA:40,22,0,45
BRDA:40,22,1,117
BRDA:40,23,0,162
BRDA:40,23,1,67
BRDA:40,23,2,45
BRF:53
BRH:20
end_of_record
TN:
SF:lib/utils/getMatchByKey.js
FN:16,getMatchByKey
FNF:1
FNH:1
FNDA:55,getMatchByKey
DA:3,1
DA:6,1
DA:17,55
DA:18,1
DA:21,54
DA:23,44
DA:24,44
DA:27,10
DA:28,9
DA:29,9
DA:32,1
DA:35,1
DA:36,1
LF:13
LH:13
BRDA:17,0,0,1
BRDA:17,0,1,54
BRDA:21,1,0,44
BRDA:21,1,1,10
BRDA:27,2,0,9
BRDA:27,2,1,1
BRF:6
BRH:6
end_of_record
TN:
SF:lib/utils/getPathsArray.js
FN:8,_toConsumableArray
FN:10,_nonIterableSpread
FN:12,_unsupportedIterableToArray
FN:14,_iterableToArray
FN:16,_arrayWithoutHoles
FN:18,_arrayLikeToArray
FN:20,_typeof
FN:20,_typeof
FN:20,_typeof
FN:28,getPathsArray
FN:32,(anonymous_10)
FNF:11
FNH:7
FNDA:8,_toConsumableArray
FNDA:0,_nonIterableSpread
FNDA:0,_unsupportedIterableToArray
FNDA:0,_iterableToArray
FNDA:8,_arrayWithoutHoles
FNDA:8,_arrayLikeToArray
FNDA:1,_typeof
FNDA:20,_typeof
FNDA:0,_typeof
FNDA:9,getPathsArray
FNDA:20,(anonymous_10)
DA:3,1
DA:6,1
DA:8,8
DA:10,0
DA:12,0
DA:14,0
DA:16,8
DA:18,66
DA:20,20
DA:29,9
DA:31,9
DA:32,9
DA:33,20
DA:34,20
DA:36,20
DA:37,8
DA:38,8
DA:40,12
DA:43,9
DA:46,1
DA:47,1
LF:21
LH:18
BRDA:8,0,0,8
BRDA:8,0,1,0
BRDA:8,0,2,0
BRDA:8,0,3,0
BRDA:12,1,0,0
BRDA:12,1,1,0
BRDA:12,2,0,0
BRDA:12,2,1,0
BRDA:12,3,0,0
BRDA:12,3,1,0
BRDA:12,4,0,0
BRDA:12,4,1,0
BRDA:12,5,0,0
BRDA:12,5,1,0
BRDA:12,6,0,0
BRDA:12,6,1,0
BRDA:12,7,0,0
BRDA:12,7,1,0
BRDA:12,8,0,0
BRDA:12,8,1,0
BRDA:14,9,0,0
BRDA:14,9,1,0
BRDA:14,10,0,0
BRDA:14,10,1,0
BRDA:16,11,0,8
BRDA:16,11,1,0
BRDA:18,12,0,8
BRDA:18,12,1,0
BRDA:18,13,0,8
BRDA:18,13,1,0
BRDA:20,14,0,1
BRDA:20,14,1,0
BRDA:20,15,0,1
BRDA:20,15,1,1
BRDA:20,16,0,0
BRDA:20,16,1,0
BRDA:20,17,0,0
BRDA:20,17,1,0
BRDA:20,17,2,0
BRDA:20,17,3,0
BRDA:36,18,0,8
BRDA:36,18,1,12
BRDA:36,19,0,20
BRDA:36,19,1,20
BRF:44
BRH:11
end_of_record
TN:
SF:lib/utils/getRevValue.js
FN:12,getRevValue
FNF:1
FNH:1
FNDA:114,getRevValue
DA:3,3
DA:6,3
DA:13,114
DA:15,114
DA:16,0
DA:19,114
DA:20,114
DA:21,114
DA:24,3
DA:25,3
LF:10
LH:9
BRDA:15,0,0,0
BRDA:15,0,1,114
BRF:2
BRH:1
end_of_record
TN:
SF:lib/utils/getValue.js
FN:15,getValue
FNF:1
FNH:1
FNDA:931,getValue
DA:3,3
DA:6,3
DA:16,931
DA:17,931
DA:19,931
DA:20,701
DA:21,701
DA:24,230
DA:27,3
DA:28,3
LF:10
LH:10
BRDA:19,0,0,701
BRDA:19,0,1,230
BRF:2
BRH:2
end_of_record
TN:
SF:src/actions/index.tsx
FN:12,(anonymous_0)
FN:17,(anonymous_1)
FNF:2
FNH:1
FNDA:74,(anonymous_0)
FNDA:0,(anonymous_1)
DA:12,74
DA:17,2
LF:2
LH:2
BRF:0
BRH:0
end_of_record
TN:
SF:src/components/app/component.tsx
FN:11,(anonymous_0)
FN:29,(anonymous_1)
FNF:2
FNH:1
FNDA:37,(anonymous_0)
FNDA:0,(anonymous_1)
DA:19,37
DA:21,37
DA:30,0
DA:31,0
LF:4
LH:2
BRF:0
BRH:0
end_of_record
TN:
SF:src/components/ldrApp/component.tsx
FN:16,(anonymous_0)
FN:45,(anonymous_1)
FN:54,(anonymous_2)
FN:63,(anonymous_3)
FN:71,(anonymous_4)
FN:85,mapStateToProps
FNF:6
FNH:2
FNDA:398,(anonymous_0)
FNDA:0,(anonymous_1)
FNDA:0,(anonymous_2)
FNDA:0,(anonymous_3)
FNDA:0,(anonymous_4)
FNDA:722,mapStateToProps
DA:24,398
DA:26,398
DA:45,0
DA:54,0
DA:63,0
DA:72,0
DA:86,722
LF:7
LH:3
BRF:0
BRH:0
end_of_record
TN:
SF:src/components/mergePanels/component.tsx
FN:32,(anonymous_0)
FN:36,(anonymous_1)
FN:40,(anonymous_2)
FN:45,(anonymous_3)
FN:52,(anonymous_4)
FN:58,(anonymous_5)
FN:70,(anonymous_6)
FN:107,(anonymous_7)
FN:109,(anonymous_8)
FN:133,(anonymous_9)
FN:137,(anonymous_10)
FN:161,(anonymous_11)
FN:163,(anonymous_12)
FNF:13
FNH:9
FNDA:0,(anonymous_0)
FNDA:74,(anonymous_1)
FNDA:76,(anonymous_2)
FNDA:76,(anonymous_3)
FNDA:37,(anonymous_4)
FNDA:37,(anonymous_5)
FNDA:37,(anonymous_6)
FNDA:0,(anonymous_7)
FNDA:76,(anonymous_8)
FNDA:0,(anonymous_9)
FNDA:76,(anonymous_10)
FNDA:0,(anonymous_11)
FNDA:76,(anonymous_12)
DA:29,2
DA:33,0
DA:37,74
DA:41,76
DA:42,76
DA:46,76
DA:53,37
DA:54,37
DA:55,37
DA:59,37
DA:71,37
DA:80,37
DA:81,37
DA:82,37
DA:83,37
DA:84,37
DA:85,37
DA:86,37
DA:88,37
DA:107,0
DA:109,76
DA:133,0
DA:137,76
DA:161,0
DA:163,76
LF:25
LH:21
BRF:0
BRH:0
end_of_record
TN:
SF:src/components/revisedPanel/component.tsx
FN:16,(anonymous_0)
FN:20,(anonymous_1)
FN:42,(anonymous_2)
FN:45,(anonymous_3)
FN:48,(anonymous_4)
FN:62,mapStateToProps
FNF:6
FNH:2
FNDA:0,(anonymous_0)
FNDA:398,(anonymous_1)
FNDA:0,(anonymous_2)
FNDA:0,(anonymous_3)
FNDA:0,(anonymous_4)
FNDA:398,mapStateToProps
DA:17,0
DA:21,398
DA:23,398
DA:42,0
DA:45,0
DA:48,0
DA:63,398
LF:7
LH:3
BRF:0
BRH:0
end_of_record
TN:
SF:src/components/tripleDiffView/component.tsx
FN:21,(anonymous_0)
FN:45,(anonymous_1)
FN:59,(anonymous_2)
FN:81,(anonymous_3)
FN:103,(anonymous_4)
FN:120,(anonymous_5)
FN:205,(anonymous_6)
FN:225,(anonymous_7)
FN:246,(anonymous_8)
FN:272,(anonymous_9)
FN:277,(anonymous_10)
FN:279,(anonymous_11)
FN:360,(anonymous_12)
FN:373,(anonymous_13)
FNF:14
FNH:10
FNDA:0,(anonymous_0)
FNDA:0,(anonymous_1)
FNDA:596,(anonymous_2)
FNDA:0,(anonymous_3)
FNDA:0,(anonymous_4)
FNDA:455,(anonymous_5)
FNDA:231,(anonymous_6)
FNDA:228,(anonymous_7)
FNDA:40,(anonymous_8)
FNDA:382,(anonymous_9)
FNDA:954,(anonymous_10)
FNDA:954,(anonymous_11)
FNDA:169,(anonymous_12)
FNDA:111,(anonymous_13)
DA:23,0
DA:25,0
DA:46,0
DA:47,0
DA:48,0
DA:49,0
DA:50,0
DA:51,0
DA:52,0
DA:62,596
DA:66,596
DA:67,71
DA:68,525
DA:69,20
DA:71,505
DA:74,596
DA:75,78
DA:81,0
DA:98,518
DA:103,0
DA:121,455
DA:123,455
DA:124,455
DA:125,455
DA:126,455
DA:127,455
DA:128,455
DA:129,455
DA:130,455
DA:131,455
DA:132,455
DA:133,455
DA:135,455
DA:137,151
DA:138,151
DA:139,151
DA:140,304
DA:141,148
DA:142,148
DA:143,148
DA:144,156
DA:145,156
DA:146,156
DA:147,156
DA:149,455
DA:150,87
DA:152,455
DA:153,181
DA:154,274
DA:155,63
DA:156,211
DA:157,0
DA:159,455
DA:160,123
DA:161,332
DA:162,73
DA:163,259
DA:164,0
DA:166,455
DA:168,286
DA:172,169
DA:174,21
DA:175,21
DA:178,21
DA:179,19
DA:181,2
DA:182,2
DA:183,2
DA:186,148
DA:188,42
DA:189,106
DA:191,52
DA:194,169
DA:206,231
DA:227,228
DA:228,228
DA:229,228
DA:230,228
DA:231,228
DA:232,228
DA:234,228
DA:236,228
DA:237,228
DA:248,40
DA:250,40
DA:273,382
DA:275,382
DA:278,954
DA:280,954
DA:281,954
DA:282,954
DA:283,954
DA:284,954
DA:286,954
DA:287,231
DA:291,723
DA:292,87
DA:297,636
DA:298,78
DA:299,558
DA:300,71
DA:301,487
DA:302,20
DA:303,467
DA:305,40
DA:308,636
DA:309,40
DA:315,596
DA:316,228
DA:321,368
DA:325,20
DA:339,348
DA:361,169
DA:362,169
DA:363,254
DA:365,169
DA:374,111
DA:376,111
DA:378,111
LF:119
LH:106
BRDA:66,0,0,71
BRDA:66,0,1,525
BRDA:68,1,0,20
BRDA:68,1,1,505
BRDA:74,2,0,78
BRDA:74,2,1,518
BRDA:135,3,0,151
BRDA:135,3,1,304
BRDA:140,4,0,148
BRDA:140,4,1,156
BRDA:144,5,0,156
BRDA:144,5,1,0
BRDA:149,6,0,87
BRDA:149,6,1,368
BRDA:152,7,0,181
BRDA:152,7,1,274
BRDA:154,8,0,63
BRDA:154,8,1,211
BRDA:156,9,0,0
BRDA:156,9,1,211
BRDA:159,10,0,123
BRDA:159,10,1,332
BRDA:161,11,0,73
BRDA:161,11,1,259
BRDA:163,12,0,0
BRDA:163,12,1,259
BRDA:166,13,0,286
BRDA:166,13,1,169
BRDA:166,14,0,455
BRDA:166,14,1,368
BRDA:166,14,2,336
BRDA:172,15,0,21
BRDA:172,15,1,148
BRDA:172,16,0,169
BRDA:172,16,1,63
BRDA:172,16,2,21
BRDA:172,16,3,21
BRDA:178,17,0,19
BRDA:178,17,1,2
BRDA:182,18,0,2
BRDA:182,18,1,0
BRDA:186,19,0,42
BRDA:186,19,1,106
BRDA:186,20,0,148
BRDA:186,20,1,42
BRDA:186,20,2,42
BRDA:186,20,3,42
BRDA:189,21,0,52
BRDA:189,21,1,54
BRDA:189,22,0,106
BRDA:189,22,1,106
BRDA:189,22,2,106
BRDA:189,22,3,52
BRDA:286,23,0,231
BRDA:286,23,1,723
BRDA:291,24,0,87
BRDA:291,24,1,636
BRDA:297,25,0,78
BRDA:297,25,1,558
BRDA:299,26,0,71
BRDA:299,26,1,487
BRDA:301,27,0,20
BRDA:301,27,1,467
BRDA:303,28,0,40
BRDA:303,28,1,427
BRDA:303,29,0,467
BRDA:303,29,1,467
BRDA:308,30,0,40
BRDA:308,30,1,596
BRDA:315,31,0,228
BRDA:315,31,1,368
BRDA:321,32,0,20
BRDA:321,32,1,348
BRDA:321,33,0,368
BRDA:321,33,1,125
BRDA:321,33,2,354
BRDA:321,33,3,127
BRF:77
BRH:73
end_of_record
TN:
SF:src/components/tripleDiffView/node.tsx
FN:23,(anonymous_0)
FN:27,(anonymous_1)
FN:31,(anonymous_2)
FN:42,(anonymous_3)
FN:56,(anonymous_4)
FN:57,(anonymous_5)
FN:58,(anonymous_6)
FN:59,(anonymous_7)
FN:60,(anonymous_8)
FNF:9
FNH:2
FNDA:0,(anonymous_0)
FNDA:0,(anonymous_1)
FNDA:596,(anonymous_2)
FNDA:596,(anonymous_3)
FNDA:0,(anonymous_4)
FNDA:0,(anonymous_5)
FNDA:0,(anonymous_6)
FNDA:0,(anonymous_7)
FNDA:0,(anonymous_8)
DA:24,0
DA:28,0
DA:32,596
DA:33,596
DA:43,596
DA:44,596
DA:45,596
DA:56,0
DA:57,0
DA:58,0
DA:59,0
DA:60,0
LF:12
LH:5
BRDA:53,0,0,348
BRDA:53,0,1,248
BRF:2
BRH:2
end_of_record
TN:
SF:src/constants/index.tsx
FNF:0
FNH:0
DA:1,2
DA:2,2
DA:3,2
DA:4,2
DA:5,2
DA:6,2
DA:7,2
DA:8,2
DA:9,2
DA:11,2
DA:13,2
DA:14,2
LF:12
LH:12
BRF:0
BRH:0
end_of_record
TN:
SF:src/reducers/index.tsx
FN:15,addToDoc
FN:37,reducers
FNF:2
FNH:2
FNDA:308,addToDoc
FNDA:76,reducers
DA:7,3
DA:27,308
DA:28,308
DA:29,77
DA:31,231
DA:32,158
DA:34,73
DA:38,76
DA:39,76
DA:41,0
DA:43,74
DA:45,2
LF:12
LH:11
BRDA:28,0,0,77
BRDA:28,0,1,231
BRDA:31,1,0,158
BRDA:31,1,1,73
BRDA:37,2,0,2
BRDA:39,3,0,0
BRDA:39,3,1,74
BRDA:39,3,2,2
BRF:8
BRH:7
end_of_record
TN:
SF:src/store/index.tsx
FNF:0
FNH:0
DA:7,2
LF:1
LH:1
BRF:0
BRH:0
end_of_record
TN:
SF:src/utils/addPairToTempDoc.js
FN:7,addPairToTempDoc
FNF:1
FNH:1
FNDA:77,addPairToTempDoc
DA:8,77
LF:1
LH:1
BRF:0
BRH:0
end_of_record
TN:
SF:src/utils/countNestedObject.js
FN:1,countNestedObject
FN:6,(anonymous_1)
FNF:2
FNH:2
FNDA:208,countNestedObject
FNDA:304,(anonymous_1)
DA:2,208
DA:4,208
DA:6,208
DA:7,304
DA:9,304
DA:10,142
DA:11,142
DA:12,140
DA:13,43
DA:14,43
DA:15,43
DA:17,97
DA:20,162
DA:21,45
DA:22,45
DA:23,45
DA:26,208
LF:17
LH:17
BRDA:9,0,0,142
BRDA:9,0,1,162
BRDA:9,1,0,304
BRDA:9,1,1,237
BRDA:11,2,0,140
BRDA:11,2,1,2
BRDA:12,3,0,43
BRDA:12,3,1,97
BRDA:20,4,0,45
BRDA:20,4,1,117
BRDA:20,5,0,162
BRDA:20,5,1,67
BRDA:20,5,2,45
BRF:13
BRH:13
end_of_record
TN:
SF:src/utils/getMatchByKey.js
FN:9,getMatchByKey
FNF:1
FNH:1
FNDA:55,getMatchByKey
DA:10,55
DA:11,1
DA:14,54
DA:16,44
DA:17,44
DA:20,10
DA:21,9
DA:22,9
DA:24,1
LF:9
LH:9
BRDA:10,0,0,1
BRDA:10,0,1,54
BRDA:14,1,0,44
BRDA:14,1,1,10
BRDA:20,2,0,9
BRDA:20,2,1,1
BRF:6
BRH:6
end_of_record
TN:
SF:src/utils/getPathsArray.js
FN:8,getPathsArray
FN:14,(anonymous_1)
FNF:2
FNH:2
FNDA:9,getPathsArray
FNDA:20,(anonymous_1)
DA:9,9
DA:12,9
DA:14,9
DA:15,20
DA:16,20
DA:18,20
DA:19,8
DA:21,8
DA:23,12
DA:27,9
LF:10
LH:10
BRDA:18,0,0,8
BRDA:18,0,1,12
BRDA:18,1,0,20
BRDA:18,1,1,20
BRF:4
BRH:4
end_of_record
TN:
SF:src/utils/getRevValue.js
FN:5,getRevValue
FNF:1
FNH:1
FNDA:114,getRevValue
DA:6,114
DA:7,114
DA:8,0
DA:10,114
DA:11,114
DA:12,114
LF:6
LH:5
BRDA:7,0,0,0
BRDA:7,0,1,114
BRF:2
BRH:1
end_of_record
TN:
SF:src/utils/getValue.js
FN:8,getValue
FNF:1
FNH:1
FNDA:931,getValue
DA:9,931
DA:10,931
DA:11,931
DA:12,701
DA:13,701
DA:15,230
LF:6
LH:6
BRDA:11,0,0,701
BRDA:11,0,1,230
BRF:2
BRH:2
end_of_record
